<?xml version="1.0" encoding="utf-8"?>
<TestRun id="dd897019-9852-4d91-b3e5-f60d7049b95b" name="@cursor 2026-09-21 16:58:11" xmlns="http://microsoft.com/schemas/VisualStudio/TeamTest/2010">
  <Times creation="2026-09-21T16:58:11.7349163+00:00" queuing="2026-09-21T16:58:11.7349163+00:00" start="2026-09-21T16:58:10.4204722+00:00" finish="2026-09-21T16:58:12.7964138+00:00" />
  <TestSettings name="default" id="3328b196-b54c-43ff-b2a3-b2a0f3a6ccb8">
    <Deployment runDeploymentRoot="_cursor_2026-09-21_16_58_11" />
  </TestSettings>
  <Results>
    <UnitTestResult executionId="e71e2d4c-2223-4a8e-b02a-aaa7c537b479" testId="66d27266-de8f-413f-0500-3db785fae6c5" testName="Bliss.Tests.Architecture.ApiSurfaceTests.Phase1_read_endpoints_are_present" computerName="cursor" duration="00:00:00.0099916" startTime="2026-09-21T16:58:11.6411799+00:00" endTime="2026-09-21T16:58:11.6411950+00:00" testType="13cdc9d9-ddb5-4fa4-a97d-d965ccfc6d4b" outcome="Passed" testListId="8c84fa94-04c1-424b-9868-57a2d4851a1d" relativeResultsDirectory="e71e2d4c-2223-4a8e-b02a-aaa7c537b479" />
    <UnitTestResult executionId="c764ae20-0b5c-46d9-a7d3-3a8236590753" testId="f267c8f9-ce40-660b-da9c-8d5c48b9994c" testName="Bliss.Tests.Persistence.Phase2SeedAndEvaluationTests.Re_evaluating_one_match_does_not_change_another_match" computerName="cursor" duration="00:00:00.0061966" startTime="2026-09-21T16:58:12.4276601+00:00" endTime="2026-09-21T16:58:12.4276602+00:00" testType="13cdc9d9-ddb5-4fa4-a97d-d965ccfc6d4b" outcome="Passed" testListId="8c84fa94-04c1-424b-9868-57a2d4851a1d" relativeResultsDirectory="c764ae20-0b5c-46d9-a7d3-3a8236590753" />
    <UnitTestResult executionId="f3378889-d885-420a-a5ed-fce99fe4401a" testId="20633f0e-45fd-6547-f2d3-17aee00ceb1b" testName="Bliss.Tests.Persistence.Phase4CreatorIngestionTests.Invalid_observation_persists_nothing" computerName="cursor" duration="00:00:00.0042650" startTime="2026-09-21T16:58:12.4121694+00:00" endTime="2026-09-21T16:58:12.4121695+00:00" testType="13cdc9d9-ddb5-4fa4-a97d-d965ccfc6d4b" outcome="Passed" testListId="8c84fa94-04c1-424b-9868-57a2d4851a1d" relativeResultsDirectory="f3378889-d885-420a-a5ed-fce99fe4401a" />
    <UnitTestResult executionId="5fbfc48a-a517-46b1-a02e-597e855a606b" testId="aae397cf-7105-7c31-d82f-4399e1cbfa61" testName="Bliss.Tests.Api.Phase6HumanReviewApiTests.Queue_lists_review_required_and_approve_then_replay_are_idempotent" computerName="cursor" duration="00:00:00.2029015" startTime="2026-09-21T16:58:12.7409575+00:00" endTime="2026-09-21T16:58:12.7409576+00:00" testType="13cdc9d9-ddb5-4fa4-a97d-d965ccfc6d4b" outcome="Passed" testListId="8c84fa94-04c1-424b-9868-57a2d4851a1d" relativeResultsDirectory="5fbfc48a-a517-46b1-a02e-597e855a606b" />
    <UnitTestResult executionId="daa62814-5dc2-4455-afc9-2dd81c285a2a" testId="0ddc4816-05ae-a087-452a-3c8559632bcd" testName="Bliss.Tests.Architecture.EfModelConstraintTests.Major_relationships_use_restrict_delete_behavior" computerName="cursor" duration="00:00:00.0024349" startTime="2026-09-21T16:58:11.7097329+00:00" endTime="2026-09-21T16:58:11.7097329+00:00" testType="13cdc9d9-ddb5-4fa4-a97d-d965ccfc6d4b" outcome="Passed" testListId="8c84fa94-04c1-424b-9868-57a2d4851a1d" relativeResultsDirectory="daa62814-5dc2-4455-afc9-2dd81c285a2a" />
    <UnitTestResult executionId="9fefc71d-c706-48fd-988a-dab1b4c76df7" testId="5089598a-7d3c-ebbb-39ac-1cf36281200a" testName="Bliss.Tests.Api.Phase5MatchFormationApiTests.Post_then_replay_exposes_one_formation_and_evaluated_match" computerName="cursor" duration="00:00:00.5275594" startTime="2026-09-21T16:58:12.7155686+00:00" endTime="2026-09-21T16:58:12.7155687+00:00" testType="13cdc9d9-ddb5-4fa4-a97d-d965ccfc6d4b" outcome="Passed" testListId="8c84fa94-04c1-424b-9868-57a2d4851a1d" relativeResultsDirectory="9fefc71d-c706-48fd-988a-dab1b4c76df7" />
    <UnitTestResult executionId="42c6466a-d8fa-4579-a93e-58a6507597cf" testId="3ddeff4f-2991-1025-4d76-efe2eff4d598" testName="Bliss.Tests.Api.Phase10ObservabilityTests.Responses_include_generated_and_accepted_request_ids" computerName="cursor" duration="00:00:00.0146275" startTime="2026-09-21T16:58:12.7305523+00:00" endTime="2026-09-21T16:58:12.7305524+00:00" testType="13cdc9d9-ddb5-4fa4-a97d-d965ccfc6d4b" outcome="Passed" testListId="8c84fa94-04c1-424b-9868-57a2d4851a1d" relativeResultsDirectory="42c6466a-d8fa-4579-a93e-58a6507597cf" />
    <UnitTestResult executionId="854af2f8-5898-44b6-aacc-64a9fc9305ec" testId="a89f7fc9-970f-99ca-cd87-0b1afa71d905" testName="Bliss.Tests.Api.Phase9RuntimeHardeningTests.Controlled_writes_are_rate_limited_per_runtime_policy" computerName="cursor" duration="00:00:01.6946050" startTime="2026-09-21T16:58:12.6078428+00:00" endTime="2026-09-21T16:58:12.6078429+00:00" testType="13cdc9d9-ddb5-4fa4-a97d-d965ccfc6d4b" outcome="Passed" testListId="8c84fa94-04c1-424b-9868-57a2d4851a1d" relativeResultsDirectory="854af2f8-5898-44b6-aacc-64a9fc9305ec" />
    <UnitTestResult executionId="29ddf619-dfa0-4988-bf6b-67a824319358" testId="f90a2ece-5f2c-eb38-4ce0-af5747c706d1" testName="Bliss.Tests.Api.Phase10ObservabilityTests.Write_throttle_events_appear_on_runtime_status" computerName="cursor" duration="00:00:00.1767941" startTime="2026-09-21T16:58:12.7142135+00:00" endTime="2026-09-21T16:58:12.7142136+00:00" testType="13cdc9d9-ddb5-4fa4-a97d-d965ccfc6d4b" outcome="Passed" testListId="8c84fa94-04c1-424b-9868-57a2d4851a1d" relativeResultsDirectory="29ddf619-dfa0-4988-bf6b-67a824319358" />
    <UnitTestResult executionId="5b8a6141-fe5a-42b8-9f75-ab097b50fe8e" testId="35e70851-9287-56c9-f6ff-18f25b74fc27" testName="Bliss.Tests.Domain.EntityDefaultTests.Advertiser_program_defaults_to_active" computerName="cursor" duration="00:00:00.0001488" startTime="2026-09-21T16:58:11.7130554+00:00" endTime="2026-09-21T16:58:11.7130554+00:00" testType="13cdc9d9-ddb5-4fa4-a97d-d965ccfc6d4b" outcome="Passed" testListId="8c84fa94-04c1-424b-9868-57a2d4851a1d" relativeResultsDirectory="5b8a6141-fe5a-42b8-9f75-ab097b50fe8e" />
    <UnitTestResult executionId="ab0ec1cd-678c-488b-b4e3-a1837817046d" testId="4c7d820b-3b32-0a41-1aae-799ae0461280" testName="Bliss.Tests.Api.FrontendTests.Frontend_assets_are_served(path: &quot;/app.js&quot;, mediaType: &quot;text/javascript&quot;)" computerName="cursor" duration="00:00:00.1131641" startTime="2026-09-21T16:58:12.6486848+00:00" endTime="2026-09-21T16:58:12.6486849+00:00" testType="13cdc9d9-ddb5-4fa4-a97d-d965ccfc6d4b" outcome="Passed" testListId="8c84fa94-04c1-424b-9868-57a2d4851a1d" relativeResultsDirectory="ab0ec1cd-678c-488b-b4e3-a1837817046d" />
    <UnitTestResult executionId="8983c754-8b82-4b51-bf2e-f4c1b833b299" testId="f2e8717f-58b0-9e3e-284a-43413cb50837" testName="Bliss.Tests.Persistence.Phase2SeedAndEvaluationTests.Unknown_demographics_creator_review_does_not_use_zero_audience" computerName="cursor" duration="00:00:00.0171640" startTime="2026-09-21T16:58:12.4214017+00:00" endTime="2026-09-21T16:58:12.4214018+00:00" testType="13cdc9d9-ddb5-4fa4-a97d-d965ccfc6d4b" outcome="Passed" testListId="8c84fa94-04c1-424b-9868-57a2d4851a1d" relativeResultsDirectory="8983c754-8b82-4b51-bf2e-f4c1b833b299" />
    <UnitTestResult executionId="0974c53d-2239-40b8-a6c8-0ca73c0034d6" testId="ce133d6a-ac45-fd10-0f01-afd4818c923f" testName="Bliss.Tests.Api.Phase8OidcSecurityTests.Anonymous_api_access_is_rejected_when_oidc_is_enabled" computerName="cursor" duration="00:00:00.2537018" startTime="2026-09-21T16:58:12.5592730+00:00" endTime="2026-09-21T16:58:12.5592731+00:00" testType="13cdc9d9-ddb5-4fa4-a97d-d965ccfc6d4b" outcome="Passed" testListId="8c84fa94-04c1-424b-9868-57a2d4851a1d" relativeResultsDirectory="0974c53d-2239-40b8-a6c8-0ca73c0034d6" />
    <UnitTestResult executionId="be462c07-f6d1-4286-93df-7bddbaeeb81f" testId="3de2f77c-754d-2cb8-4136-94f91c801c55" testName="Bliss.Tests.Api.Phase8DevelopmentAuthenticationTests.Development_session_explicitly_reports_open_mode" computerName="cursor" duration="00:00:00.3949326" startTime="2026-09-21T16:58:12.5410055+00:00" endTime="2026-09-21T16:58:12.5410056+00:00" testType="13cdc9d9-ddb5-4fa4-a97d-d965ccfc6d4b" outcome="Passed" testListId="8c84fa94-04c1-424b-9868-57a2d4851a1d" relativeResultsDirectory="be462c07-f6d1-4286-93df-7bddbaeeb81f" />
    <UnitTestResult executionId="f49d3e79-e0db-459b-a385-9368cf8cce5c" testId="714172cf-82f2-04c9-bf5f-767c89ff2692" testName="Bliss.Tests.Api.FrontendTests.Frontend_assets_are_served(path: &quot;/app.css&quot;, mediaType: &quot;text/css&quot;)" computerName="cursor" duration="00:00:00.3128515" startTime="2026-09-21T16:58:12.5295133+00:00" endTime="2026-09-21T16:58:12.5295134+00:00" testType="13cdc9d9-ddb5-4fa4-a97d-d965ccfc6d4b" outcome="Passed" testListId="8c84fa94-04c1-424b-9868-57a2d4851a1d" relativeResultsDirectory="f49d3e79-e0db-459b-a385-9368cf8cce5c" />
    <UnitTestResult executionId="586a1060-5037-4bc0-aee9-c01f2fbd6d29" testId="f7980e9f-bdec-dc48-ce88-0cc17859f196" testName="Bliss.Tests.Persistence.Phase3EvaluationAuditTests.Phase3_seed_is_additive_and_records_two_brazil_runs" computerName="cursor" duration="00:00:00.0214841" startTime="2026-09-21T16:58:12.5125994+00:00" endTime="2026-09-21T16:58:12.5125995+00:00" testType="13cdc9d9-ddb5-4fa4-a97d-d965ccfc6d4b" outcome="Passed" testListId="8c84fa94-04c1-424b-9868-57a2d4851a1d" relativeResultsDirectory="586a1060-5037-4bc0-aee9-c01f2fbd6d29" />
    <UnitTestResult executionId="e3af1f14-28ba-4033-9773-89c7fb8732a7" testId="474cce6a-04d9-358e-fadf-7b0615b767fb" testName="Bliss.Tests.Persistence.Phase6HumanReviewTests.Unknown_decision_persists_nothing" computerName="cursor" duration="00:00:00.0112142" startTime="2026-09-21T16:58:12.4393136+00:00" endTime="2026-09-21T16:58:12.4393137+00:00" testType="13cdc9d9-ddb5-4fa4-a97d-d965ccfc6d4b" outcome="Passed" testListId="8c84fa94-04c1-424b-9868-57a2d4851a1d" relativeResultsDirectory="e3af1f14-28ba-4033-9773-89c7fb8732a7" />
    <UnitTestResult executionId="4e442211-68da-4617-8c0b-37cc8696b429" testId="ea538728-2dcf-0820-96b8-cf44ab65d900" testName="Bliss.Tests.Domain.EntityDefaultTests.Network_and_program_access_default_to_unknown_independently" computerName="cursor" duration="00:00:00.0001077" startTime="2026-09-21T16:58:11.7130748+00:00" endTime="2026-09-21T16:58:11.7130748+00:00" testType="13cdc9d9-ddb5-4fa4-a97d-d965ccfc6d4b" outcome="Passed" testListId="8c84fa94-04c1-424b-9868-57a2d4851a1d" relativeResultsDirectory="4e442211-68da-4617-8c0b-37cc8696b429" />
    <UnitTestResult executionId="078451e4-ba38-4d64-b6dc-1c10db25f885" testId="9e771164-a137-49d9-c980-12eb28b21498" testName="Bliss.Tests.Persistence.Phase3EvaluationAuditTests.Re_evaluation_appends_a_run_and_does_not_delete_prior_runs" computerName="cursor" duration="00:00:00.0294357" startTime="2026-09-21T16:58:12.5420981+00:00" endTime="2026-09-21T16:58:12.5420981+00:00" testType="13cdc9d9-ddb5-4fa4-a97d-d965ccfc6d4b" outcome="Passed" testListId="8c84fa94-04c1-424b-9868-57a2d4851a1d" relativeResultsDirectory="078451e4-ba38-4d64-b6dc-1c10db25f885" />
    <UnitTestResult executionId="397af602-b654-42d8-97da-a3df06fbbfb6" testId="4dffbac9-af32-d1e8-96e7-3bf58bcd87b0" testName="Bliss.Tests.Api.Phase8DevelopmentAuthenticationTests.Authenticated_identity_replaces_submitted_operator_label" computerName="cursor" duration="00:00:00.0008661" startTime="2026-09-21T16:58:12.1472427+00:00" endTime="2026-09-21T16:58:12.1472427+00:00" testType="13cdc9d9-ddb5-4fa4-a97d-d965ccfc6d4b" outcome="Passed" testListId="8c84fa94-04c1-424b-9868-57a2d4851a1d" relativeResultsDirectory="397af602-b654-42d8-97da-a3df06fbbfb6" />
    <UnitTestResult executionId="89cb169e-20de-4af7-9bcc-d418e98b5411" testId="a7d83d3f-3fef-87b8-c59e-edd358ba4e8d" testName="Bliss.Tests.Architecture.EfModelConstraintTests.Bliss_match_creator_id_is_not_unique" computerName="cursor" duration="00:00:00.0010135" startTime="2026-09-21T16:58:11.7097093+00:00" endTime="2026-09-21T16:58:11.7097093+00:00" testType="13cdc9d9-ddb5-4fa4-a97d-d965ccfc6d4b" outcome="Passed" testListId="8c84fa94-04c1-424b-9868-57a2d4851a1d" relativeResultsDirectory="89cb169e-20de-4af7-9bcc-d418e98b5411" />
    <UnitTestResult executionId="1ebe17e6-aede-4355-8b13-532b66fdc5ae" testId="100dc352-f3cc-3a7d-1cfc-82d5e7a3fd66" testName="Bliss.Tests.Persistence.CampaignPlacementArchitectureTests.Multiple_campaign_placements_can_reference_the_same_content_item" computerName="cursor" duration="00:00:00.0087236" startTime="2026-09-21T16:58:12.3515399+00:00" endTime="2026-09-21T16:58:12.3515400+00:00" testType="13cdc9d9-ddb5-4fa4-a97d-d965ccfc6d4b" outcome="Passed" testListId="8c84fa94-04c1-424b-9868-57a2d4851a1d" relativeResultsDirectory="1ebe17e6-aede-4355-8b13-532b66fdc5ae" />
    <UnitTestResult executionId="593533bb-c01f-4640-b80b-27e2bdee5733" testId="5442b66a-c10c-45a0-f78a-c9a5d28a2702" testName="Bliss.Tests.Api.Phase7CampaignPlacementApiTests.Post_then_replay_exposes_one_planned_binding" computerName="cursor" duration="00:00:01.8154608" startTime="2026-09-21T16:58:12.7286996+00:00" endTime="2026-09-21T16:58:12.7286997+00:00" testType="13cdc9d9-ddb5-4fa4-a97d-d965ccfc6d4b" outcome="Passed" testListId="8c84fa94-04c1-424b-9868-57a2d4851a1d" relativeResultsDirectory="593533bb-c01f-4640-b80b-27e2bdee5733" />
    <UnitTestResult executionId="35434f7b-cd67-4ac0-88eb-0c7a4f7e587b" testId="e3025bda-8a4e-df13-2a95-75894d487dc2" testName="Bliss.Tests.Persistence.Phase5MatchFormationTests.Invalid_reference_and_documentless_evaluation_persist_nothing" computerName="cursor" duration="00:00:00.0063028" startTime="2026-09-21T16:58:12.3935021+00:00" endTime="2026-09-21T16:58:12.3935022+00:00" testType="13cdc9d9-ddb5-4fa4-a97d-d965ccfc6d4b" outcome="Passed" testListId="8c84fa94-04c1-424b-9868-57a2d4851a1d" relativeResultsDirectory="35434f7b-cd67-4ac0-88eb-0c7a4f7e587b" />
    <UnitTestResult executionId="d218b73e-a3fb-4261-939b-54ba49600c7e" testId="bcd89933-fbb2-940a-fc52-89e4773d39c2" testName="Bliss.Tests.Domain.EntityDefaultTests.Advertiser_opportunity_defaults_to_active" computerName="cursor" duration="00:00:00.0001046" startTime="2026-09-21T16:58:11.7130938+00:00" endTime="2026-09-21T16:58:11.7130939+00:00" testType="13cdc9d9-ddb5-4fa4-a97d-d965ccfc6d4b" outcome="Passed" testListId="8c84fa94-04c1-424b-9868-57a2d4851a1d" relativeResultsDirectory="d218b73e-a3fb-4261-939b-54ba49600c7e" />
    <UnitTestResult executionId="15daed7a-4220-4390-b901-dd290cde9473" testId="c3dfbe6a-a06d-dc4f-838a-2f4f4892eecc" testName="Bliss.Tests.Persistence.InventoryArchitectureTests.Content_item_supports_multiple_ad_inventory_slots" computerName="cursor" duration="00:00:00.0272749" startTime="2026-09-21T16:58:12.1702480+00:00" endTime="2026-09-21T16:58:12.1702481+00:00" testType="13cdc9d9-ddb5-4fa4-a97d-d965ccfc6d4b" outcome="Passed" testListId="8c84fa94-04c1-424b-9868-57a2d4851a1d" relativeResultsDirectory="15daed7a-4220-4390-b901-dd290cde9473" />
    <UnitTestResult executionId="821b8d57-37b8-497b-bfd1-e1ca6da9e2e4" testId="1ea8b1f4-4e9a-8561-695a-abb47698cd8a" testName="Bliss.Tests.Persistence.Phase4CreatorIngestionTests.First_observation_creates_canonical_creator_profile_run_and_provenance" computerName="cursor" duration="00:00:00.0065784" startTime="2026-09-21T16:58:12.4253677+00:00" endTime="2026-09-21T16:58:12.4253678+00:00" testType="13cdc9d9-ddb5-4fa4-a97d-d965ccfc6d4b" outcome="Passed" testListId="8c84fa94-04c1-424b-9868-57a2d4851a1d" relativeResultsDirectory="821b8d57-37b8-497b-bfd1-e1ca6da9e2e4" />
    <UnitTestResult executionId="45d55c8a-731a-429f-b44d-caaebecb1aad" testId="01c6cd37-6e0a-ac59-fef9-9b774a637864" testName="Bliss.Tests.Domain.EntityDefaultTests.Bliss_match_defaults_to_created" computerName="cursor" duration="00:00:00.0001448" startTime="2026-09-21T16:58:11.7130360+00:00" endTime="2026-09-21T16:58:11.7130360+00:00" testType="13cdc9d9-ddb5-4fa4-a97d-d965ccfc6d4b" outcome="Passed" testListId="8c84fa94-04c1-424b-9868-57a2d4851a1d" relativeResultsDirectory="45d55c8a-731a-429f-b44d-caaebecb1aad" />
    <UnitTestResult executionId="4e6ed756-c75a-4a04-8ee6-1b58d5985dfe" testId="ca3d08ec-edb1-62e5-2f81-afb14a457f61" testName="Bliss.Tests.Persistence.Phase3EvaluationAuditTests.Re_evaluating_one_match_does_not_change_another_match_or_its_runs" computerName="cursor" duration="00:00:00.0251290" startTime="2026-09-21T16:58:12.4910558+00:00" endTime="2026-09-21T16:58:12.4910559+00:00" testType="13cdc9d9-ddb5-4fa4-a97d-d965ccfc6d4b" outcome="Passed" testListId="8c84fa94-04c1-424b-9868-57a2d4851a1d" relativeResultsDirectory="4e6ed756-c75a-4a04-8ee6-1b58d5985dfe" />
    <UnitTestResult executionId="7c6b3486-f61a-4ef1-b4ea-64be02c338f0" testId="66ffeb4f-dce5-3602-0442-fed38a3bf0ca" testName="Bliss.Tests.Architecture.EfModelConstraintTests.Creator_platform_identity_key_is_unique_when_present" computerName="cursor" duration="00:00:00.0018857" startTime="2026-09-21T16:58:11.6498721+00:00" endTime="2026-09-21T16:58:11.6498722+00:00" testType="13cdc9d9-ddb5-4fa4-a97d-d965ccfc6d4b" outcome="Passed" testListId="8c84fa94-04c1-424b-9868-57a2d4851a1d" relativeResultsDirectory="7c6b3486-f61a-4ef1-b4ea-64be02c338f0" />
    <UnitTestResult executionId="60400963-cbf5-455e-8864-742f704db8f4" testId="a5c7492c-c4a2-91fa-fe17-981488932ccf" testName="Bliss.Tests.Persistence.Phase4CreatorIngestionTests.Same_source_and_idempotency_key_replays_without_duplicate_writes" computerName="cursor" duration="00:00:00.0019687" startTime="2026-09-21T16:58:12.4141967+00:00" endTime="2026-09-21T16:58:12.4141968+00:00" testType="13cdc9d9-ddb5-4fa4-a97d-d965ccfc6d4b" outcome="Passed" testListId="8c84fa94-04c1-424b-9868-57a2d4851a1d" relativeResultsDirectory="60400963-cbf5-455e-8864-742f704db8f4" />
    <UnitTestResult executionId="dc208bad-610a-4666-bfa9-889fa82540ec" testId="3fbec70d-7cf1-3177-01c4-fa9fd737c116" testName="Bliss.Tests.Persistence.Phase7CampaignPlacementTests.Different_keys_allow_multiple_placements_for_same_match_and_content" computerName="cursor" duration="00:00:00.0078712" startTime="2026-09-21T16:58:12.5559215+00:00" endTime="2026-09-21T16:58:12.5559216+00:00" testType="13cdc9d9-ddb5-4fa4-a97d-d965ccfc6d4b" outcome="Passed" testListId="8c84fa94-04c1-424b-9868-57a2d4851a1d" relativeResultsDirectory="dc208bad-610a-4666-bfa9-889fa82540ec" />
    <UnitTestResult executionId="12ac93b5-65c9-4fc1-ba9b-88ad5e3e47a5" testId="967fadfa-e68e-bebd-66ad-3ed83c7cc4f7" testName="Bliss.Tests.Api.Phase9RuntimeHardeningTests.Liveness_and_database_readiness_are_machine_readable" computerName="cursor" duration="00:00:00.0438911" startTime="2026-09-21T16:58:12.7059595+00:00" endTime="2026-09-21T16:58:12.7059596+00:00" testType="13cdc9d9-ddb5-4fa4-a97d-d965ccfc6d4b" outcome="Passed" testListId="8c84fa94-04c1-424b-9868-57a2d4851a1d" relativeResultsDirectory="12ac93b5-65c9-4fc1-ba9b-88ad5e3e47a5" />
    <UnitTestResult executionId="415ae98c-1a5e-406e-bbff-add604806e3f" testId="d5e41786-afb1-c9e9-5845-afc657d47df4" testName="Bliss.Tests.Persistence.UnknownDemographicTests.Unknown_female_percentage_remains_null_and_is_not_converted_to_zero" computerName="cursor" duration="00:00:00.0173806" startTime="2026-09-21T16:58:12.1876102+00:00" endTime="2026-09-21T16:58:12.1876103+00:00" testType="13cdc9d9-ddb5-4fa4-a97d-d965ccfc6d4b" outcome="Passed" testListId="8c84fa94-04c1-424b-9868-57a2d4851a1d" relativeResultsDirectory="415ae98c-1a5e-406e-bbff-add604806e3f" />
    <UnitTestResult executionId="48c8a11f-382d-465b-a3c7-c428fc09e75a" testId="8f1e23ec-b18e-6fd8-9035-546076daf466" testName="Bliss.Tests.Api.Phase4CreatorIngestionApiTests.Invalid_observation_returns_bad_request" computerName="cursor" duration="00:00:00.0181516" startTime="2026-09-21T16:58:12.7235989+00:00" endTime="2026-09-21T16:58:12.7235990+00:00" testType="13cdc9d9-ddb5-4fa4-a97d-d965ccfc6d4b" outcome="Passed" testListId="8c84fa94-04c1-424b-9868-57a2d4851a1d" relativeResultsDirectory="48c8a11f-382d-465b-a3c7-c428fc09e75a" />
    <UnitTestResult executionId="ceed0a6b-d9f2-4731-9a5d-234d5ff0e0b0" testId="41d2316c-b8be-4ba6-9a2f-833219ceeec8" testName="Bliss.Tests.Persistence.BlissMatchArchitectureTests.New_bliss_match_does_not_overwrite_another_valid_match" computerName="cursor" duration="00:00:00.0020627" startTime="2026-09-21T16:58:12.4809458+00:00" endTime="2026-09-21T16:58:12.4809459+00:00" testType="13cdc9d9-ddb5-4fa4-a97d-d965ccfc6d4b" outcome="Passed" testListId="8c84fa94-04c1-424b-9868-57a2d4851a1d" relativeResultsDirectory="ceed0a6b-d9f2-4731-9a5d-234d5ff0e0b0" />
    <UnitTestResult executionId="42bddd11-654d-4bb3-bf82-242befcb25fb" testId="8b91968f-0bb5-78c4-ad2e-6cca0d4e6d4a" testName="Bliss.Tests.Persistence.Phase6HumanReviewTests.Created_match_without_review_status_is_rejected_and_persists_nothing" computerName="cursor" duration="00:00:00.0155036" startTime="2026-09-21T16:58:12.4733307+00:00" endTime="2026-09-21T16:58:12.4733308+00:00" testType="13cdc9d9-ddb5-4fa4-a97d-d965ccfc6d4b" outcome="Passed" testListId="8c84fa94-04c1-424b-9868-57a2d4851a1d" relativeResultsDirectory="42bddd11-654d-4bb3-bf82-242befcb25fb" />
    <UnitTestResult executionId="d3a41ffb-d350-495e-a430-21faaab75aa5" testId="67520dfc-ef04-5805-d900-05bbc76473c5" testName="Bliss.Tests.Architecture.EfModelConstraintTests.There_is_no_direct_creator_to_advertiser_foreign_key" computerName="cursor" duration="00:00:00.0019664" startTime="2026-09-21T16:58:11.7095950+00:00" endTime="2026-09-21T16:58:11.7095951+00:00" testType="13cdc9d9-ddb5-4fa4-a97d-d965ccfc6d4b" outcome="Passed" testListId="8c84fa94-04c1-424b-9868-57a2d4851a1d" relativeResultsDirectory="d3a41ffb-d350-495e-a430-21faaab75aa5" />
    <UnitTestResult executionId="243bb548-672b-4829-bef0-6b6c5aad8a1a" testId="c72ca6e0-1d99-7efb-a420-53958ad1e17d" testName="Bliss.Tests.Architecture.EfModelConstraintTests.Campaign_placement_content_item_id_is_not_unique" computerName="cursor" duration="00:00:00.0044687" startTime="2026-09-21T16:58:11.7095727+00:00" endTime="2026-09-21T16:58:11.7095728+00:00" testType="13cdc9d9-ddb5-4fa4-a97d-d965ccfc6d4b" outcome="Passed" testListId="8c84fa94-04c1-424b-9868-57a2d4851a1d" relativeResultsDirectory="243bb548-672b-4829-bef0-6b6c5aad8a1a" />
    <UnitTestResult executionId="303622db-a94b-4727-bd0d-64704cc942be" testId="f6d1c29e-6bf4-3d08-da88-f02b14b5277c" testName="Bliss.Tests.Architecture.EfModelConstraintTests.Match_formation_source_and_idempotency_key_are_unique_together" computerName="cursor" duration="00:00:00.0011408" startTime="2026-09-21T16:58:11.7097522+00:00" endTime="2026-09-21T16:58:11.7097522+00:00" testType="13cdc9d9-ddb5-4fa4-a97d-d965ccfc6d4b" outcome="Passed" testListId="8c84fa94-04c1-424b-9868-57a2d4851a1d" relativeResultsDirectory="303622db-a94b-4727-bd0d-64704cc942be" />
    <UnitTestResult executionId="a8fa04dd-f735-4fe9-a25f-930ddec7564d" testId="c50db96f-878d-d17e-e727-c48cc8150eff" testName="Bliss.Tests.Architecture.EfModelConstraintTests.Female_percentage_is_nullable" computerName="cursor" duration="00:00:00.0014361" startTime="2026-09-21T16:58:11.7096397+00:00" endTime="2026-09-21T16:58:11.7096398+00:00" testType="13cdc9d9-ddb5-4fa4-a97d-d965ccfc6d4b" outcome="Passed" testListId="8c84fa94-04c1-424b-9868-57a2d4851a1d" relativeResultsDirectory="a8fa04dd-f735-4fe9-a25f-930ddec7564d" />
    <UnitTestResult executionId="7bce9bda-ccb4-453e-a990-38bd83ddc1f0" testId="ead06bba-0420-349d-eafb-fee9f6e3ed82" testName="Bliss.Tests.Persistence.Phase3EvaluationAuditTests.Unknown_demographics_are_still_not_zero_after_phase3_seed" computerName="cursor" duration="00:00:00.0161778" startTime="2026-09-21T16:58:12.4658555+00:00" endTime="2026-09-21T16:58:12.4658556+00:00" testType="13cdc9d9-ddb5-4fa4-a97d-d965ccfc6d4b" outcome="Passed" testListId="8c84fa94-04c1-424b-9868-57a2d4851a1d" relativeResultsDirectory="7bce9bda-ccb4-453e-a990-38bd83ddc1f0" />
    <UnitTestResult executionId="155881bd-ad7b-4463-b3b0-6a0c20f17405" testId="db3f1c3e-8669-9f4a-013b-8f830ecb0102" testName="Bliss.Tests.Architecture.EfModelConstraintTests.Campaign_placement_run_idempotency_is_unique_but_business_keys_are_not" computerName="cursor" duration="00:00:00.0034056" startTime="2026-09-21T16:58:11.7096858+00:00" endTime="2026-09-21T16:58:11.7096859+00:00" testType="13cdc9d9-ddb5-4fa4-a97d-d965ccfc6d4b" outcome="Passed" testListId="8c84fa94-04c1-424b-9868-57a2d4851a1d" relativeResultsDirectory="155881bd-ad7b-4463-b3b0-6a0c20f17405" />
    <UnitTestResult executionId="8913e026-5f9a-48b0-8b67-afc5fa810c43" testId="c991d358-0d5d-c546-1a76-f6a61a1bfbfe" testName="Bliss.Tests.Api.FrontendTests.Root_serves_the_operations_frontend" computerName="cursor" duration="00:00:00.0354946" startTime="2026-09-21T16:58:12.6845835+00:00" endTime="2026-09-21T16:58:12.6845836+00:00" testType="13cdc9d9-ddb5-4fa4-a97d-d965ccfc6d4b" outcome="Passed" testListId="8c84fa94-04c1-424b-9868-57a2d4851a1d" relativeResultsDirectory="8913e026-5f9a-48b0-8b67-afc5fa810c43" />
    <UnitTestResult executionId="eb99ea0d-6b34-4652-b133-d9a4847b962f" testId="297cb8c0-1754-5d2e-e0f1-2a366f018a95" testName="Bliss.Tests.Persistence.BlissMatchArchitectureTests.Creator_supports_multiple_simultaneous_bliss_matches_without_uniqueness_violation" computerName="cursor" duration="00:00:00.0052218" startTime="2026-09-21T16:58:12.4795975+00:00" endTime="2026-09-21T16:58:12.4795976+00:00" testType="13cdc9d9-ddb5-4fa4-a97d-d965ccfc6d4b" outcome="Passed" testListId="8c84fa94-04c1-424b-9868-57a2d4851a1d" relativeResultsDirectory="eb99ea0d-6b34-4652-b133-d9a4847b962f" />
    <UnitTestResult executionId="54dbc62f-bea4-484d-9aad-334f8bceae0b" testId="866a8a34-bd9f-aef8-7732-926ab622df12" testName="Bliss.Tests.Api.Phase5MatchFormationApiTests.Invalid_reference_returns_bad_request_without_formation" computerName="cursor" duration="00:00:00.0146855" startTime="2026-09-21T16:58:12.7303433+00:00" endTime="2026-09-21T16:58:12.7303434+00:00" testType="13cdc9d9-ddb5-4fa4-a97d-d965ccfc6d4b" outcome="Passed" testListId="8c84fa94-04c1-424b-9868-57a2d4851a1d" relativeResultsDirectory="54dbc62f-bea4-484d-9aad-334f8bceae0b" />
    <UnitTestResult executionId="6f33ad01-c589-4dbe-9553-2cba3752fc38" testId="1e415a42-03e2-71a4-8c24-14b6c94e5ba9" testName="Bliss.Tests.Persistence.Phase5MatchFormationTests.Different_keys_allow_many_matches_for_one_creator" computerName="cursor" duration="00:00:00.6035951" startTime="2026-09-21T16:58:12.2297695+00:00" endTime="2026-09-21T16:58:12.2297696+00:00" testType="13cdc9d9-ddb5-4fa4-a97d-d965ccfc6d4b" outcome="Passed" testListId="8c84fa94-04c1-424b-9868-57a2d4851a1d" relativeResultsDirectory="6f33ad01-c589-4dbe-9553-2cba3752fc38" />
    <UnitTestResult executionId="17dead0c-fffc-4504-8371-16ecb5a8206f" testId="f9945cae-e572-88f4-a248-4436714c14d9" testName="Bliss.Tests.Persistence.Phase6HumanReviewTests.Approve_moves_review_required_match_and_writes_immutable_decision" computerName="cursor" duration="00:00:00.0181922" startTime="2026-09-21T16:58:12.4576705+00:00" endTime="2026-09-21T16:58:12.4576706+00:00" testType="13cdc9d9-ddb5-4fa4-a97d-d965ccfc6d4b" outcome="Passed" testListId="8c84fa94-04c1-424b-9868-57a2d4851a1d" relativeResultsDirectory="17dead0c-fffc-4504-8371-16ecb5a8206f" />
    <UnitTestResult executionId="49702044-98f5-4e91-af98-0b5434286bed" testId="a933709b-bd84-bb0a-cb75-26e765f1ab07" testName="Bliss.Tests.Persistence.Phase6HumanReviewTests.Replay_returns_original_and_writes_nothing" computerName="cursor" duration="00:00:00.0770811" startTime="2026-09-21T16:58:12.4279517+00:00" endTime="2026-09-21T16:58:12.4279518+00:00" testType="13cdc9d9-ddb5-4fa4-a97d-d965ccfc6d4b" outcome="Passed" testListId="8c84fa94-04c1-424b-9868-57a2d4851a1d" relativeResultsDirectory="49702044-98f5-4e91-af98-0b5434286bed" />
    <UnitTestResult executionId="d07c5d98-72fc-47a6-af68-f644da4f4976" testId="e5bd266c-e764-9035-1e4b-67759a572b90" testName="Bliss.Tests.Api.Phase2ApiTests.Campaigns_and_networks_return_phase2_records" computerName="cursor" duration="00:00:00.5707797" startTime="2026-09-21T16:58:12.6526516+00:00" endTime="2026-09-21T16:58:12.6526516+00:00" testType="13cdc9d9-ddb5-4fa4-a97d-d965ccfc6d4b" outcome="Passed" testListId="8c84fa94-04c1-424b-9868-57a2d4851a1d" relativeResultsDirectory="d07c5d98-72fc-47a6-af68-f644da4f4976" />
    <UnitTestResult executionId="2b7f892a-de32-4e90-9f3b-cd20c7b4031a" testId="b2aa40b2-1813-6fda-b3f6-cdae423561a5" testName="Bliss.Tests.Api.Phase3ApiTests.Evaluation_runs_are_visible_and_match_history_is_listed" computerName="cursor" duration="00:00:00.0417008" startTime="2026-09-21T16:58:12.7302751+00:00" endTime="2026-09-21T16:58:12.7302751+00:00" testType="13cdc9d9-ddb5-4fa4-a97d-d965ccfc6d4b" outcome="Passed" testListId="8c84fa94-04c1-424b-9868-57a2d4851a1d" relativeResultsDirectory="2b7f892a-de32-4e90-9f3b-cd20c7b4031a" />
    <UnitTestResult executionId="24223817-9536-4a46-bee7-f5bc18a7b9fe" testId="d360cdc0-0524-f6d1-17d3-50ff5c12a6ef" testName="Bliss.Tests.Domain.DeterministicRuleEvaluatorTests.Missing_document_throws" computerName="cursor" duration="00:00:00.0003691" startTime="2026-09-21T16:58:12.4981079+00:00" endTime="2026-09-21T16:58:12.4981080+00:00" testType="13cdc9d9-ddb5-4fa4-a97d-d965ccfc6d4b" outcome="Passed" testListId="8c84fa94-04c1-424b-9868-57a2d4851a1d" relativeResultsDirectory="24223817-9536-4a46-bee7-f5bc18a7b9fe" />
    <UnitTestResult executionId="1be4c8bb-067f-4174-ad5b-0c81c8dd694f" testId="640281c2-d2c6-614b-9d1b-15b361eeede1" testName="Bliss.Tests.Persistence.Phase2SeedAndEvaluationTests.Phase2_brazil_match_is_approved_and_ph_to_br_is_ineligible" computerName="cursor" duration="00:00:00.0211963" startTime="2026-09-21T16:58:12.4041626+00:00" endTime="2026-09-21T16:58:12.4041627+00:00" testType="13cdc9d9-ddb5-4fa4-a97d-d965ccfc6d4b" outcome="Passed" testListId="8c84fa94-04c1-424b-9868-57a2d4851a1d" relativeResultsDirectory="1be4c8bb-067f-4174-ad5b-0c81c8dd694f" />
    <UnitTestResult executionId="5929b91e-8843-432b-a239-08484fc83304" testId="e1fd9b8c-ba82-6cde-3208-9a5bda7c35fd" testName="Bliss.Tests.Persistence.SeedDataTests.Phase1_seed_creates_required_graph" computerName="cursor" duration="00:00:00.0309900" startTime="2026-09-21T16:58:12.3425347+00:00" endTime="2026-09-21T16:58:12.3425348+00:00" testType="13cdc9d9-ddb5-4fa4-a97d-d965ccfc6d4b" outcome="Passed" testListId="8c84fa94-04c1-424b-9868-57a2d4851a1d" relativeResultsDirectory="5929b91e-8843-432b-a239-08484fc83304" />
    <UnitTestResult executionId="66fcab70-3e70-46f5-99fd-1ec1137df927" testId="b2d61875-979d-58c0-3d13-2449d06a1c37" testName="Bliss.Tests.Persistence.DataProvenanceTests.Data_provenance_retains_source_confidence_and_collected_at" computerName="cursor" duration="00:00:00.0102915" startTime="2026-09-21T16:58:12.4918637+00:00" endTime="2026-09-21T16:58:12.4918638+00:00" testType="13cdc9d9-ddb5-4fa4-a97d-d965ccfc6d4b" outcome="Passed" testListId="8c84fa94-04c1-424b-9868-57a2d4851a1d" relativeResultsDirectory="66fcab70-3e70-46f5-99fd-1ec1137df927" />
    <UnitTestResult executionId="bb60a648-0e19-4bc8-bd9b-e83c50f74c37" testId="99fda879-3bb6-899b-c11a-6afa25c9c800" testName="Bliss.Tests.Domain.EntityDefaultTests.Data_provenance_confidence_defaults_to_unknown" computerName="cursor" duration="00:00:00.0002095" startTime="2026-09-21T16:58:11.7130036+00:00" endTime="2026-09-21T16:58:11.7130037+00:00" testType="13cdc9d9-ddb5-4fa4-a97d-d965ccfc6d4b" outcome="Passed" testListId="8c84fa94-04c1-424b-9868-57a2d4851a1d" relativeResultsDirectory="bb60a648-0e19-4bc8-bd9b-e83c50f74c37" />
    <UnitTestResult executionId="dba19471-4201-4cfe-bd1f-f88d49e85976" testId="c6553402-7056-c61d-c5a4-bb470a31253b" testName="Bliss.Tests.Persistence.Phase5MatchFormationTests.Replay_returns_original_and_writes_nothing" computerName="cursor" duration="00:00:00.1307919" startTime="2026-09-21T16:58:12.3607281+00:00" endTime="2026-09-21T16:58:12.3607282+00:00" testType="13cdc9d9-ddb5-4fa4-a97d-d965ccfc6d4b" outcome="Passed" testListId="8c84fa94-04c1-424b-9868-57a2d4851a1d" relativeResultsDirectory="dba19471-4201-4cfe-bd1f-f88d49e85976" />
    <UnitTestResult executionId="14652f50-d45b-42dc-ba17-4abd839ff3c3" testId="1d7953a8-6241-ef89-345a-e130ddbad075" testName="Bliss.Tests.Api.Phase3ApiTests.Evaluate_rules_appends_a_run_visible_on_the_api" computerName="cursor" duration="00:00:00.2628890" startTime="2026-09-21T16:58:12.6885929+00:00" endTime="2026-09-21T16:58:12.6885930+00:00" testType="13cdc9d9-ddb5-4fa4-a97d-d965ccfc6d4b" outcome="Passed" testListId="8c84fa94-04c1-424b-9868-57a2d4851a1d" relativeResultsDirectory="14652f50-d45b-42dc-ba17-4abd839ff3c3" />
    <UnitTestResult executionId="01dcdee4-3c9b-418d-a56e-9d923c5610cb" testId="f62de53f-b3e9-cb02-b1bd-bed65cabcac2" testName="Bliss.Tests.Persistence.Phase7CampaignPlacementTests.Replay_returns_original_and_does_not_duplicate" computerName="cursor" duration="00:00:00.0984023" startTime="2026-09-21T16:58:12.4969735+00:00" endTime="2026-09-21T16:58:12.4969735+00:00" testType="13cdc9d9-ddb5-4fa4-a97d-d965ccfc6d4b" outcome="Passed" testListId="8c84fa94-04c1-424b-9868-57a2d4851a1d" relativeResultsDirectory="01dcdee4-3c9b-418d-a56e-9d923c5610cb" />
    <UnitTestResult executionId="81c2b511-79e1-4711-a166-e35543fc2ffe" testId="3925efb9-9c12-2bed-b115-f0693ba87cc8" testName="Bliss.Tests.Domain.DeterministicRuleEvaluatorTests.Country_mismatch_is_geo_not_eligible_and_does_not_use_ai" computerName="cursor" duration="00:00:00.0037149" startTime="2026-09-21T16:58:12.5044488+00:00" endTime="2026-09-21T16:58:12.5044488+00:00" testType="13cdc9d9-ddb5-4fa4-a97d-d965ccfc6d4b" outcome="Passed" testListId="8c84fa94-04c1-424b-9868-57a2d4851a1d" relativeResultsDirectory="81c2b511-79e1-4711-a166-e35543fc2ffe" />
    <UnitTestResult executionId="1fc4c157-b4cb-4d4b-9ced-385dd84c43d1" testId="d5229300-ba34-a1ea-8a15-238ee6315b58" testName="Bliss.Tests.Persistence.Phase4CreatorIngestionTests.Same_external_id_on_different_platform_is_a_distinct_identity" computerName="cursor" duration="00:00:00.0044799" startTime="2026-09-21T16:58:12.4187357+00:00" endTime="2026-09-21T16:58:12.4187358+00:00" testType="13cdc9d9-ddb5-4fa4-a97d-d965ccfc6d4b" outcome="Passed" testListId="8c84fa94-04c1-424b-9868-57a2d4851a1d" relativeResultsDirectory="1fc4c157-b4cb-4d4b-9ced-385dd84c43d1" />
    <UnitTestResult executionId="b9427aa7-7057-4c7a-b67f-522b8563891c" testId="dc06a432-46fb-e3c6-2f96-2f8334ff30ba" testName="Bliss.Tests.Api.Phase4CreatorIngestionApiTests.Post_then_replay_returns_created_then_ok_with_same_run" computerName="cursor" duration="00:00:01.7917017" startTime="2026-09-21T16:58:12.7059777+00:00" endTime="2026-09-21T16:58:12.7059778+00:00" testType="13cdc9d9-ddb5-4fa4-a97d-d965ccfc6d4b" outcome="Passed" testListId="8c84fa94-04c1-424b-9868-57a2d4851a1d" relativeResultsDirectory="b9427aa7-7057-4c7a-b67f-522b8563891c" />
    <UnitTestResult executionId="87ae182f-9cca-400d-8358-16191e2396bc" testId="874676bf-57e1-b653-48ea-7167e517e596" testName="Bliss.Tests.Architecture.EfModelConstraintTests.Match_review_source_and_idempotency_key_are_unique_together" computerName="cursor" duration="00:00:00.0035865" startTime="2026-09-21T16:58:11.6490117+00:00" endTime="2026-09-21T16:58:11.6490118+00:00" testType="13cdc9d9-ddb5-4fa4-a97d-d965ccfc6d4b" outcome="Passed" testListId="8c84fa94-04c1-424b-9868-57a2d4851a1d" relativeResultsDirectory="87ae182f-9cca-400d-8358-16191e2396bc" />
    <UnitTestResult executionId="0d834c98-f96b-427d-8aa6-6790a84e9512" testId="6251f72e-3558-9793-ecd3-f26416e2f718" testName="Bliss.Tests.Persistence.Phase2SeedAndEvaluationTests.Second_seed_is_idempotent" computerName="cursor" duration="00:00:00.0080675" startTime="2026-09-21T16:58:12.4357753+00:00" endTime="2026-09-21T16:58:12.4357754+00:00" testType="13cdc9d9-ddb5-4fa4-a97d-d965ccfc6d4b" outcome="Passed" testListId="8c84fa94-04c1-424b-9868-57a2d4851a1d" relativeResultsDirectory="0d834c98-f96b-427d-8aa6-6790a84e9512" />
    <UnitTestResult executionId="2dc5e90a-d32e-410e-88bb-7b401d0560e1" testId="5cf95232-9bd9-6699-ec19-8401b329dc11" testName="Bliss.Tests.Persistence.Phase7CampaignPlacementTests.Approved_match_binds_to_creator_inventory_without_delivery_mutation" computerName="cursor" duration="00:00:00.0508271" startTime="2026-09-21T16:58:12.5478783+00:00" endTime="2026-09-21T16:58:12.5478783+00:00" testType="13cdc9d9-ddb5-4fa4-a97d-d965ccfc6d4b" outcome="Passed" testListId="8c84fa94-04c1-424b-9868-57a2d4851a1d" relativeResultsDirectory="2dc5e90a-d32e-410e-88bb-7b401d0560e1" />
    <UnitTestResult executionId="2c426c8d-8911-4ef8-a807-8e47a16e3aa2" testId="d097ad65-b6c0-fffb-3879-e475cefe8ac5" testName="Bliss.Tests.Persistence.Phase7CampaignPlacementTests.Nonapproved_match_and_graph_mismatches_persist_nothing" computerName="cursor" duration="00:00:00.0160810" startTime="2026-09-21T16:58:12.5720470+00:00" endTime="2026-09-21T16:58:12.5720471+00:00" testType="13cdc9d9-ddb5-4fa4-a97d-d965ccfc6d4b" outcome="Passed" testListId="8c84fa94-04c1-424b-9868-57a2d4851a1d" relativeResultsDirectory="2c426c8d-8911-4ef8-a807-8e47a16e3aa2" />
    <UnitTestResult executionId="954603be-5df4-4bb4-bae0-889f37905b99" testId="e94f3b6f-00f3-57f5-33d1-1df6be780c7d" testName="Bliss.Tests.Api.Phase8OidcSecurityTests.Roles_and_csrf_both_gate_operator_writes" computerName="cursor" duration="00:00:00.1547967" startTime="2026-09-21T16:58:12.7142288+00:00" endTime="2026-09-21T16:58:12.7142289+00:00" testType="13cdc9d9-ddb5-4fa4-a97d-d965ccfc6d4b" outcome="Passed" testListId="8c84fa94-04c1-424b-9868-57a2d4851a1d" relativeResultsDirectory="954603be-5df4-4bb4-bae0-889f37905b99" />
    <UnitTestResult executionId="5d162e92-7ea1-4228-b3f7-84e748544eb0" testId="f1127ca1-0408-0fdd-c6b9-59d9442f2f64" testName="Bliss.Tests.Api.Phase6HumanReviewApiTests.Created_match_cannot_be_approved" computerName="cursor" duration="00:00:01.6130233" startTime="2026-09-21T16:58:12.5373927+00:00" endTime="2026-09-21T16:58:12.5373928+00:00" testType="13cdc9d9-ddb5-4fa4-a97d-d965ccfc6d4b" outcome="Passed" testListId="8c84fa94-04c1-424b-9868-57a2d4851a1d" relativeResultsDirectory="5d162e92-7ea1-4228-b3f7-84e748544eb0" />
    <UnitTestResult executionId="6056d695-48f2-4ed3-b25e-2c2ffb01a27e" testId="e3a4d65d-d083-473d-a7fb-e6f709c83a60" testName="Bliss.Tests.Domain.DeterministicRuleEvaluatorTests.Unknown_audience_is_review_required_not_zero" computerName="cursor" duration="00:00:00.0012177" startTime="2026-09-21T16:58:12.5004901+00:00" endTime="2026-09-21T16:58:12.5004902+00:00" testType="13cdc9d9-ddb5-4fa4-a97d-d965ccfc6d4b" outcome="Passed" testListId="8c84fa94-04c1-424b-9868-57a2d4851a1d" relativeResultsDirectory="6056d695-48f2-4ed3-b25e-2c2ffb01a27e" />
    <UnitTestResult executionId="464e8018-7d12-4eef-a22b-477d0bcacf58" testId="9f3e07ce-afad-7dfa-510f-7a044ae6c202" testName="Bliss.Tests.Persistence.Phase5MatchFormationTests.Controlled_formation_creates_and_evaluates_audited_match" computerName="cursor" duration="00:00:00.0251049" startTime="2026-09-21T16:58:12.3860007+00:00" endTime="2026-09-21T16:58:12.3860008+00:00" testType="13cdc9d9-ddb5-4fa4-a97d-d965ccfc6d4b" outcome="Passed" testListId="8c84fa94-04c1-424b-9868-57a2d4851a1d" relativeResultsDirectory="464e8018-7d12-4eef-a22b-477d0bcacf58" />
    <UnitTestResult executionId="558f2de6-c62a-478e-8efc-501ab8715250" testId="a7879089-b2bc-1b17-b4b3-ed7fc786e30d" testName="Bliss.Tests.Persistence.Phase3EvaluationAuditTests.Second_phase3_seed_is_idempotent" computerName="cursor" duration="00:00:00.0136544" startTime="2026-09-21T16:58:12.4496096+00:00" endTime="2026-09-21T16:58:12.4496098+00:00" testType="13cdc9d9-ddb5-4fa4-a97d-d965ccfc6d4b" outcome="Passed" testListId="8c84fa94-04c1-424b-9868-57a2d4851a1d" relativeResultsDirectory="558f2de6-c62a-478e-8efc-501ab8715250" />
    <UnitTestResult executionId="0e755cca-e6f7-495f-b5be-730359e024a7" testId="d1605941-48e0-fbcc-1be8-0ec6b9950d4d" testName="Bliss.Tests.Domain.DeterministicRuleEvaluatorTests.Matching_country_and_language_is_approved" computerName="cursor" duration="00:00:00.0037442" startTime="2026-09-21T16:58:12.4958007+00:00" endTime="2026-09-21T16:58:12.4958008+00:00" testType="13cdc9d9-ddb5-4fa4-a97d-d965ccfc6d4b" outcome="Passed" testListId="8c84fa94-04c1-424b-9868-57a2d4851a1d" relativeResultsDirectory="0e755cca-e6f7-495f-b5be-730359e024a7" />
    <UnitTestResult executionId="873dbfe9-b418-4448-b1ab-4fc6a1ae8424" testId="a6c5f346-88ad-0dc2-4d93-2ee0a56ab127" testName="Bliss.Tests.Persistence.Phase4CreatorIngestionTests.New_observation_for_existing_identity_updates_without_duplicate_creator" computerName="cursor" duration="00:00:00.0340030" startTime="2026-09-21T16:58:12.4078416+00:00" endTime="2026-09-21T16:58:12.4078416+00:00" testType="13cdc9d9-ddb5-4fa4-a97d-d965ccfc6d4b" outcome="Passed" testListId="8c84fa94-04c1-424b-9868-57a2d4851a1d" relativeResultsDirectory="873dbfe9-b418-4448-b1ab-4fc6a1ae8424" />
    <UnitTestResult executionId="b1f16494-ccb4-41c1-80a8-9f18bd5d1f57" testId="9ff146d5-22b5-53ad-bc7f-f19c8004d0d7" testName="Bliss.Tests.Architecture.EfModelConstraintTests.Creator_ingestion_source_and_idempotency_key_are_unique_together" computerName="cursor" duration="00:00:00.0006579" startTime="2026-09-21T16:58:11.6493121+00:00" endTime="2026-09-21T16:58:11.6493122+00:00" testType="13cdc9d9-ddb5-4fa4-a97d-d965ccfc6d4b" outcome="Passed" testListId="8c84fa94-04c1-424b-9868-57a2d4851a1d" relativeResultsDirectory="b1f16494-ccb4-41c1-80a8-9f18bd5d1f57" />
    <UnitTestResult executionId="56e1b996-d322-4931-bc0d-90a27ecf084b" testId="aabaad12-1068-7e2d-7c3a-ba50f49c64cc" testName="Bliss.Tests.Persistence.HistoricalRuleVersionTests.Historical_bliss_match_preserves_original_rule_version" computerName="cursor" duration="00:00:00.3716631" startTime="2026-09-21T16:58:12.0827274+00:00" endTime="2026-09-21T16:58:12.0827274+00:00" testType="13cdc9d9-ddb5-4fa4-a97d-d965ccfc6d4b" outcome="Passed" testListId="8c84fa94-04c1-424b-9868-57a2d4851a1d" relativeResultsDirectory="56e1b996-d322-4931-bc0d-90a27ecf084b" />
    <UnitTestResult executionId="279e5e77-6f69-4aab-892b-345f44c6bdde" testId="cc70eb97-9fa2-4393-16f1-399dcb17deac" testName="Bliss.Tests.Architecture.EfModelConstraintTests.Required_foreign_key_indexes_exist" computerName="cursor" duration="00:00:00.0029023" startTime="2026-09-21T16:58:11.7094186+00:00" endTime="2026-09-21T16:58:11.7094186+00:00" testType="13cdc9d9-ddb5-4fa4-a97d-d965ccfc6d4b" outcome="Passed" testListId="8c84fa94-04c1-424b-9868-57a2d4851a1d" relativeResultsDirectory="279e5e77-6f69-4aab-892b-345f44c6bdde" />
    <UnitTestResult executionId="546cbadc-97b8-47ce-a335-6cb8fd2eb748" testId="98dbc649-71e0-bb39-317b-3d32ce76601f" testName="Bliss.Tests.Api.Phase10ObservabilityTests.Invalid_request_ids_are_replaced" computerName="cursor" duration="00:00:00.8421423" startTime="2026-09-21T16:58:12.5292529+00:00" endTime="2026-09-21T16:58:12.5292530+00:00" testType="13cdc9d9-ddb5-4fa4-a97d-d965ccfc6d4b" outcome="Passed" testListId="8c84fa94-04c1-424b-9868-57a2d4851a1d" relativeResultsDirectory="546cbadc-97b8-47ce-a335-6cb8fd2eb748" />
    <UnitTestResult executionId="8939cc17-9c5c-40fe-978e-5d2bbb01011f" testId="05974633-af6a-a2fd-c070-060a3061f9e7" testName="Bliss.Tests.Persistence.AccessIndependenceTests.Network_access_and_program_access_are_independent" computerName="cursor" duration="00:00:00.0196696" startTime="2026-09-21T16:58:12.3715183+00:00" endTime="2026-09-21T16:58:12.3715183+00:00" testType="13cdc9d9-ddb5-4fa4-a97d-d965ccfc6d4b" outcome="Passed" testListId="8c84fa94-04c1-424b-9868-57a2d4851a1d" relativeResultsDirectory="8939cc17-9c5c-40fe-978e-5d2bbb01011f" />
    <UnitTestResult executionId="fc12345e-1c4e-48f6-8867-fbef10684bb5" testId="d8f2eb5a-339a-efe9-164d-4886bab9d470" testName="Bliss.Tests.Api.FrontendTests.Client_routes_fall_back_to_the_dashboard" computerName="cursor" duration="00:00:00.0187499" startTime="2026-09-21T16:58:12.7059415+00:00" endTime="2026-09-21T16:58:12.7059416+00:00" testType="13cdc9d9-ddb5-4fa4-a97d-d965ccfc6d4b" outcome="Passed" testListId="8c84fa94-04c1-424b-9868-57a2d4851a1d" relativeResultsDirectory="fc12345e-1c4e-48f6-8867-fbef10684bb5" />
    <UnitTestResult executionId="98df4593-535b-4f7d-a230-094858d6ee82" testId="73ca1aef-3675-21e4-d6df-a9f26beb5375" testName="Bliss.Tests.Api.Phase9RuntimeHardeningTests.Security_headers_are_applied_without_server_disclosure" computerName="cursor" duration="00:00:00.0529872" startTime="2026-09-21T16:58:12.6610063+00:00" endTime="2026-09-21T16:58:12.6610064+00:00" testType="13cdc9d9-ddb5-4fa4-a97d-d965ccfc6d4b" outcome="Passed" testListId="8c84fa94-04c1-424b-9868-57a2d4851a1d" relativeResultsDirectory="98df4593-535b-4f7d-a230-094858d6ee82" />
    <UnitTestResult executionId="e517b9f7-5ff6-49e6-ad9f-9a95f3072dde" testId="53e06281-965c-154d-169d-18b12de3780c" testName="Bliss.Tests.Persistence.Phase3EvaluationAuditTests.Live_checks_are_replaced_while_historical_runs_remain" computerName="cursor" duration="00:00:00.0458640" startTime="2026-09-21T16:58:12.5880273+00:00" endTime="2026-09-21T16:58:12.5880274+00:00" testType="13cdc9d9-ddb5-4fa4-a97d-d965ccfc6d4b" outcome="Passed" testListId="8c84fa94-04c1-424b-9868-57a2d4851a1d" relativeResultsDirectory="e517b9f7-5ff6-49e6-ad9f-9a95f3072dde" />
    <UnitTestResult executionId="374ab075-cebb-4717-b8a2-d857495ab491" testId="b0f13de1-5c6f-a12b-8761-124ba685f069" testName="Bliss.Tests.Api.Phase2ApiTests.Evaluate_rules_returns_bad_request_for_phase1_rule_without_document" computerName="cursor" duration="00:00:00.0585668" startTime="2026-09-21T16:58:12.7113966+00:00" endTime="2026-09-21T16:58:12.7113967+00:00" testType="13cdc9d9-ddb5-4fa4-a97d-d965ccfc6d4b" outcome="Passed" testListId="8c84fa94-04c1-424b-9868-57a2d4851a1d" relativeResultsDirectory="374ab075-cebb-4717-b8a2-d857495ab491" />
    <UnitTestResult executionId="c59dfb45-ba12-4fee-9dec-ef18118c457c" testId="2bfc8ccb-c6d1-42ea-66ae-0830cce47682" testName="Bliss.Tests.Domain.EntityDefaultTests.Ad_inventory_slot_defaults_to_available" computerName="cursor" duration="00:00:00.0001395" startTime="2026-09-21T16:58:11.7131218+00:00" endTime="2026-09-21T16:58:11.7131219+00:00" testType="13cdc9d9-ddb5-4fa4-a97d-d965ccfc6d4b" outcome="Passed" testListId="8c84fa94-04c1-424b-9868-57a2d4851a1d" relativeResultsDirectory="c59dfb45-ba12-4fee-9dec-ef18118c457c" />
    <UnitTestResult executionId="d8da4fa0-8233-4451-8e86-f30273626934" testId="10bb1524-4517-7455-039c-131d8085c67f" testName="Bliss.Tests.Architecture.EfModelConstraintTests.Match_evaluation_run_bliss_match_id_is_not_unique" computerName="cursor" duration="00:00:00.0005339" startTime="2026-09-21T16:58:11.7096139+00:00" endTime="2026-09-21T16:58:11.7096140+00:00" testType="13cdc9d9-ddb5-4fa4-a97d-d965ccfc6d4b" outcome="Passed" testListId="8c84fa94-04c1-424b-9868-57a2d4851a1d" relativeResultsDirectory="d8da4fa0-8233-4451-8e86-f30273626934" />
    <UnitTestResult executionId="68fddd87-d4d6-48ff-bbc0-00d2e51d453a" testId="a83975d8-4228-cc55-20bb-868b6cced19d" testName="Bliss.Tests.Persistence.CreatorContentArchitectureTests.Creator_supports_multiple_content_items" computerName="cursor" duration="00:00:00.0046556" startTime="2026-09-21T16:58:12.3984137+00:00" endTime="2026-09-21T16:58:12.3984138+00:00" testType="13cdc9d9-ddb5-4fa4-a97d-d965ccfc6d4b" outcome="Passed" testListId="8c84fa94-04c1-424b-9868-57a2d4851a1d" relativeResultsDirectory="68fddd87-d4d6-48ff-bbc0-00d2e51d453a" />
    <UnitTestResult executionId="304ccd79-238f-4c6a-9583-d438230b8abd" testId="e3417458-c3ae-d69e-37a7-12994d5c3174" testName="Bliss.Tests.Persistence.Phase2SeedAndEvaluationTests.Phase2_seed_is_additive_and_does_not_overwrite_phase1_matches" computerName="cursor" duration="00:00:00.0420520" startTime="2026-09-21T16:58:12.3834366+00:00" endTime="2026-09-21T16:58:12.3834367+00:00" testType="13cdc9d9-ddb5-4fa4-a97d-d965ccfc6d4b" outcome="Passed" testListId="8c84fa94-04c1-424b-9868-57a2d4851a1d" relativeResultsDirectory="304ccd79-238f-4c6a-9583-d438230b8abd" />
    <UnitTestResult executionId="a550d0eb-4342-4ef5-855d-e0dc543ffca5" testId="7bce9a2b-c083-1a19-6c4e-3b7cadd30d14" testName="Bliss.Tests.Api.Phase7CampaignPlacementApiTests.Nonapproved_match_returns_bad_request" computerName="cursor" duration="00:00:00.0043914" startTime="2026-09-21T16:58:12.7331552+00:00" endTime="2026-09-21T16:58:12.7331552+00:00" testType="13cdc9d9-ddb5-4fa4-a97d-d965ccfc6d4b" outcome="Passed" testListId="8c84fa94-04c1-424b-9868-57a2d4851a1d" relativeResultsDirectory="a550d0eb-4342-4ef5-855d-e0dc543ffca5" />
  </Results>
  <TestDefinitions>
    <UnitTest name="Bliss.Tests.Persistence.Phase5MatchFormationTests.Invalid_reference_and_documentless_evaluation_persist_nothing" storage="/workspace/bliss.tests/bin/debug/net8.0/bliss.tests.dll" id="e3025bda-8a4e-df13-2a95-75894d487dc2">
      <Execution id="35434f7b-cd67-4ac0-88eb-0c7a4f7e587b" />
      <TestMethod codeBase="/workspace/Bliss.Tests/bin/Debug/net8.0/Bliss.Tests.dll" adapterTypeName="executor://xunit/VsTestRunner2/netcoreapp" className="Bliss.Tests.Persistence.Phase5MatchFormationTests" name="Invalid_reference_and_documentless_evaluation_persist_nothing" />
    </UnitTest>
    <UnitTest name="Bliss.Tests.Architecture.EfModelConstraintTests.Major_relationships_use_restrict_delete_behavior" storage="/workspace/bliss.tests/bin/debug/net8.0/bliss.tests.dll" id="0ddc4816-05ae-a087-452a-3c8559632bcd">
      <Execution id="daa62814-5dc2-4455-afc9-2dd81c285a2a" />
      <TestMethod codeBase="/workspace/Bliss.Tests/bin/Debug/net8.0/Bliss.Tests.dll" adapterTypeName="executor://xunit/VsTestRunner2/netcoreapp" className="Bliss.Tests.Architecture.EfModelConstraintTests" name="Major_relationships_use_restrict_delete_behavior" />
    </UnitTest>
    <UnitTest name="Bliss.Tests.Persistence.CreatorContentArchitectureTests.Creator_supports_multiple_content_items" storage="/workspace/bliss.tests/bin/debug/net8.0/bliss.tests.dll" id="a83975d8-4228-cc55-20bb-868b6cced19d">
      <Execution id="68fddd87-d4d6-48ff-bbc0-00d2e51d453a" />
      <TestMethod codeBase="/workspace/Bliss.Tests/bin/Debug/net8.0/Bliss.Tests.dll" adapterTypeName="executor://xunit/VsTestRunner2/netcoreapp" className="Bliss.Tests.Persistence.CreatorContentArchitectureTests" name="Creator_supports_multiple_content_items" />
    </UnitTest>
    <UnitTest name="Bliss.Tests.Api.Phase7CampaignPlacementApiTests.Post_then_replay_exposes_one_planned_binding" storage="/workspace/bliss.tests/bin/debug/net8.0/bliss.tests.dll" id="5442b66a-c10c-45a0-f78a-c9a5d28a2702">
      <Execution id="593533bb-c01f-4640-b80b-27e2bdee5733" />
      <TestMethod codeBase="/workspace/Bliss.Tests/bin/Debug/net8.0/Bliss.Tests.dll" adapterTypeName="executor://xunit/VsTestRunner2/netcoreapp" className="Bliss.Tests.Api.Phase7CampaignPlacementApiTests" name="Post_then_replay_exposes_one_planned_binding" />
    </UnitTest>
    <UnitTest name="Bliss.Tests.Api.Phase4CreatorIngestionApiTests.Invalid_observation_returns_bad_request" storage="/workspace/bliss.tests/bin/debug/net8.0/bliss.tests.dll" id="8f1e23ec-b18e-6fd8-9035-546076daf466">
      <Execution id="48c8a11f-382d-465b-a3c7-c428fc09e75a" />
      <TestMethod codeBase="/workspace/Bliss.Tests/bin/Debug/net8.0/Bliss.Tests.dll" adapterTypeName="executor://xunit/VsTestRunner2/netcoreapp" className="Bliss.Tests.Api.Phase4CreatorIngestionApiTests" name="Invalid_observation_returns_bad_request" />
    </UnitTest>
    <UnitTest name="Bliss.Tests.Persistence.Phase5MatchFormationTests.Different_keys_allow_many_matches_for_one_creator" storage="/workspace/bliss.tests/bin/debug/net8.0/bliss.tests.dll" id="1e415a42-03e2-71a4-8c24-14b6c94e5ba9">
      <Execution id="6f33ad01-c589-4dbe-9553-2cba3752fc38" />
      <TestMethod codeBase="/workspace/Bliss.Tests/bin/Debug/net8.0/Bliss.Tests.dll" adapterTypeName="executor://xunit/VsTestRunner2/netcoreapp" className="Bliss.Tests.Persistence.Phase5MatchFormationTests" name="Different_keys_allow_many_matches_for_one_creator" />
    </UnitTest>
    <UnitTest name="Bliss.Tests.Api.Phase6HumanReviewApiTests.Queue_lists_review_required_and_approve_then_replay_are_idempotent" storage="/workspace/bliss.tests/bin/debug/net8.0/bliss.tests.dll" id="aae397cf-7105-7c31-d82f-4399e1cbfa61">
      <Execution id="5fbfc48a-a517-46b1-a02e-597e855a606b" />
      <TestMethod codeBase="/workspace/Bliss.Tests/bin/Debug/net8.0/Bliss.Tests.dll" adapterTypeName="executor://xunit/VsTestRunner2/netcoreapp" className="Bliss.Tests.Api.Phase6HumanReviewApiTests" name="Queue_lists_review_required_and_approve_then_replay_are_idempotent" />
    </UnitTest>
    <UnitTest name="Bliss.Tests.Persistence.Phase4CreatorIngestionTests.First_observation_creates_canonical_creator_profile_run_and_provenance" storage="/workspace/bliss.tests/bin/debug/net8.0/bliss.tests.dll" id="1ea8b1f4-4e9a-8561-695a-abb47698cd8a">
      <Execution id="821b8d57-37b8-497b-bfd1-e1ca6da9e2e4" />
      <TestMethod codeBase="/workspace/Bliss.Tests/bin/Debug/net8.0/Bliss.Tests.dll" adapterTypeName="executor://xunit/VsTestRunner2/netcoreapp" className="Bliss.Tests.Persistence.Phase4CreatorIngestionTests" name="First_observation_creates_canonical_creator_profile_run_and_provenance" />
    </UnitTest>
    <UnitTest name="Bliss.Tests.Api.FrontendTests.Client_routes_fall_back_to_the_dashboard" storage="/workspace/bliss.tests/bin/debug/net8.0/bliss.tests.dll" id="d8f2eb5a-339a-efe9-164d-4886bab9d470">
      <Execution id="fc12345e-1c4e-48f6-8867-fbef10684bb5" />
      <TestMethod codeBase="/workspace/Bliss.Tests/bin/Debug/net8.0/Bliss.Tests.dll" adapterTypeName="executor://xunit/VsTestRunner2/netcoreapp" className="Bliss.Tests.Api.FrontendTests" name="Client_routes_fall_back_to_the_dashboard" />
    </UnitTest>
    <UnitTest name="Bliss.Tests.Architecture.EfModelConstraintTests.There_is_no_direct_creator_to_advertiser_foreign_key" storage="/workspace/bliss.tests/bin/debug/net8.0/bliss.tests.dll" id="67520dfc-ef04-5805-d900-05bbc76473c5">
      <Execution id="d3a41ffb-d350-495e-a430-21faaab75aa5" />
      <TestMethod codeBase="/workspace/Bliss.Tests/bin/Debug/net8.0/Bliss.Tests.dll" adapterTypeName="executor://xunit/VsTestRunner2/netcoreapp" className="Bliss.Tests.Architecture.EfModelConstraintTests" name="There_is_no_direct_creator_to_advertiser_foreign_key" />
    </UnitTest>
    <UnitTest name="Bliss.Tests.Persistence.Phase6HumanReviewTests.Approve_moves_review_required_match_and_writes_immutable_decision" storage="/workspace/bliss.tests/bin/debug/net8.0/bliss.tests.dll" id="f9945cae-e572-88f4-a248-4436714c14d9">
      <Execution id="17dead0c-fffc-4504-8371-16ecb5a8206f" />
      <TestMethod codeBase="/workspace/Bliss.Tests/bin/Debug/net8.0/Bliss.Tests.dll" adapterTypeName="executor://xunit/VsTestRunner2/netcoreapp" className="Bliss.Tests.Persistence.Phase6HumanReviewTests" name="Approve_moves_review_required_match_and_writes_immutable_decision" />
    </UnitTest>
    <UnitTest name="Bliss.Tests.Domain.EntityDefaultTests.Advertiser_opportunity_defaults_to_active" storage="/workspace/bliss.tests/bin/debug/net8.0/bliss.tests.dll" id="bcd89933-fbb2-940a-fc52-89e4773d39c2">
      <Execution id="d218b73e-a3fb-4261-939b-54ba49600c7e" />
      <TestMethod codeBase="/workspace/Bliss.Tests/bin/Debug/net8.0/Bliss.Tests.dll" adapterTypeName="executor://xunit/VsTestRunner2/netcoreapp" className="Bliss.Tests.Domain.EntityDefaultTests" name="Advertiser_opportunity_defaults_to_active" />
    </UnitTest>
    <UnitTest name="Bliss.Tests.Domain.EntityDefaultTests.Advertiser_program_defaults_to_active" storage="/workspace/bliss.tests/bin/debug/net8.0/bliss.tests.dll" id="35e70851-9287-56c9-f6ff-18f25b74fc27">
      <Execution id="5b8a6141-fe5a-42b8-9f75-ab097b50fe8e" />
      <TestMethod codeBase="/workspace/Bliss.Tests/bin/Debug/net8.0/Bliss.Tests.dll" adapterTypeName="executor://xunit/VsTestRunner2/netcoreapp" className="Bliss.Tests.Domain.EntityDefaultTests" name="Advertiser_program_defaults_to_active" />
    </UnitTest>
    <UnitTest name="Bliss.Tests.Domain.EntityDefaultTests.Bliss_match_defaults_to_created" storage="/workspace/bliss.tests/bin/debug/net8.0/bliss.tests.dll" id="01c6cd37-6e0a-ac59-fef9-9b774a637864">
      <Execution id="45d55c8a-731a-429f-b44d-caaebecb1aad" />
      <TestMethod codeBase="/workspace/Bliss.Tests/bin/Debug/net8.0/Bliss.Tests.dll" adapterTypeName="executor://xunit/VsTestRunner2/netcoreapp" className="Bliss.Tests.Domain.EntityDefaultTests" name="Bliss_match_defaults_to_created" />
    </UnitTest>
    <UnitTest name="Bliss.Tests.Persistence.Phase6HumanReviewTests.Created_match_without_review_status_is_rejected_and_persists_nothing" storage="/workspace/bliss.tests/bin/debug/net8.0/bliss.tests.dll" id="8b91968f-0bb5-78c4-ad2e-6cca0d4e6d4a">
      <Execution id="42bddd11-654d-4bb3-bf82-242befcb25fb" />
      <TestMethod codeBase="/workspace/Bliss.Tests/bin/Debug/net8.0/Bliss.Tests.dll" adapterTypeName="executor://xunit/VsTestRunner2/netcoreapp" className="Bliss.Tests.Persistence.Phase6HumanReviewTests" name="Created_match_without_review_status_is_rejected_and_persists_nothing" />
    </UnitTest>
    <UnitTest name="Bliss.Tests.Persistence.Phase4CreatorIngestionTests.Same_source_and_idempotency_key_replays_without_duplicate_writes" storage="/workspace/bliss.tests/bin/debug/net8.0/bliss.tests.dll" id="a5c7492c-c4a2-91fa-fe17-981488932ccf">
      <Execution id="60400963-cbf5-455e-8864-742f704db8f4" />
      <TestMethod codeBase="/workspace/Bliss.Tests/bin/Debug/net8.0/Bliss.Tests.dll" adapterTypeName="executor://xunit/VsTestRunner2/netcoreapp" className="Bliss.Tests.Persistence.Phase4CreatorIngestionTests" name="Same_source_and_idempotency_key_replays_without_duplicate_writes" />
    </UnitTest>
    <UnitTest name="Bliss.Tests.Api.Phase6HumanReviewApiTests.Created_match_cannot_be_approved" storage="/workspace/bliss.tests/bin/debug/net8.0/bliss.tests.dll" id="f1127ca1-0408-0fdd-c6b9-59d9442f2f64">
      <Execution id="5d162e92-7ea1-4228-b3f7-84e748544eb0" />
      <TestMethod codeBase="/workspace/Bliss.Tests/bin/Debug/net8.0/Bliss.Tests.dll" adapterTypeName="executor://xunit/VsTestRunner2/netcoreapp" className="Bliss.Tests.Api.Phase6HumanReviewApiTests" name="Created_match_cannot_be_approved" />
    </UnitTest>
    <UnitTest name="Bliss.Tests.Api.Phase9RuntimeHardeningTests.Controlled_writes_are_rate_limited_per_runtime_policy" storage="/workspace/bliss.tests/bin/debug/net8.0/bliss.tests.dll" id="a89f7fc9-970f-99ca-cd87-0b1afa71d905">
      <Execution id="854af2f8-5898-44b6-aacc-64a9fc9305ec" />
      <TestMethod codeBase="/workspace/Bliss.Tests/bin/Debug/net8.0/Bliss.Tests.dll" adapterTypeName="executor://xunit/VsTestRunner2/netcoreapp" className="Bliss.Tests.Api.Phase9RuntimeHardeningTests" name="Controlled_writes_are_rate_limited_per_runtime_policy" />
    </UnitTest>
    <UnitTest name="Bliss.Tests.Persistence.Phase4CreatorIngestionTests.Invalid_observation_persists_nothing" storage="/workspace/bliss.tests/bin/debug/net8.0/bliss.tests.dll" id="20633f0e-45fd-6547-f2d3-17aee00ceb1b">
      <Execution id="f3378889-d885-420a-a5ed-fce99fe4401a" />
      <TestMethod codeBase="/workspace/Bliss.Tests/bin/Debug/net8.0/Bliss.Tests.dll" adapterTypeName="executor://xunit/VsTestRunner2/netcoreapp" className="Bliss.Tests.Persistence.Phase4CreatorIngestionTests" name="Invalid_observation_persists_nothing" />
    </UnitTest>
    <UnitTest name="Bliss.Tests.Persistence.BlissMatchArchitectureTests.New_bliss_match_does_not_overwrite_another_valid_match" storage="/workspace/bliss.tests/bin/debug/net8.0/bliss.tests.dll" id="41d2316c-b8be-4ba6-9a2f-833219ceeec8">
      <Execution id="ceed0a6b-d9f2-4731-9a5d-234d5ff0e0b0" />
      <TestMethod codeBase="/workspace/Bliss.Tests/bin/Debug/net8.0/Bliss.Tests.dll" adapterTypeName="executor://xunit/VsTestRunner2/netcoreapp" className="Bliss.Tests.Persistence.BlissMatchArchitectureTests" name="New_bliss_match_does_not_overwrite_another_valid_match" />
    </UnitTest>
    <UnitTest name="Bliss.Tests.Persistence.Phase7CampaignPlacementTests.Nonapproved_match_and_graph_mismatches_persist_nothing" storage="/workspace/bliss.tests/bin/debug/net8.0/bliss.tests.dll" id="d097ad65-b6c0-fffb-3879-e475cefe8ac5">
      <Execution id="2c426c8d-8911-4ef8-a807-8e47a16e3aa2" />
      <TestMethod codeBase="/workspace/Bliss.Tests/bin/Debug/net8.0/Bliss.Tests.dll" adapterTypeName="executor://xunit/VsTestRunner2/netcoreapp" className="Bliss.Tests.Persistence.Phase7CampaignPlacementTests" name="Nonapproved_match_and_graph_mismatches_persist_nothing" />
    </UnitTest>
    <UnitTest name="Bliss.Tests.Persistence.InventoryArchitectureTests.Content_item_supports_multiple_ad_inventory_slots" storage="/workspace/bliss.tests/bin/debug/net8.0/bliss.tests.dll" id="c3dfbe6a-a06d-dc4f-838a-2f4f4892eecc">
      <Execution id="15daed7a-4220-4390-b901-dd290cde9473" />
      <TestMethod codeBase="/workspace/Bliss.Tests/bin/Debug/net8.0/Bliss.Tests.dll" adapterTypeName="executor://xunit/VsTestRunner2/netcoreapp" className="Bliss.Tests.Persistence.InventoryArchitectureTests" name="Content_item_supports_multiple_ad_inventory_slots" />
    </UnitTest>
    <UnitTest name="Bliss.Tests.Persistence.Phase2SeedAndEvaluationTests.Unknown_demographics_creator_review_does_not_use_zero_audience" storage="/workspace/bliss.tests/bin/debug/net8.0/bliss.tests.dll" id="f2e8717f-58b0-9e3e-284a-43413cb50837">
      <Execution id="8983c754-8b82-4b51-bf2e-f4c1b833b299" />
      <TestMethod codeBase="/workspace/Bliss.Tests/bin/Debug/net8.0/Bliss.Tests.dll" adapterTypeName="executor://xunit/VsTestRunner2/netcoreapp" className="Bliss.Tests.Persistence.Phase2SeedAndEvaluationTests" name="Unknown_demographics_creator_review_does_not_use_zero_audience" />
    </UnitTest>
    <UnitTest name="Bliss.Tests.Architecture.EfModelConstraintTests.Creator_platform_identity_key_is_unique_when_present" storage="/workspace/bliss.tests/bin/debug/net8.0/bliss.tests.dll" id="66ffeb4f-dce5-3602-0442-fed38a3bf0ca">
      <Execution id="7c6b3486-f61a-4ef1-b4ea-64be02c338f0" />
      <TestMethod codeBase="/workspace/Bliss.Tests/bin/Debug/net8.0/Bliss.Tests.dll" adapterTypeName="executor://xunit/VsTestRunner2/netcoreapp" className="Bliss.Tests.Architecture.EfModelConstraintTests" name="Creator_platform_identity_key_is_unique_when_present" />
    </UnitTest>
    <UnitTest name="Bliss.Tests.Api.Phase8DevelopmentAuthenticationTests.Authenticated_identity_replaces_submitted_operator_label" storage="/workspace/bliss.tests/bin/debug/net8.0/bliss.tests.dll" id="4dffbac9-af32-d1e8-96e7-3bf58bcd87b0">
      <Execution id="397af602-b654-42d8-97da-a3df06fbbfb6" />
      <TestMethod codeBase="/workspace/Bliss.Tests/bin/Debug/net8.0/Bliss.Tests.dll" adapterTypeName="executor://xunit/VsTestRunner2/netcoreapp" className="Bliss.Tests.Api.Phase8DevelopmentAuthenticationTests" name="Authenticated_identity_replaces_submitted_operator_label" />
    </UnitTest>
    <UnitTest name="Bliss.Tests.Api.Phase5MatchFormationApiTests.Invalid_reference_returns_bad_request_without_formation" storage="/workspace/bliss.tests/bin/debug/net8.0/bliss.tests.dll" id="866a8a34-bd9f-aef8-7732-926ab622df12">
      <Execution id="54dbc62f-bea4-484d-9aad-334f8bceae0b" />
      <TestMethod codeBase="/workspace/Bliss.Tests/bin/Debug/net8.0/Bliss.Tests.dll" adapterTypeName="executor://xunit/VsTestRunner2/netcoreapp" className="Bliss.Tests.Api.Phase5MatchFormationApiTests" name="Invalid_reference_returns_bad_request_without_formation" />
    </UnitTest>
    <UnitTest name="Bliss.Tests.Persistence.Phase7CampaignPlacementTests.Replay_returns_original_and_does_not_duplicate" storage="/workspace/bliss.tests/bin/debug/net8.0/bliss.tests.dll" id="f62de53f-b3e9-cb02-b1bd-bed65cabcac2">
      <Execution id="01dcdee4-3c9b-418d-a56e-9d923c5610cb" />
      <TestMethod codeBase="/workspace/Bliss.Tests/bin/Debug/net8.0/Bliss.Tests.dll" adapterTypeName="executor://xunit/VsTestRunner2/netcoreapp" className="Bliss.Tests.Persistence.Phase7CampaignPlacementTests" name="Replay_returns_original_and_does_not_duplicate" />
    </UnitTest>
    <UnitTest name="Bliss.Tests.Api.Phase3ApiTests.Evaluation_runs_are_visible_and_match_history_is_listed" storage="/workspace/bliss.tests/bin/debug/net8.0/bliss.tests.dll" id="b2aa40b2-1813-6fda-b3f6-cdae423561a5">
      <Execution id="2b7f892a-de32-4e90-9f3b-cd20c7b4031a" />
      <TestMethod codeBase="/workspace/Bliss.Tests/bin/Debug/net8.0/Bliss.Tests.dll" adapterTypeName="executor://xunit/VsTestRunner2/netcoreapp" className="Bliss.Tests.Api.Phase3ApiTests" name="Evaluation_runs_are_visible_and_match_history_is_listed" />
    </UnitTest>
    <UnitTest name="Bliss.Tests.Domain.EntityDefaultTests.Ad_inventory_slot_defaults_to_available" storage="/workspace/bliss.tests/bin/debug/net8.0/bliss.tests.dll" id="2bfc8ccb-c6d1-42ea-66ae-0830cce47682">
      <Execution id="c59dfb45-ba12-4fee-9dec-ef18118c457c" />
      <TestMethod codeBase="/workspace/Bliss.Tests/bin/Debug/net8.0/Bliss.Tests.dll" adapterTypeName="executor://xunit/VsTestRunner2/netcoreapp" className="Bliss.Tests.Domain.EntityDefaultTests" name="Ad_inventory_slot_defaults_to_available" />
    </UnitTest>
    <UnitTest name="Bliss.Tests.Api.Phase4CreatorIngestionApiTests.Post_then_replay_returns_created_then_ok_with_same_run" storage="/workspace/bliss.tests/bin/debug/net8.0/bliss.tests.dll" id="dc06a432-46fb-e3c6-2f96-2f8334ff30ba">
      <Execution id="b9427aa7-7057-4c7a-b67f-522b8563891c" />
      <TestMethod codeBase="/workspace/Bliss.Tests/bin/Debug/net8.0/Bliss.Tests.dll" adapterTypeName="executor://xunit/VsTestRunner2/netcoreapp" className="Bliss.Tests.Api.Phase4CreatorIngestionApiTests" name="Post_then_replay_returns_created_then_ok_with_same_run" />
    </UnitTest>
    <UnitTest name="Bliss.Tests.Persistence.BlissMatchArchitectureTests.Creator_supports_multiple_simultaneous_bliss_matches_without_uniqueness_violation" storage="/workspace/bliss.tests/bin/debug/net8.0/bliss.tests.dll" id="297cb8c0-1754-5d2e-e0f1-2a366f018a95">
      <Execution id="eb99ea0d-6b34-4652-b133-d9a4847b962f" />
      <TestMethod codeBase="/workspace/Bliss.Tests/bin/Debug/net8.0/Bliss.Tests.dll" adapterTypeName="executor://xunit/VsTestRunner2/netcoreapp" className="Bliss.Tests.Persistence.BlissMatchArchitectureTests" name="Creator_supports_multiple_simultaneous_bliss_matches_without_uniqueness_violation" />
    </UnitTest>
    <UnitTest name="Bliss.Tests.Persistence.SeedDataTests.Phase1_seed_creates_required_graph" storage="/workspace/bliss.tests/bin/debug/net8.0/bliss.tests.dll" id="e1fd9b8c-ba82-6cde-3208-9a5bda7c35fd">
      <Execution id="5929b91e-8843-432b-a239-08484fc83304" />
      <TestMethod codeBase="/workspace/Bliss.Tests/bin/Debug/net8.0/Bliss.Tests.dll" adapterTypeName="executor://xunit/VsTestRunner2/netcoreapp" className="Bliss.Tests.Persistence.SeedDataTests" name="Phase1_seed_creates_required_graph" />
    </UnitTest>
    <UnitTest name="Bliss.Tests.Persistence.CampaignPlacementArchitectureTests.Multiple_campaign_placements_can_reference_the_same_content_item" storage="/workspace/bliss.tests/bin/debug/net8.0/bliss.tests.dll" id="100dc352-f3cc-3a7d-1cfc-82d5e7a3fd66">
      <Execution id="1ebe17e6-aede-4355-8b13-532b66fdc5ae" />
      <TestMethod codeBase="/workspace/Bliss.Tests/bin/Debug/net8.0/Bliss.Tests.dll" adapterTypeName="executor://xunit/VsTestRunner2/netcoreapp" className="Bliss.Tests.Persistence.CampaignPlacementArchitectureTests" name="Multiple_campaign_placements_can_reference_the_same_content_item" />
    </UnitTest>
    <UnitTest name="Bliss.Tests.Persistence.Phase6HumanReviewTests.Replay_returns_original_and_writes_nothing" storage="/workspace/bliss.tests/bin/debug/net8.0/bliss.tests.dll" id="a933709b-bd84-bb0a-cb75-26e765f1ab07">
      <Execution id="49702044-98f5-4e91-af98-0b5434286bed" />
      <TestMethod codeBase="/workspace/Bliss.Tests/bin/Debug/net8.0/Bliss.Tests.dll" adapterTypeName="executor://xunit/VsTestRunner2/netcoreapp" className="Bliss.Tests.Persistence.Phase6HumanReviewTests" name="Replay_returns_original_and_writes_nothing" />
    </UnitTest>
    <UnitTest name="Bliss.Tests.Api.FrontendTests.Frontend_assets_are_served(path: &quot;/app.css&quot;, mediaType: &quot;text/css&quot;)" storage="/workspace/bliss.tests/bin/debug/net8.0/bliss.tests.dll" id="714172cf-82f2-04c9-bf5f-767c89ff2692">
      <Execution id="f49d3e79-e0db-459b-a385-9368cf8cce5c" />
      <TestMethod codeBase="/workspace/Bliss.Tests/bin/Debug/net8.0/Bliss.Tests.dll" adapterTypeName="executor://xunit/VsTestRunner2/netcoreapp" className="Bliss.Tests.Api.FrontendTests" name="Frontend_assets_are_served" />
    </UnitTest>
    <UnitTest name="Bliss.Tests.Persistence.Phase4CreatorIngestionTests.New_observation_for_existing_identity_updates_without_duplicate_creator" storage="/workspace/bliss.tests/bin/debug/net8.0/bliss.tests.dll" id="a6c5f346-88ad-0dc2-4d93-2ee0a56ab127">
      <Execution id="873dbfe9-b418-4448-b1ab-4fc6a1ae8424" />
      <TestMethod codeBase="/workspace/Bliss.Tests/bin/Debug/net8.0/Bliss.Tests.dll" adapterTypeName="executor://xunit/VsTestRunner2/netcoreapp" className="Bliss.Tests.Persistence.Phase4CreatorIngestionTests" name="New_observation_for_existing_identity_updates_without_duplicate_creator" />
    </UnitTest>
    <UnitTest name="Bliss.Tests.Architecture.EfModelConstraintTests.Campaign_placement_run_idempotency_is_unique_but_business_keys_are_not" storage="/workspace/bliss.tests/bin/debug/net8.0/bliss.tests.dll" id="db3f1c3e-8669-9f4a-013b-8f830ecb0102">
      <Execution id="155881bd-ad7b-4463-b3b0-6a0c20f17405" />
      <TestMethod codeBase="/workspace/Bliss.Tests/bin/Debug/net8.0/Bliss.Tests.dll" adapterTypeName="executor://xunit/VsTestRunner2/netcoreapp" className="Bliss.Tests.Architecture.EfModelConstraintTests" name="Campaign_placement_run_idempotency_is_unique_but_business_keys_are_not" />
    </UnitTest>
    <UnitTest name="Bliss.Tests.Persistence.Phase7CampaignPlacementTests.Approved_match_binds_to_creator_inventory_without_delivery_mutation" storage="/workspace/bliss.tests/bin/debug/net8.0/bliss.tests.dll" id="5cf95232-9bd9-6699-ec19-8401b329dc11">
      <Execution id="2dc5e90a-d32e-410e-88bb-7b401d0560e1" />
      <TestMethod codeBase="/workspace/Bliss.Tests/bin/Debug/net8.0/Bliss.Tests.dll" adapterTypeName="executor://xunit/VsTestRunner2/netcoreapp" className="Bliss.Tests.Persistence.Phase7CampaignPlacementTests" name="Approved_match_binds_to_creator_inventory_without_delivery_mutation" />
    </UnitTest>
    <UnitTest name="Bliss.Tests.Persistence.DataProvenanceTests.Data_provenance_retains_source_confidence_and_collected_at" storage="/workspace/bliss.tests/bin/debug/net8.0/bliss.tests.dll" id="b2d61875-979d-58c0-3d13-2449d06a1c37">
      <Execution id="66fcab70-3e70-46f5-99fd-1ec1137df927" />
      <TestMethod codeBase="/workspace/Bliss.Tests/bin/Debug/net8.0/Bliss.Tests.dll" adapterTypeName="executor://xunit/VsTestRunner2/netcoreapp" className="Bliss.Tests.Persistence.DataProvenanceTests" name="Data_provenance_retains_source_confidence_and_collected_at" />
    </UnitTest>
    <UnitTest name="Bliss.Tests.Domain.DeterministicRuleEvaluatorTests.Missing_document_throws" storage="/workspace/bliss.tests/bin/debug/net8.0/bliss.tests.dll" id="d360cdc0-0524-f6d1-17d3-50ff5c12a6ef">
      <Execution id="24223817-9536-4a46-bee7-f5bc18a7b9fe" />
      <TestMethod codeBase="/workspace/Bliss.Tests/bin/Debug/net8.0/Bliss.Tests.dll" adapterTypeName="executor://xunit/VsTestRunner2/netcoreapp" className="Bliss.Tests.Domain.DeterministicRuleEvaluatorTests" name="Missing_document_throws" />
    </UnitTest>
    <UnitTest name="Bliss.Tests.Persistence.AccessIndependenceTests.Network_access_and_program_access_are_independent" storage="/workspace/bliss.tests/bin/debug/net8.0/bliss.tests.dll" id="05974633-af6a-a2fd-c070-060a3061f9e7">
      <Execution id="8939cc17-9c5c-40fe-978e-5d2bbb01011f" />
      <TestMethod codeBase="/workspace/Bliss.Tests/bin/Debug/net8.0/Bliss.Tests.dll" adapterTypeName="executor://xunit/VsTestRunner2/netcoreapp" className="Bliss.Tests.Persistence.AccessIndependenceTests" name="Network_access_and_program_access_are_independent" />
    </UnitTest>
    <UnitTest name="Bliss.Tests.Api.Phase2ApiTests.Evaluate_rules_returns_bad_request_for_phase1_rule_without_document" storage="/workspace/bliss.tests/bin/debug/net8.0/bliss.tests.dll" id="b0f13de1-5c6f-a12b-8761-124ba685f069">
      <Execution id="374ab075-cebb-4717-b8a2-d857495ab491" />
      <TestMethod codeBase="/workspace/Bliss.Tests/bin/Debug/net8.0/Bliss.Tests.dll" adapterTypeName="executor://xunit/VsTestRunner2/netcoreapp" className="Bliss.Tests.Api.Phase2ApiTests" name="Evaluate_rules_returns_bad_request_for_phase1_rule_without_document" />
    </UnitTest>
    <UnitTest name="Bliss.Tests.Domain.DeterministicRuleEvaluatorTests.Matching_country_and_language_is_approved" storage="/workspace/bliss.tests/bin/debug/net8.0/bliss.tests.dll" id="d1605941-48e0-fbcc-1be8-0ec6b9950d4d">
      <Execution id="0e755cca-e6f7-495f-b5be-730359e024a7" />
      <TestMethod codeBase="/workspace/Bliss.Tests/bin/Debug/net8.0/Bliss.Tests.dll" adapterTypeName="executor://xunit/VsTestRunner2/netcoreapp" className="Bliss.Tests.Domain.DeterministicRuleEvaluatorTests" name="Matching_country_and_language_is_approved" />
    </UnitTest>
    <UnitTest name="Bliss.Tests.Domain.EntityDefaultTests.Data_provenance_confidence_defaults_to_unknown" storage="/workspace/bliss.tests/bin/debug/net8.0/bliss.tests.dll" id="99fda879-3bb6-899b-c11a-6afa25c9c800">
      <Execution id="bb60a648-0e19-4bc8-bd9b-e83c50f74c37" />
      <TestMethod codeBase="/workspace/Bliss.Tests/bin/Debug/net8.0/Bliss.Tests.dll" adapterTypeName="executor://xunit/VsTestRunner2/netcoreapp" className="Bliss.Tests.Domain.EntityDefaultTests" name="Data_provenance_confidence_defaults_to_unknown" />
    </UnitTest>
    <UnitTest name="Bliss.Tests.Api.Phase3ApiTests.Evaluate_rules_appends_a_run_visible_on_the_api" storage="/workspace/bliss.tests/bin/debug/net8.0/bliss.tests.dll" id="1d7953a8-6241-ef89-345a-e130ddbad075">
      <Execution id="14652f50-d45b-42dc-ba17-4abd839ff3c3" />
      <TestMethod codeBase="/workspace/Bliss.Tests/bin/Debug/net8.0/Bliss.Tests.dll" adapterTypeName="executor://xunit/VsTestRunner2/netcoreapp" className="Bliss.Tests.Api.Phase3ApiTests" name="Evaluate_rules_appends_a_run_visible_on_the_api" />
    </UnitTest>
    <UnitTest name="Bliss.Tests.Architecture.EfModelConstraintTests.Campaign_placement_content_item_id_is_not_unique" storage="/workspace/bliss.tests/bin/debug/net8.0/bliss.tests.dll" id="c72ca6e0-1d99-7efb-a420-53958ad1e17d">
      <Execution id="243bb548-672b-4829-bef0-6b6c5aad8a1a" />
      <TestMethod codeBase="/workspace/Bliss.Tests/bin/Debug/net8.0/Bliss.Tests.dll" adapterTypeName="executor://xunit/VsTestRunner2/netcoreapp" className="Bliss.Tests.Architecture.EfModelConstraintTests" name="Campaign_placement_content_item_id_is_not_unique" />
    </UnitTest>
    <UnitTest name="Bliss.Tests.Persistence.Phase2SeedAndEvaluationTests.Phase2_seed_is_additive_and_does_not_overwrite_phase1_matches" storage="/workspace/bliss.tests/bin/debug/net8.0/bliss.tests.dll" id="e3417458-c3ae-d69e-37a7-12994d5c3174">
      <Execution id="304ccd79-238f-4c6a-9583-d438230b8abd" />
      <TestMethod codeBase="/workspace/Bliss.Tests/bin/Debug/net8.0/Bliss.Tests.dll" adapterTypeName="executor://xunit/VsTestRunner2/netcoreapp" className="Bliss.Tests.Persistence.Phase2SeedAndEvaluationTests" name="Phase2_seed_is_additive_and_does_not_overwrite_phase1_matches" />
    </UnitTest>
    <UnitTest name="Bliss.Tests.Api.Phase5MatchFormationApiTests.Post_then_replay_exposes_one_formation_and_evaluated_match" storage="/workspace/bliss.tests/bin/debug/net8.0/bliss.tests.dll" id="5089598a-7d3c-ebbb-39ac-1cf36281200a">
      <Execution id="9fefc71d-c706-48fd-988a-dab1b4c76df7" />
      <TestMethod codeBase="/workspace/Bliss.Tests/bin/Debug/net8.0/Bliss.Tests.dll" adapterTypeName="executor://xunit/VsTestRunner2/netcoreapp" className="Bliss.Tests.Api.Phase5MatchFormationApiTests" name="Post_then_replay_exposes_one_formation_and_evaluated_match" />
    </UnitTest>
    <UnitTest name="Bliss.Tests.Persistence.Phase2SeedAndEvaluationTests.Re_evaluating_one_match_does_not_change_another_match" storage="/workspace/bliss.tests/bin/debug/net8.0/bliss.tests.dll" id="f267c8f9-ce40-660b-da9c-8d5c48b9994c">
      <Execution id="c764ae20-0b5c-46d9-a7d3-3a8236590753" />
      <TestMethod codeBase="/workspace/Bliss.Tests/bin/Debug/net8.0/Bliss.Tests.dll" adapterTypeName="executor://xunit/VsTestRunner2/netcoreapp" className="Bliss.Tests.Persistence.Phase2SeedAndEvaluationTests" name="Re_evaluating_one_match_does_not_change_another_match" />
    </UnitTest>
    <UnitTest name="Bliss.Tests.Architecture.EfModelConstraintTests.Creator_ingestion_source_and_idempotency_key_are_unique_together" storage="/workspace/bliss.tests/bin/debug/net8.0/bliss.tests.dll" id="9ff146d5-22b5-53ad-bc7f-f19c8004d0d7">
      <Execution id="b1f16494-ccb4-41c1-80a8-9f18bd5d1f57" />
      <TestMethod codeBase="/workspace/Bliss.Tests/bin/Debug/net8.0/Bliss.Tests.dll" adapterTypeName="executor://xunit/VsTestRunner2/netcoreapp" className="Bliss.Tests.Architecture.EfModelConstraintTests" name="Creator_ingestion_source_and_idempotency_key_are_unique_together" />
    </UnitTest>
    <UnitTest name="Bliss.Tests.Api.Phase10ObservabilityTests.Responses_include_generated_and_accepted_request_ids" storage="/workspace/bliss.tests/bin/debug/net8.0/bliss.tests.dll" id="3ddeff4f-2991-1025-4d76-efe2eff4d598">
      <Execution id="42c6466a-d8fa-4579-a93e-58a6507597cf" />
      <TestMethod codeBase="/workspace/Bliss.Tests/bin/Debug/net8.0/Bliss.Tests.dll" adapterTypeName="executor://xunit/VsTestRunner2/netcoreapp" className="Bliss.Tests.Api.Phase10ObservabilityTests" name="Responses_include_generated_and_accepted_request_ids" />
    </UnitTest>
    <UnitTest name="Bliss.Tests.Api.FrontendTests.Root_serves_the_operations_frontend" storage="/workspace/bliss.tests/bin/debug/net8.0/bliss.tests.dll" id="c991d358-0d5d-c546-1a76-f6a61a1bfbfe">
      <Execution id="8913e026-5f9a-48b0-8b67-afc5fa810c43" />
      <TestMethod codeBase="/workspace/Bliss.Tests/bin/Debug/net8.0/Bliss.Tests.dll" adapterTypeName="executor://xunit/VsTestRunner2/netcoreapp" className="Bliss.Tests.Api.FrontendTests" name="Root_serves_the_operations_frontend" />
    </UnitTest>
    <UnitTest name="Bliss.Tests.Persistence.Phase3EvaluationAuditTests.Re_evaluating_one_match_does_not_change_another_match_or_its_runs" storage="/workspace/bliss.tests/bin/debug/net8.0/bliss.tests.dll" id="ca3d08ec-edb1-62e5-2f81-afb14a457f61">
      <Execution id="4e6ed756-c75a-4a04-8ee6-1b58d5985dfe" />
      <TestMethod codeBase="/workspace/Bliss.Tests/bin/Debug/net8.0/Bliss.Tests.dll" adapterTypeName="executor://xunit/VsTestRunner2/netcoreapp" className="Bliss.Tests.Persistence.Phase3EvaluationAuditTests" name="Re_evaluating_one_match_does_not_change_another_match_or_its_runs" />
    </UnitTest>
    <UnitTest name="Bliss.Tests.Architecture.EfModelConstraintTests.Match_evaluation_run_bliss_match_id_is_not_unique" storage="/workspace/bliss.tests/bin/debug/net8.0/bliss.tests.dll" id="10bb1524-4517-7455-039c-131d8085c67f">
      <Execution id="d8da4fa0-8233-4451-8e86-f30273626934" />
      <TestMethod codeBase="/workspace/Bliss.Tests/bin/Debug/net8.0/Bliss.Tests.dll" adapterTypeName="executor://xunit/VsTestRunner2/netcoreapp" className="Bliss.Tests.Architecture.EfModelConstraintTests" name="Match_evaluation_run_bliss_match_id_is_not_unique" />
    </UnitTest>
    <UnitTest name="Bliss.Tests.Architecture.EfModelConstraintTests.Female_percentage_is_nullable" storage="/workspace/bliss.tests/bin/debug/net8.0/bliss.tests.dll" id="c50db96f-878d-d17e-e727-c48cc8150eff">
      <Execution id="a8fa04dd-f735-4fe9-a25f-930ddec7564d" />
      <TestMethod codeBase="/workspace/Bliss.Tests/bin/Debug/net8.0/Bliss.Tests.dll" adapterTypeName="executor://xunit/VsTestRunner2/netcoreapp" className="Bliss.Tests.Architecture.EfModelConstraintTests" name="Female_percentage_is_nullable" />
    </UnitTest>
[...]
    </UnitTest>
    <UnitTest name="Bliss.Tests.Persistence.Phase7CampaignPlacementTests.Different_keys_allow_multiple_placements_for_same_match_and_content" storage="/workspace/bliss.tests/bin/debug/net8.0/bliss.tests.dll" id="3fbec70d-7cf1-3177-01c4-fa9fd737c116">
      <Execution id="dc208bad-610a-4666-bfa9-889fa82540ec" />
      <TestMethod codeBase="/workspace/Bliss.Tests/bin/Debug/net8.0/Bliss.Tests.dll" adapterTypeName="executor://xunit/VsTestRunner2/netcoreapp" className="Bliss.Tests.Persistence.Phase7CampaignPlacementTests" name="Different_keys_allow_multiple_placements_for_same_match_and_content" />
    </UnitTest>
    <UnitTest name="Bliss.Tests.Architecture.EfModelConstraintTests.Match_review_source_and_idempotency_key_are_unique_together" storage="/workspace/bliss.tests/bin/debug/net8.0/bliss.tests.dll" id="874676bf-57e1-b653-48ea-7167e517e596">
      <Execution id="87ae182f-9cca-400d-8358-16191e2396bc" />
      <TestMethod codeBase="/workspace/Bliss.Tests/bin/Debug/net8.0/Bliss.Tests.dll" adapterTypeName="executor://xunit/VsTestRunner2/netcoreapp" className="Bliss.Tests.Architecture.EfModelConstraintTests" name="Match_review_source_and_idempotency_key_are_unique_together" />
    </UnitTest>
    <UnitTest name="Bliss.Tests.Domain.EntityDefaultTests.Network_and_program_access_default_to_unknown_independently" storage="/workspace/bliss.tests/bin/debug/net8.0/bliss.tests.dll" id="ea538728-2dcf-0820-96b8-cf44ab65d900">
      <Execution id="4e442211-68da-4617-8c0b-37cc8696b429" />
      <TestMethod codeBase="/workspace/Bliss.Tests/bin/Debug/net8.0/Bliss.Tests.dll" adapterTypeName="executor://xunit/VsTestRunner2/netcoreapp" className="Bliss.Tests.Domain.EntityDefaultTests" name="Network_and_program_access_default_to_unknown_independently" />
    </UnitTest>
    <UnitTest name="Bliss.Tests.Persistence.Phase3EvaluationAuditTests.Second_phase3_seed_is_idempotent" storage="/workspace/bliss.tests/bin/debug/net8.0/bliss.tests.dll" id="a7879089-b2bc-1b17-b4b3-ed7fc786e30d">
      <Execution id="558f2de6-c62a-478e-8efc-501ab8715250" />
      <TestMethod codeBase="/workspace/Bliss.Tests/bin/Debug/net8.0/Bliss.Tests.dll" adapterTypeName="executor://xunit/VsTestRunner2/netcoreapp" className="Bliss.Tests.Persistence.Phase3EvaluationAuditTests" name="Second_phase3_seed_is_idempotent" />
    </UnitTest>
    <UnitTest name="Bliss.Tests.Persistence.Phase2SeedAndEvaluationTests.Phase2_brazil_match_is_approved_and_ph_to_br_is_ineligible" storage="/workspace/bliss.tests/bin/debug/net8.0/bliss.tests.dll" id="640281c2-d2c6-614b-9d1b-15b361eeede1">
      <Execution id="1be4c8bb-067f-4174-ad5b-0c81c8dd694f" />
      <TestMethod codeBase="/workspace/Bliss.Tests/bin/Debug/net8.0/Bliss.Tests.dll" adapterTypeName="executor://xunit/VsTestRunner2/netcoreapp" className="Bliss.Tests.Persistence.Phase2SeedAndEvaluationTests" name="Phase2_brazil_match_is_approved_and_ph_to_br_is_ineligible" />
    </UnitTest>
    <UnitTest name="Bliss.Tests.Persistence.Phase6HumanReviewTests.Unknown_decision_persists_nothing" storage="/workspace/bliss.tests/bin/debug/net8.0/bliss.tests.dll" id="474cce6a-04d9-358e-fadf-7b0615b767fb">
      <Execution id="e3af1f14-28ba-4033-9773-89c7fb8732a7" />
      <TestMethod codeBase="/workspace/Bliss.Tests/bin/Debug/net8.0/Bliss.Tests.dll" adapterTypeName="executor://xunit/VsTestRunner2/netcoreapp" className="Bliss.Tests.Persistence.Phase6HumanReviewTests" name="Unknown_decision_persists_nothing" />
    </UnitTest>
    <UnitTest name="Bliss.Tests.Api.Phase9RuntimeHardeningTests.Security_headers_are_applied_without_server_disclosure" storage="/workspace/bliss.tests/bin/debug/net8.0/bliss.tests.dll" id="73ca1aef-3675-21e4-d6df-a9f26beb5375">
      <Execution id="98df4593-535b-4f7d-a230-094858d6ee82" />
      <TestMethod codeBase="/workspace/Bliss.Tests/bin/Debug/net8.0/Bliss.Tests.dll" adapterTypeName="executor://xunit/VsTestRunner2/netcoreapp" className="Bliss.Tests.Api.Phase9RuntimeHardeningTests" name="Security_headers_are_applied_without_server_disclosure" />
    </UnitTest>
    <UnitTest name="Bliss.Tests.Api.Phase2ApiTests.Campaigns_and_networks_return_phase2_records" storage="/workspace/bliss.tests/bin/debug/net8.0/bliss.tests.dll" id="e5bd266c-e764-9035-1e4b-67759a572b90">
      <Execution id="d07c5d98-72fc-47a6-af68-f644da4f4976" />
      <TestMethod codeBase="/workspace/Bliss.Tests/bin/Debug/net8.0/Bliss.Tests.dll" adapterTypeName="executor://xunit/VsTestRunner2/netcoreapp" className="Bliss.Tests.Api.Phase2ApiTests" name="Campaigns_and_networks_return_phase2_records" />
    </UnitTest>
  </TestDefinitions>
  <TestEntries>
    <TestEntry testId="66d27266-de8f-413f-0500-3db785fae6c5" executionId="e71e2d4c-2223-4a8e-b02a-aaa7c537b479" testListId="8c84fa94-04c1-424b-9868-57a2d4851a1d" />
    <TestEntry testId="f267c8f9-ce40-660b-da9c-8d5c48b9994c" executionId="c764ae20-0b5c-46d9-a7d3-3a8236590753" testListId="8c84fa94-04c1-424b-9868-57a2d4851a1d" />
    <TestEntry testId="20633f0e-45fd-6547-f2d3-17aee00ceb1b" executionId="f3378889-d885-420a-a5ed-fce99fe4401a" testListId="8c84fa94-04c1-424b-9868-57a2d4851a1d" />
    <TestEntry testId="aae397cf-7105-7c31-d82f-4399e1cbfa61" executionId="5fbfc48a-a517-46b1-a02e-597e855a606b" testListId="8c84fa94-04c1-424b-9868-57a2d4851a1d" />
    <TestEntry testId="0ddc4816-05ae-a087-452a-3c8559632bcd" executionId="daa62814-5dc2-4455-afc9-2dd81c285a2a" testListId="8c84fa94-04c1-424b-9868-57a2d4851a1d" />
    <TestEntry testId="5089598a-7d3c-ebbb-39ac-1cf36281200a" executionId="9fefc71d-c706-48fd-988a-dab1b4c76df7" testListId="8c84fa94-04c1-424b-9868-57a2d4851a1d" />
    <TestEntry testId="3ddeff4f-2991-1025-4d76-efe2eff4d598" executionId="42c6466a-d8fa-4579-a93e-58a6507597cf" testListId="8c84fa94-04c1-424b-9868-57a2d4851a1d" />
    <TestEntry testId="a89f7fc9-970f-99ca-cd87-0b1afa71d905" executionId="854af2f8-5898-44b6-aacc-64a9fc9305ec" testListId="8c84fa94-04c1-424b-9868-57a2d4851a1d" />
    <TestEntry testId="f90a2ece-5f2c-eb38-4ce0-af5747c706d1" executionId="29ddf619-dfa0-4988-bf6b-67a824319358" testListId="8c84fa94-04c1-424b-9868-57a2d4851a1d" />
    <TestEntry testId="35e70851-9287-56c9-f6ff-18f25b74fc27" executionId="5b8a6141-fe5a-42b8-9f75-ab097b50fe8e" testListId="8c84fa94-04c1-424b-9868-57a2d4851a1d" />
    <TestEntry testId="4c7d820b-3b32-0a41-1aae-799ae0461280" executionId="ab0ec1cd-678c-488b-b4e3-a1837817046d" testListId="8c84fa94-04c1-424b-9868-57a2d4851a1d" />
    <TestEntry testId="f2e8717f-58b0-9e3e-284a-43413cb50837" executionId="8983c754-8b82-4b51-bf2e-f4c1b833b299" testListId="8c84fa94-04c1-424b-9868-57a2d4851a1d" />
    <TestEntry testId="ce133d6a-ac45-fd10-0f01-afd4818c923f" executionId="0974c53d-2239-40b8-a6c8-0ca73c0034d6" testListId="8c84fa94-04c1-424b-9868-57a2d4851a1d" />
    <TestEntry testId="3de2f77c-754d-2cb8-4136-94f91c801c55" executionId="be462c07-f6d1-4286-93df-7bddbaeeb81f" testListId="8c84fa94-04c1-424b-9868-57a2d4851a1d" />
    <TestEntry testId="714172cf-82f2-04c9-bf5f-767c89ff2692" executionId="f49d3e79-e0db-459b-a385-9368cf8cce5c" testListId="8c84fa94-04c1-424b-9868-57a2d4851a1d" />
    <TestEntry testId="f7980e9f-bdec-dc48-ce88-0cc17859f196" executionId="586a1060-5037-4bc0-aee9-c01f2fbd6d29" testListId="8c84fa94-04c1-424b-9868-57a2d4851a1d" />
    <TestEntry testId="474cce6a-04d9-358e-fadf-7b0615b767fb" executionId="e3af1f14-28ba-4033-9773-89c7fb8732a7" testListId="8c84fa94-04c1-424b-9868-57a2d4851a1d" />
    <TestEntry testId="ea538728-2dcf-0820-96b8-cf44ab65d900" executionId="4e442211-68da-4617-8c0b-37cc8696b429" testListId="8c84fa94-04c1-424b-9868-57a2d4851a1d" />
    <TestEntry testId="9e771164-a137-49d9-c980-12eb28b21498" executionId="078451e4-ba38-4d64-b6dc-1c10db25f885" testListId="8c84fa94-04c1-424b-9868-57a2d4851a1d" />
    <TestEntry testId="4dffbac9-af32-d1e8-96e7-3bf58bcd87b0" executionId="397af602-b654-42d8-97da-a3df06fbbfb6" testListId="8c84fa94-04c1-424b-9868-57a2d4851a1d" />
    <TestEntry testId="a7d83d3f-3fef-87b8-c59e-edd358ba4e8d" executionId="89cb169e-20de-4af7-9bcc-d418e98b5411" testListId="8c84fa94-04c1-424b-9868-57a2d4851a1d" />
    <TestEntry testId="100dc352-f3cc-3a7d-1cfc-82d5e7a3fd66" executionId="1ebe17e6-aede-4355-8b13-532b66fdc5ae" testListId="8c84fa94-04c1-424b-9868-57a2d4851a1d" />
    <TestEntry testId="5442b66a-c10c-45a0-f78a-c9a5d28a2702" executionId="593533bb-c01f-4640-b80b-27e2bdee5733" testListId="8c84fa94-04c1-424b-9868-57a2d4851a1d" />
    <TestEntry testId="e3025bda-8a4e-df13-2a95-75894d487dc2" executionId="35434f7b-cd67-4ac0-88eb-0c7a4f7e587b" testListId="8c84fa94-04c1-424b-9868-57a2d4851a1d" />
    <TestEntry testId="bcd89933-fbb2-940a-fc52-89e4773d39c2" executionId="d218b73e-a3fb-4261-939b-54ba49600c7e" testListId="8c84fa94-04c1-424b-9868-57a2d4851a1d" />
    <TestEntry testId="c3dfbe6a-a06d-dc4f-838a-2f4f4892eecc" executionId="15daed7a-4220-4390-b901-dd290cde9473" testListId="8c84fa94-04c1-424b-9868-57a2d4851a1d" />
    <TestEntry testId="1ea8b1f4-4e9a-8561-695a-abb47698cd8a" executionId="821b8d57-37b8-497b-bfd1-e1ca6da9e2e4" testListId="8c84fa94-04c1-424b-9868-57a2d4851a1d" />
    <TestEntry testId="01c6cd37-6e0a-ac59-fef9-9b774a637864" executionId="45d55c8a-731a-429f-b44d-caaebecb1aad" testListId="8c84fa94-04c1-424b-9868-57a2d4851a1d" />
    <TestEntry testId="ca3d08ec-edb1-62e5-2f81-afb14a457f61" executionId="4e6ed756-c75a-4a04-8ee6-1b58d5985dfe" testListId="8c84fa94-04c1-424b-9868-57a2d4851a1d" />
    <TestEntry testId="66ffeb4f-dce5-3602-0442-fed38a3bf0ca" executionId="7c6b3486-f61a-4ef1-b4ea-64be02c338f0" testListId="8c84fa94-04c1-424b-9868-57a2d4851a1d" />
    <TestEntry testId="a5c7492c-c4a2-91fa-fe17-981488932ccf" executionId="60400963-cbf5-455e-8864-742f704db8f4" testListId="8c84fa94-04c1-424b-9868-57a2d4851a1d" />
    <TestEntry testId="3fbec70d-7cf1-3177-01c4-fa9fd737c116" executionId="dc208bad-610a-4666-bfa9-889fa82540ec" testListId="8c84fa94-04c1-424b-9868-57a2d4851a1d" />
    <TestEntry testId="967fadfa-e68e-bebd-66ad-3ed83c7cc4f7" executionId="12ac93b5-65c9-4fc1-ba9b-88ad5e3e47a5" testListId="8c84fa94-04c1-424b-9868-57a2d4851a1d" />
    <TestEntry testId="d5e41786-afb1-c9e9-5845-afc657d47df4" executionId="415ae98c-1a5e-406e-bbff-add604806e3f" testListId="8c84fa94-04c1-424b-9868-57a2d4851a1d" />
    <TestEntry testId="8f1e23ec-b18e-6fd8-9035-546076daf466" executionId="48c8a11f-382d-465b-a3c7-c428fc09e75a" testListId="8c84fa94-04c1-424b-9868-57a2d4851a1d" />
    <TestEntry testId="41d2316c-b8be-4ba6-9a2f-833219ceeec8" executionId="ceed0a6b-d9f2-4731-9a5d-234d5ff0e0b0" testListId="8c84fa94-04c1-424b-9868-57a2d4851a1d" />
    <TestEntry testId="8b91968f-0bb5-78c4-ad2e-6cca0d4e6d4a" executionId="42bddd11-654d-4bb3-bf82-242befcb25fb" testListId="8c84fa94-04c1-424b-9868-57a2d4851a1d" />
    <TestEntry testId="67520dfc-ef04-5805-d900-05bbc76473c5" executionId="d3a41ffb-d350-495e-a430-21faaab75aa5" testListId="8c84fa94-04c1-424b-9868-57a2d4851a1d" />
    <TestEntry testId="c72ca6e0-1d99-7efb-a420-53958ad1e17d" executionId="243bb548-672b-4829-bef0-6b6c5aad8a1a" testListId="8c84fa94-04c1-424b-9868-57a2d4851a1d" />
    <TestEntry testId="f6d1c29e-6bf4-3d08-da88-f02b14b5277c" executionId="303622db-a94b-4727-bd0d-64704cc942be" testListId="8c84fa94-04c1-424b-9868-57a2d4851a1d" />
    <TestEntry testId="c50db96f-878d-d17e-e727-c48cc8150eff" executionId="a8fa04dd-f735-4fe9-a25f-930ddec7564d" testListId="8c84fa94-04c1-424b-9868-57a2d4851a1d" />
    <TestEntry testId="ead06bba-0420-349d-eafb-fee9f6e3ed82" executionId="7bce9bda-ccb4-453e-a990-38bd83ddc1f0" testListId="8c84fa94-04c1-424b-9868-57a2d4851a1d" />
    <TestEntry testId="db3f1c3e-8669-9f4a-013b-8f830ecb0102" executionId="155881bd-ad7b-4463-b3b0-6a0c20f17405" testListId="8c84fa94-04c1-424b-9868-57a2d4851a1d" />
    <TestEntry testId="c991d358-0d5d-c546-1a76-f6a61a1bfbfe" executionId="8913e026-5f9a-48b0-8b67-afc5fa810c43" testListId="8c84fa94-04c1-424b-9868-57a2d4851a1d" />
    <TestEntry testId="297cb8c0-1754-5d2e-e0f1-2a366f018a95" executionId="eb99ea0d-6b34-4652-b133-d9a4847b962f" testListId="8c84fa94-04c1-424b-9868-57a2d4851a1d" />
    <TestEntry testId="866a8a34-bd9f-aef8-7732-926ab622df12" executionId="54dbc62f-bea4-484d-9aad-334f8bceae0b" testListId="8c84fa94-04c1-424b-9868-57a2d4851a1d" />
    <TestEntry testId="1e415a42-03e2-71a4-8c24-14b6c94e5ba9" executionId="6f33ad01-c589-4dbe-9553-2cba3752fc38" testListId="8c84fa94-04c1-424b-9868-57a2d4851a1d" />
    <TestEntry testId="f9945cae-e572-88f4-a248-4436714c14d9" executionId="17dead0c-fffc-4504-8371-16ecb5a8206f" testListId="8c84fa94-04c1-424b-9868-57a2d4851a1d" />
    <TestEntry testId="a933709b-bd84-bb0a-cb75-26e765f1ab07" executionId="49702044-98f5-4e91-af98-0b5434286bed" testListId="8c84fa94-04c1-424b-9868-57a2d4851a1d" />
    <TestEntry testId="e5bd266c-e764-9035-1e4b-67759a572b90" executionId="d07c5d98-72fc-47a6-af68-f644da4f4976" testListId="8c84fa94-04c1-424b-9868-57a2d4851a1d" />
    <TestEntry testId="b2aa40b2-1813-6fda-b3f6-cdae423561a5" executionId="2b7f892a-de32-4e90-9f3b-cd20c7b4031a" testListId="8c84fa94-04c1-424b-9868-57a2d4851a1d" />
    <TestEntry testId="d360cdc0-0524-f6d1-17d3-50ff5c12a6ef" executionId="24223817-9536-4a46-bee7-f5bc18a7b9fe" testListId="8c84fa94-04c1-424b-9868-57a2d4851a1d" />
    <TestEntry testId="640281c2-d2c6-614b-9d1b-15b361eeede1" executionId="1be4c8bb-067f-4174-ad5b-0c81c8dd694f" testListId="8c84fa94-04c1-424b-9868-57a2d4851a1d" />
    <TestEntry testId="e1fd9b8c-ba82-6cde-3208-9a5bda7c35fd" executionId="5929b91e-8843-432b-a239-08484fc83304" testListId="8c84fa94-04c1-424b-9868-57a2d4851a1d" />
    <TestEntry testId="b2d61875-979d-58c0-3d13-2449d06a1c37" executionId="66fcab70-3e70-46f5-99fd-1ec1137df927" testListId="8c84fa94-04c1-424b-9868-57a2d4851a1d" />
    <TestEntry testId="99fda879-3bb6-899b-c11a-6afa25c9c800" executionId="bb60a648-0e19-4bc8-bd9b-e83c50f74c37" testListId="8c84fa94-04c1-424b-9868-57a2d4851a1d" />
    <TestEntry testId="c6553402-7056-c61d-c5a4-bb470a31253b" executionId="dba19471-4201-4cfe-bd1f-f88d49e85976" testListId="8c84fa94-04c1-424b-9868-57a2d4851a1d" />
    <TestEntry testId="1d7953a8-6241-ef89-345a-e130ddbad075" executionId="14652f50-d45b-42dc-ba17-4abd839ff3c3" testListId="8c84fa94-04c1-424b-9868-57a2d4851a1d" />
    <TestEntry testId="f62de53f-b3e9-cb02-b1bd-bed65cabcac2" executionId="01dcdee4-3c9b-418d-a56e-9d923c5610cb" testListId="8c84fa94-04c1-424b-9868-57a2d4851a1d" />
    <TestEntry testId="3925efb9-9c12-2bed-b115-f0693ba87cc8" executionId="81c2b511-79e1-4711-a166-e35543fc2ffe" testListId="8c84fa94-04c1-424b-9868-57a2d4851a1d" />
    <TestEntry testId="d5229300-ba34-a1ea-8a15-238ee6315b58" executionId="1fc4c157-b4cb-4d4b-9ced-385dd84c43d1" testListId="8c84fa94-04c1-424b-9868-57a2d4851a1d" />
    <TestEntry testId="dc06a432-46fb-e3c6-2f96-2f8334ff30ba" executionId="b9427aa7-7057-4c7a-b67f-522b8563891c" testListId="8c84fa94-04c1-424b-9868-57a2d4851a1d" />
    <TestEntry testId="874676bf-57e1-b653-48ea-7167e517e596" executionId="87ae182f-9cca-400d-8358-16191e2396bc" testListId="8c84fa94-04c1-424b-9868-57a2d4851a1d" />
    <TestEntry testId="6251f72e-3558-9793-ecd3-f26416e2f718" executionId="0d834c98-f96b-427d-8aa6-6790a84e9512" testListId="8c84fa94-04c1-424b-9868-57a2d4851a1d" />
    <TestEntry testId="5cf95232-9bd9-6699-ec19-8401b329dc11" executionId="2dc5e90a-d32e-410e-88bb-7b401d0560e1" testListId="8c84fa94-04c1-424b-9868-57a2d4851a1d" />
    <TestEntry testId="d097ad65-b6c0-fffb-3879-e475cefe8ac5" executionId="2c426c8d-8911-4ef8-a807-8e47a16e3aa2" testListId="8c84fa94-04c1-424b-9868-57a2d4851a1d" />
    <TestEntry testId="e94f3b6f-00f3-57f5-33d1-1df6be780c7d" executionId="954603be-5df4-4bb4-bae0-889f37905b99" testListId="8c84fa94-04c1-424b-9868-57a2d4851a1d" />
    <TestEntry testId="f1127ca1-0408-0fdd-c6b9-59d9442f2f64" executionId="5d162e92-7ea1-4228-b3f7-84e748544eb0" testListId="8c84fa94-04c1-424b-9868-57a2d4851a1d" />
    <TestEntry testId="e3a4d65d-d083-473d-a7fb-e6f709c83a60" executionId="6056d695-48f2-4ed3-b25e-2c2ffb01a27e" testListId="8c84fa94-04c1-424b-9868-57a2d4851a1d" />
    <TestEntry testId="9f3e07ce-afad-7dfa-510f-7a044ae6c202" executionId="464e8018-7d12-4eef-a22b-477d0bcacf58" testListId="8c84fa94-04c1-424b-9868-57a2d4851a1d" />
    <TestEntry testId="a7879089-b2bc-1b17-b4b3-ed7fc786e30d" executionId="558f2de6-c62a-478e-8efc-501ab8715250" testListId="8c84fa94-04c1-424b-9868-57a2d4851a1d" />
    <TestEntry testId="d1605941-48e0-fbcc-1be8-0ec6b9950d4d" executionId="0e755cca-e6f7-495f-b5be-730359e024a7" testListId="8c84fa94-04c1-424b-9868-57a2d4851a1d" />
    <TestEntry testId="a6c5f346-88ad-0dc2-4d93-2ee0a56ab127" executionId="873dbfe9-b418-4448-b1ab-4fc6a1ae8424" testListId="8c84fa94-04c1-424b-9868-57a2d4851a1d" />
    <TestEntry testId="9ff146d5-22b5-53ad-bc7f-f19c8004d0d7" executionId="b1f16494-ccb4-41c1-80a8-9f18bd5d1f57" testListId="8c84fa94-04c1-424b-9868-57a2d4851a1d" />
    <TestEntry testId="aabaad12-1068-7e2d-7c3a-ba50f49c64cc" executionId="56e1b996-d322-4931-bc0d-90a27ecf084b" testListId="8c84fa94-04c1-424b-9868-57a2d4851a1d" />
    <TestEntry testId="cc70eb97-9fa2-4393-16f1-399dcb17deac" executionId="279e5e77-6f69-4aab-892b-345f44c6bdde" testListId="8c84fa94-04c1-424b-9868-57a2d4851a1d" />
    <TestEntry testId="98dbc649-71e0-bb39-317b-3d32ce76601f" executionId="546cbadc-97b8-47ce-a335-6cb8fd2eb748" testListId="8c84fa94-04c1-424b-9868-57a2d4851a1d" />
    <TestEntry testId="05974633-af6a-a2fd-c070-060a3061f9e7" executionId="8939cc17-9c5c-40fe-978e-5d2bbb01011f" testListId="8c84fa94-04c1-424b-9868-57a2d4851a1d" />
    <TestEntry testId="d8f2eb5a-339a-efe9-164d-4886bab9d470" executionId="fc12345e-1c4e-48f6-8867-fbef10684bb5" testListId="8c84fa94-04c1-424b-9868-57a2d4851a1d" />
    <TestEntry testId="73ca1aef-3675-21e4-d6df-a9f26beb5375" executionId="98df4593-535b-4f7d-a230-094858d6ee82" testListId="8c84fa94-04c1-424b-9868-57a2d4851a1d" />
    <TestEntry testId="53e06281-965c-154d-169d-18b12de3780c" executionId="e517b9f7-5ff6-49e6-ad9f-9a95f3072dde" testListId="8c84fa94-04c1-424b-9868-57a2d4851a1d" />
    <TestEntry testId="b0f13de1-5c6f-a12b-8761-124ba685f069" executionId="374ab075-cebb-4717-b8a2-d857495ab491" testListId="8c84fa94-04c1-424b-9868-57a2d4851a1d" />
    <TestEntry testId="2bfc8ccb-c6d1-42ea-66ae-0830cce47682" executionId="c59dfb45-ba12-4fee-9dec-ef18118c457c" testListId="8c84fa94-04c1-424b-9868-57a2d4851a1d" />
    <TestEntry testId="10bb1524-4517-7455-039c-131d8085c67f" executionId="d8da4fa0-8233-4451-8e86-f30273626934" testListId="8c84fa94-04c1-424b-9868-57a2d4851a1d" />
    <TestEntry testId="a83975d8-4228-cc55-20bb-868b6cced19d" executionId="68fddd87-d4d6-48ff-bbc0-00d2e51d453a" testListId="8c84fa94-04c1-424b-9868-57a2d4851a1d" />
    <TestEntry testId="e3417458-c3ae-d69e-37a7-12994d5c3174" executionId="304ccd79-238f-4c6a-9583-d438230b8abd" testListId="8c84fa94-04c1-424b-9868-57a2d4851a1d" />
    <TestEntry testId="7bce9a2b-c083-1a19-6c4e-3b7cadd30d14" executionId="a550d0eb-4342-4ef5-855d-e0dc543ffca5" testListId="8c84fa94-04c1-424b-9868-57a2d4851a1d" />
  </TestEntries>
  <TestLists>
    <TestList name="Results Not in a List" id="8c84fa94-04c1-424b-9868-57a2d4851a1d" />
    <TestList name="All Loaded Results" id="19431567-8539-422a-85d7-44ee4e166bda" />
  </TestLists>
  <ResultSummary outcome="Completed">
    <Counters total="87" executed="87" passed="87" failed="0" error="0" timeout="0" aborted="0" inconclusive="0" passedButRunAborted="0" notRunnable="0" notExecuted="0" disconnected="0" warning="0" completed="0" inProgress="0" pending="0" />
    <Output>
      <StdOut>[xUnit.net 00:00:00.00] xUnit.net VSTest Adapter v2.5.3.1+6b60a9e56a (64-bit .NET 8.0.31)
[xUnit.net 00:00:00.08]   Discovering: Bliss.Tests
[xUnit.net 00:00:00.13]   Discovered:  Bliss.Tests
[xUnit.net 00:00:00.13]   Starting:    Bliss.Tests
[xUnit.net 00:00:02.00]   Finished:    Bliss.Tests
</StdOut>
    </Output>
  </ResultSummary>
</TestRun>