<?xml version="1.0" encoding="utf-8"?>
<TestRun id="69bdf8a6-731d-40f8-a847-a3139d1fd5d8" name="@cursor 2026-09-19 09:42:48" xmlns="http://microsoft.com/schemas/VisualStudio/TeamTest/2010">
  <Times creation="2026-09-19T09:42:48.7296756+00:00" queuing="2026-09-19T09:42:48.7296756+00:00" start="2026-09-19T09:42:47.4071319+00:00" finish="2026-09-19T09:42:48.8477960+00:00" />
  <TestSettings name="default" id="5a39e0a0-3f50-4143-9aa0-c8879a57b44d">
    <Deployment runDeploymentRoot="_cursor_2026-09-19_09_42_48" />
  </TestSettings>
  <Results>
    <UnitTestResult executionId="8896208b-0e7b-4ab8-b99d-c701eedd4615" testId="66d27266-de8f-413f-0500-3db785fae6c5" testName="Bliss.Tests.Architecture.ApiSurfaceTests.Phase1_read_endpoints_are_present" computerName="cursor" duration="00:00:00.0157585" startTime="2026-09-19T09:42:48.0027962+00:00" endTime="2026-09-19T09:42:48.0028184+00:00" testType="13cdc9d9-ddb5-4fa4-a97d-d965ccfc6d4b" outcome="Passed" testListId="8c84fa94-04c1-424b-9868-57a2d4851a1d" relativeResultsDirectory="8896208b-0e7b-4ab8-b99d-c701eedd4615" />
    <UnitTestResult executionId="f65011ba-afc1-491b-9e94-45be8aec03db" testId="297cb8c0-1754-5d2e-e0f1-2a366f018a95" testName="Bliss.Tests.Persistence.BlissMatchArchitectureTests.Creator_supports_multiple_simultaneous_bliss_matches_without_uniqueness_violation" computerName="cursor" duration="00:00:00.6694734" startTime="2026-09-19T09:42:48.6538629+00:00" endTime="2026-09-19T09:42:48.6538631+00:00" testType="13cdc9d9-ddb5-4fa4-a97d-d965ccfc6d4b" outcome="Passed" testListId="8c84fa94-04c1-424b-9868-57a2d4851a1d" relativeResultsDirectory="f65011ba-afc1-491b-9e94-45be8aec03db" />
    <UnitTestResult executionId="9587fffb-4773-434a-8ae2-7fee16ea46ed" testId="c50db96f-878d-d17e-e727-c48cc8150eff" testName="Bliss.Tests.Architecture.EfModelConstraintTests.Female_percentage_is_nullable" computerName="cursor" duration="00:00:00.0003760" startTime="2026-09-19T09:42:48.6929004+00:00" endTime="2026-09-19T09:42:48.6929005+00:00" testType="13cdc9d9-ddb5-4fa4-a97d-d965ccfc6d4b" outcome="Passed" testListId="8c84fa94-04c1-424b-9868-57a2d4851a1d" relativeResultsDirectory="9587fffb-4773-434a-8ae2-7fee16ea46ed" />
    <UnitTestResult executionId="6d159249-dbb2-4e5b-b270-c0fd2f2937cc" testId="e1fd9b8c-ba82-6cde-3208-9a5bda7c35fd" testName="Bliss.Tests.Persistence.SeedDataTests.Phase1_seed_creates_required_graph" computerName="cursor" duration="00:00:00.0774830" startTime="2026-09-19T09:42:48.7923397+00:00" endTime="2026-09-19T09:42:48.7923398+00:00" testType="13cdc9d9-ddb5-4fa4-a97d-d965ccfc6d4b" outcome="Passed" testListId="8c84fa94-04c1-424b-9868-57a2d4851a1d" relativeResultsDirectory="6d159249-dbb2-4e5b-b270-c0fd2f2937cc" />
    <UnitTestResult executionId="eaa3885f-020e-4f46-9d81-c7c694af3e4d" testId="bcd89933-fbb2-940a-fc52-89e4773d39c2" testName="Bliss.Tests.Domain.EntityDefaultTests.Advertiser_opportunity_defaults_to_active" computerName="cursor" duration="00:00:00.0000502" startTime="2026-09-19T09:42:48.6891478+00:00" endTime="2026-09-19T09:42:48.6891478+00:00" testType="13cdc9d9-ddb5-4fa4-a97d-d965ccfc6d4b" outcome="Passed" testListId="8c84fa94-04c1-424b-9868-57a2d4851a1d" relativeResultsDirectory="eaa3885f-020e-4f46-9d81-c7c694af3e4d" />
    <UnitTestResult executionId="21efdca0-1514-45e3-b998-a13a32111f12" testId="99fda879-3bb6-899b-c11a-6afa25c9c800" testName="Bliss.Tests.Domain.EntityDefaultTests.Data_provenance_confidence_defaults_to_unknown" computerName="cursor" duration="00:00:00.0004918" startTime="2026-09-19T09:42:48.6547858+00:00" endTime="2026-09-19T09:42:48.6547859+00:00" testType="13cdc9d9-ddb5-4fa4-a97d-d965ccfc6d4b" outcome="Passed" testListId="8c84fa94-04c1-424b-9868-57a2d4851a1d" relativeResultsDirectory="21efdca0-1514-45e3-b998-a13a32111f12" />
    <UnitTestResult executionId="7ce61be4-a81d-45fb-b27d-4a6267e11ae1" testId="0ddc4816-05ae-a087-452a-3c8559632bcd" testName="Bliss.Tests.Architecture.EfModelConstraintTests.Major_relationships_use_restrict_delete_behavior" computerName="cursor" duration="00:00:00.0011641" startTime="2026-09-19T09:42:48.6929612+00:00" endTime="2026-09-19T09:42:48.6929612+00:00" testType="13cdc9d9-ddb5-4fa4-a97d-d965ccfc6d4b" outcome="Passed" testListId="8c84fa94-04c1-424b-9868-57a2d4851a1d" relativeResultsDirectory="7ce61be4-a81d-45fb-b27d-4a6267e11ae1" />
    <UnitTestResult executionId="d7677386-b3b6-4715-9b32-7114ad9b83ee" testId="aabaad12-1068-7e2d-7c3a-ba50f49c64cc" testName="Bliss.Tests.Persistence.HistoricalRuleVersionTests.Historical_bliss_match_preserves_original_rule_version" computerName="cursor" duration="00:00:00.0079191" startTime="2026-09-19T09:42:48.7241280+00:00" endTime="2026-09-19T09:42:48.7241281+00:00" testType="13cdc9d9-ddb5-4fa4-a97d-d965ccfc6d4b" outcome="Passed" testListId="8c84fa94-04c1-424b-9868-57a2d4851a1d" relativeResultsDirectory="d7677386-b3b6-4715-9b32-7114ad9b83ee" />
    <UnitTestResult executionId="d90399b8-4bef-4892-ad7f-bc32b059b701" testId="b2d61875-979d-58c0-3d13-2449d06a1c37" testName="Bliss.Tests.Persistence.DataProvenanceTests.Data_provenance_retains_source_confidence_and_collected_at" computerName="cursor" duration="00:00:00.0531099" startTime="2026-09-19T09:42:48.7412895+00:00" endTime="2026-09-19T09:42:48.7412896+00:00" testType="13cdc9d9-ddb5-4fa4-a97d-d965ccfc6d4b" outcome="Passed" testListId="8c84fa94-04c1-424b-9868-57a2d4851a1d" relativeResultsDirectory="d90399b8-4bef-4892-ad7f-bc32b059b701" />
    <UnitTestResult executionId="46f75af4-0ec3-404b-9697-0425b21fd0a8" testId="67520dfc-ef04-5805-d900-05bbc76473c5" testName="Bliss.Tests.Architecture.EfModelConstraintTests.There_is_no_direct_creator_to_advertiser_foreign_key" computerName="cursor" duration="00:00:00.0005391" startTime="2026-09-19T09:42:48.6892637+00:00" endTime="2026-09-19T09:42:48.6892637+00:00" testType="13cdc9d9-ddb5-4fa4-a97d-d965ccfc6d4b" outcome="Passed" testListId="8c84fa94-04c1-424b-9868-57a2d4851a1d" relativeResultsDirectory="46f75af4-0ec3-404b-9697-0425b21fd0a8" />
    <UnitTestResult executionId="6ab7930a-d3dc-44a5-818d-3eeec4919740" testId="cc70eb97-9fa2-4393-16f1-399dcb17deac" testName="Bliss.Tests.Architecture.EfModelConstraintTests.Required_foreign_key_indexes_exist" computerName="cursor" duration="00:00:00.0285268" startTime="2026-09-19T09:42:48.6892218+00:00" endTime="2026-09-19T09:42:48.6892219+00:00" testType="13cdc9d9-ddb5-4fa4-a97d-d965ccfc6d4b" outcome="Passed" testListId="8c84fa94-04c1-424b-9868-57a2d4851a1d" relativeResultsDirectory="6ab7930a-d3dc-44a5-818d-3eeec4919740" />
    <UnitTestResult executionId="ae3c741f-9f6d-4906-97e1-0aa70e7f1959" testId="a83975d8-4228-cc55-20bb-868b6cced19d" testName="Bliss.Tests.Persistence.CreatorContentArchitectureTests.Creator_supports_multiple_content_items" computerName="cursor" duration="00:00:00.6470286" startTime="2026-09-19T09:42:48.6539181+00:00" endTime="2026-09-19T09:42:48.6539182+00:00" testType="13cdc9d9-ddb5-4fa4-a97d-d965ccfc6d4b" outcome="Passed" testListId="8c84fa94-04c1-424b-9868-57a2d4851a1d" relativeResultsDirectory="ae3c741f-9f6d-4906-97e1-0aa70e7f1959" />
    <UnitTestResult executionId="2075875b-c29c-47e5-82a4-68b5a8bd2b9d" testId="c72ca6e0-1d99-7efb-a420-53958ad1e17d" testName="Bliss.Tests.Architecture.EfModelConstraintTests.Campaign_placement_content_item_id_is_not_unique" computerName="cursor" duration="00:00:00.0010202" startTime="2026-09-19T09:42:48.6892440+00:00" endTime="2026-09-19T09:42:48.6892440+00:00" testType="13cdc9d9-ddb5-4fa4-a97d-d965ccfc6d4b" outcome="Passed" testListId="8c84fa94-04c1-424b-9868-57a2d4851a1d" relativeResultsDirectory="2075875b-c29c-47e5-82a4-68b5a8bd2b9d" />
    <UnitTestResult executionId="c1e7da2c-a1c6-4df9-8918-17fd42b2fa5a" testId="d5e41786-afb1-c9e9-5845-afc657d47df4" testName="Bliss.Tests.Persistence.UnknownDemographicTests.Unknown_female_percentage_remains_null_and_is_not_converted_to_zero" computerName="cursor" duration="00:00:00.0606933" startTime="2026-09-19T09:42:48.7159872+00:00" endTime="2026-09-19T09:42:48.7159873+00:00" testType="13cdc9d9-ddb5-4fa4-a97d-d965ccfc6d4b" outcome="Passed" testListId="8c84fa94-04c1-424b-9868-57a2d4851a1d" relativeResultsDirectory="c1e7da2c-a1c6-4df9-8918-17fd42b2fa5a" />
    <UnitTestResult executionId="d36e9849-f702-4c9e-abea-ab958849edec" testId="41d2316c-b8be-4ba6-9a2f-833219ceeec8" testName="Bliss.Tests.Persistence.BlissMatchArchitectureTests.New_bliss_match_does_not_overwrite_another_valid_match" computerName="cursor" duration="00:00:00.0609187" startTime="2026-09-19T09:42:48.7149832+00:00" endTime="2026-09-19T09:42:48.7149833+00:00" testType="13cdc9d9-ddb5-4fa4-a97d-d965ccfc6d4b" outcome="Passed" testListId="8c84fa94-04c1-424b-9868-57a2d4851a1d" relativeResultsDirectory="d36e9849-f702-4c9e-abea-ab958849edec" />
    <UnitTestResult executionId="4318bb7a-4539-4822-8113-4a1eb3fee437" testId="ea538728-2dcf-0820-96b8-cf44ab65d900" testName="Bliss.Tests.Domain.EntityDefaultTests.Network_and_program_access_default_to_unknown_independently" computerName="cursor" duration="00:00:00.0001116" startTime="2026-09-19T09:42:48.6891164+00:00" endTime="2026-09-19T09:42:48.6891165+00:00" testType="13cdc9d9-ddb5-4fa4-a97d-d965ccfc6d4b" outcome="Passed" testListId="8c84fa94-04c1-424b-9868-57a2d4851a1d" relativeResultsDirectory="4318bb7a-4539-4822-8113-4a1eb3fee437" />
    <UnitTestResult executionId="dd203da9-65ba-4dfa-b6f1-bb78fec900c6" testId="c3dfbe6a-a06d-dc4f-838a-2f4f4892eecc" testName="Bliss.Tests.Persistence.InventoryArchitectureTests.Content_item_supports_multiple_ad_inventory_slots" computerName="cursor" duration="00:00:00.6731988" startTime="2026-09-19T09:42:48.6888891+00:00" endTime="2026-09-19T09:42:48.6888892+00:00" testType="13cdc9d9-ddb5-4fa4-a97d-d965ccfc6d4b" outcome="Passed" testListId="8c84fa94-04c1-424b-9868-57a2d4851a1d" relativeResultsDirectory="dd203da9-65ba-4dfa-b6f1-bb78fec900c6" />
    <UnitTestResult executionId="fccfa908-f60a-4607-8720-7304f5bd43fd" testId="35e70851-9287-56c9-f6ff-18f25b74fc27" testName="Bliss.Tests.Domain.EntityDefaultTests.Advertiser_program_defaults_to_active" computerName="cursor" duration="00:00:00.0000677" startTime="2026-09-19T09:42:48.6890649+00:00" endTime="2026-09-19T09:42:48.6890650+00:00" testType="13cdc9d9-ddb5-4fa4-a97d-d965ccfc6d4b" outcome="Passed" testListId="8c84fa94-04c1-424b-9868-57a2d4851a1d" relativeResultsDirectory="fccfa908-f60a-4607-8720-7304f5bd43fd" />
    <UnitTestResult executionId="a375c594-7200-47c7-9316-fdde7ca5dc3a" testId="a7d83d3f-3fef-87b8-c59e-edd358ba4e8d" testName="Bliss.Tests.Architecture.EfModelConstraintTests.Bliss_match_creator_id_is_not_unique" computerName="cursor" duration="00:00:00.0004370" startTime="2026-09-19T09:42:48.6929389+00:00" endTime="2026-09-19T09:42:48.6929390+00:00" testType="13cdc9d9-ddb5-4fa4-a97d-d965ccfc6d4b" outcome="Passed" testListId="8c84fa94-04c1-424b-9868-57a2d4851a1d" relativeResultsDirectory="a375c594-7200-47c7-9316-fdde7ca5dc3a" />
    <UnitTestResult executionId="8634bdec-cd11-4131-afea-183761d7a885" testId="05974633-af6a-a2fd-c070-060a3061f9e7" testName="Bliss.Tests.Persistence.AccessIndependenceTests.Network_access_and_program_access_are_independent" computerName="cursor" duration="00:00:00.0900015" startTime="2026-09-19T09:42:48.7441347+00:00" endTime="2026-09-19T09:42:48.7441348+00:00" testType="13cdc9d9-ddb5-4fa4-a97d-d965ccfc6d4b" outcome="Passed" testListId="8c84fa94-04c1-424b-9868-57a2d4851a1d" relativeResultsDirectory="8634bdec-cd11-4131-afea-183761d7a885" />
    <UnitTestResult executionId="cfcaa617-eca5-4530-af6e-d26b339037f0" testId="01c6cd37-6e0a-ac59-fef9-9b774a637864" testName="Bliss.Tests.Domain.EntityDefaultTests.Bliss_match_defaults_to_created" computerName="cursor" duration="00:00:00.0001388" startTime="2026-09-19T09:42:48.6559000+00:00" endTime="2026-09-19T09:42:48.6559001+00:00" testType="13cdc9d9-ddb5-4fa4-a97d-d965ccfc6d4b" outcome="Passed" testListId="8c84fa94-04c1-424b-9868-57a2d4851a1d" relativeResultsDirectory="cfcaa617-eca5-4530-af6e-d26b339037f0" />
    <UnitTestResult executionId="7e113551-585f-4999-9343-1947cdf345e4" testId="2bfc8ccb-c6d1-42ea-66ae-0830cce47682" testName="Bliss.Tests.Domain.EntityDefaultTests.Ad_inventory_slot_defaults_to_available" computerName="cursor" duration="00:00:00.0001326" startTime="2026-09-19T09:42:48.6891684+00:00" endTime="2026-09-19T09:42:48.6891685+00:00" testType="13cdc9d9-ddb5-4fa4-a97d-d965ccfc6d4b" outcome="Passed" testListId="8c84fa94-04c1-424b-9868-57a2d4851a1d" relativeResultsDirectory="7e113551-585f-4999-9343-1947cdf345e4" />
    <UnitTestResult executionId="b9434cdd-f555-4f7c-b98b-c4a5419c02b4" testId="100dc352-f3cc-3a7d-1cfc-82d5e7a3fd66" testName="Bliss.Tests.Persistence.CampaignPlacementArchitectureTests.Multiple_campaign_placements_can_reference_the_same_content_item" computerName="cursor" duration="00:00:00.6695550" startTime="2026-09-19T09:42:48.6535429+00:00" endTime="2026-09-19T09:42:48.6535431+00:00" testType="13cdc9d9-ddb5-4fa4-a97d-d965ccfc6d4b" outcome="Passed" testListId="8c84fa94-04c1-424b-9868-57a2d4851a1d" relativeResultsDirectory="b9434cdd-f555-4f7c-b98b-c4a5419c02b4" />
  </Results>
  <TestDefinitions>
    <UnitTest name="Bliss.Tests.Persistence.SeedDataTests.Phase1_seed_creates_required_graph" storage="/workspace/bliss.tests/bin/debug/net8.0/bliss.tests.dll" id="e1fd9b8c-ba82-6cde-3208-9a5bda7c35fd">
      <Execution id="6d159249-dbb2-4e5b-b270-c0fd2f2937cc" />
      <TestMethod codeBase="/workspace/Bliss.Tests/bin/Debug/net8.0/Bliss.Tests.dll" adapterTypeName="executor://xunit/VsTestRunner2/netcoreapp" className="Bliss.Tests.Persistence.SeedDataTests" name="Phase1_seed_creates_required_graph" />
    </UnitTest>
    <UnitTest name="Bliss.Tests.Persistence.BlissMatchArchitectureTests.Creator_supports_multiple_simultaneous_bliss_matches_without_uniqueness_violation" storage="/workspace/bliss.tests/bin/debug/net8.0/bliss.tests.dll" id="297cb8c0-1754-5d2e-e0f1-2a366f018a95">
      <Execution id="f65011ba-afc1-491b-9e94-45be8aec03db" />
      <TestMethod codeBase="/workspace/Bliss.Tests/bin/Debug/net8.0/Bliss.Tests.dll" adapterTypeName="executor://xunit/VsTestRunner2/netcoreapp" className="Bliss.Tests.Persistence.BlissMatchArchitectureTests" name="Creator_supports_multiple_simultaneous_bliss_matches_without_uniqueness_violation" />
    </UnitTest>
    <UnitTest name="Bliss.Tests.Domain.EntityDefaultTests.Ad_inventory_slot_defaults_to_available" storage="/workspace/bliss.tests/bin/debug/net8.0/bliss.tests.dll" id="2bfc8ccb-c6d1-42ea-66ae-0830cce47682">
      <Execution id="7e113551-585f-4999-9343-1947cdf345e4" />
      <TestMethod codeBase="/workspace/Bliss.Tests/bin/Debug/net8.0/Bliss.Tests.dll" adapterTypeName="executor://xunit/VsTestRunner2/netcoreapp" className="Bliss.Tests.Domain.EntityDefaultTests" name="Ad_inventory_slot_defaults_to_available" />
    </UnitTest>
    <UnitTest name="Bliss.Tests.Domain.EntityDefaultTests.Advertiser_program_defaults_to_active" storage="/workspace/bliss.tests/bin/debug/net8.0/bliss.tests.dll" id="35e70851-9287-56c9-f6ff-18f25b74fc27">
      <Execution id="fccfa908-f60a-4607-8720-7304f5bd43fd" />
      <TestMethod codeBase="/workspace/Bliss.Tests/bin/Debug/net8.0/Bliss.Tests.dll" adapterTypeName="executor://xunit/VsTestRunner2/netcoreapp" className="Bliss.Tests.Domain.EntityDefaultTests" name="Advertiser_program_defaults_to_active" />
    </UnitTest>
    <UnitTest name="Bliss.Tests.Persistence.DataProvenanceTests.Data_provenance_retains_source_confidence_and_collected_at" storage="/workspace/bliss.tests/bin/debug/net8.0/bliss.tests.dll" id="b2d61875-979d-58c0-3d13-2449d06a1c37">
      <Execution id="d90399b8-4bef-4892-ad7f-bc32b059b701" />
      <TestMethod codeBase="/workspace/Bliss.Tests/bin/Debug/net8.0/Bliss.Tests.dll" adapterTypeName="executor://xunit/VsTestRunner2/netcoreapp" className="Bliss.Tests.Persistence.DataProvenanceTests" name="Data_provenance_retains_source_confidence_and_collected_at" />
    </UnitTest>
    <UnitTest name="Bliss.Tests.Architecture.EfModelConstraintTests.Female_percentage_is_nullable" storage="/workspace/bliss.tests/bin/debug/net8.0/bliss.tests.dll" id="c50db96f-878d-d17e-e727-c48cc8150eff">
      <Execution id="9587fffb-4773-434a-8ae2-7fee16ea46ed" />
      <TestMethod codeBase="/workspace/Bliss.Tests/bin/Debug/net8.0/Bliss.Tests.dll" adapterTypeName="executor://xunit/VsTestRunner2/netcoreapp" className="Bliss.Tests.Architecture.EfModelConstraintTests" name="Female_percentage_is_nullable" />
    </UnitTest>
    <UnitTest name="Bliss.Tests.Architecture.EfModelConstraintTests.Major_relationships_use_restrict_delete_behavior" storage="/workspace/bliss.tests/bin/debug/net8.0/bliss.tests.dll" id="0ddc4816-05ae-a087-452a-3c8559632bcd">
      <Execution id="7ce61be4-a81d-45fb-b27d-4a6267e11ae1" />
      <TestMethod codeBase="/workspace/Bliss.Tests/bin/Debug/net8.0/Bliss.Tests.dll" adapterTypeName="executor://xunit/VsTestRunner2/netcoreapp" className="Bliss.Tests.Architecture.EfModelConstraintTests" name="Major_relationships_use_restrict_delete_behavior" />
    </UnitTest>
    <UnitTest name="Bliss.Tests.Architecture.EfModelConstraintTests.Bliss_match_creator_id_is_not_unique" storage="/workspace/bliss.tests/bin/debug/net8.0/bliss.tests.dll" id="a7d83d3f-3fef-87b8-c59e-edd358ba4e8d">
      <Execution id="a375c594-7200-47c7-9316-fdde7ca5dc3a" />
      <TestMethod codeBase="/workspace/Bliss.Tests/bin/Debug/net8.0/Bliss.Tests.dll" adapterTypeName="executor://xunit/VsTestRunner2/netcoreapp" className="Bliss.Tests.Architecture.EfModelConstraintTests" name="Bliss_match_creator_id_is_not_unique" />
    </UnitTest>
    <UnitTest name="Bliss.Tests.Persistence.HistoricalRuleVersionTests.Historical_bliss_match_preserves_original_rule_version" storage="/workspace/bliss.tests/bin/debug/net8.0/bliss.tests.dll" id="aabaad12-1068-7e2d-7c3a-ba50f49c64cc">
      <Execution id="d7677386-b3b6-4715-9b32-7114ad9b83ee" />
      <TestMethod codeBase="/workspace/Bliss.Tests/bin/Debug/net8.0/Bliss.Tests.dll" adapterTypeName="executor://xunit/VsTestRunner2/netcoreapp" className="Bliss.Tests.Persistence.HistoricalRuleVersionTests" name="Historical_bliss_match_preserves_original_rule_version" />
    </UnitTest>
    <UnitTest name="Bliss.Tests.Domain.EntityDefaultTests.Bliss_match_defaults_to_created" storage="/workspace/bliss.tests/bin/debug/net8.0/bliss.tests.dll" id="01c6cd37-6e0a-ac59-fef9-9b774a637864">
      <Execution id="cfcaa617-eca5-4530-af6e-d26b339037f0" />
      <TestMethod codeBase="/workspace/Bliss.Tests/bin/Debug/net8.0/Bliss.Tests.dll" adapterTypeName="executor://xunit/VsTestRunner2/netcoreapp" className="Bliss.Tests.Domain.EntityDefaultTests" name="Bliss_match_defaults_to_created" />
    </UnitTest>
    <UnitTest name="Bliss.Tests.Domain.EntityDefaultTests.Network_and_program_access_default_to_unknown_independently" storage="/workspace/bliss.tests/bin/debug/net8.0/bliss.tests.dll" id="ea538728-2dcf-0820-96b8-cf44ab65d900">
      <Execution id="4318bb7a-4539-4822-8113-4a1eb3fee437" />
      <TestMethod codeBase="/workspace/Bliss.Tests/bin/Debug/net8.0/Bliss.Tests.dll" adapterTypeName="executor://xunit/VsTestRunner2/netcoreapp" className="Bliss.Tests.Domain.EntityDefaultTests" name="Network_and_program_access_default_to_unknown_independently" />
    </UnitTest>
    <UnitTest name="Bliss.Tests.Persistence.AccessIndependenceTests.Network_access_and_program_access_are_independent" storage="/workspace/bliss.tests/bin/debug/net8.0/bliss.tests.dll" id="05974633-af6a-a2fd-c070-060a3061f9e7">
      <Execution id="8634bdec-cd11-4131-afea-183761d7a885" />
      <TestMethod codeBase="/workspace/Bliss.Tests/bin/Debug/net8.0/Bliss.Tests.dll" adapterTypeName="executor://xunit/VsTestRunner2/netcoreapp" className="Bliss.Tests.Persistence.AccessIndependenceTests" name="Network_access_and_program_access_are_independent" />
    </UnitTest>
    <UnitTest name="Bliss.Tests.Persistence.BlissMatchArchitectureTests.New_bliss_match_does_not_overwrite_another_valid_match" storage="/workspace/bliss.tests/bin/debug/net8.0/bliss.tests.dll" id="41d2316c-b8be-4ba6-9a2f-833219ceeec8">
      <Execution id="d36e9849-f702-4c9e-abea-ab958849edec" />
      <TestMethod codeBase="/workspace/Bliss.Tests/bin/Debug/net8.0/Bliss.Tests.dll" adapterTypeName="executor://xunit/VsTestRunner2/netcoreapp" className="Bliss.Tests.Persistence.BlissMatchArchitectureTests" name="New_bliss_match_does_not_overwrite_another_valid_match" />
    </UnitTest>
    <UnitTest name="Bliss.Tests.Persistence.CampaignPlacementArchitectureTests.Multiple_campaign_placements_can_reference_the_same_content_item" storage="/workspace/bliss.tests/bin/debug/net8.0/bliss.tests.dll" id="100dc352-f3cc-3a7d-1cfc-82d5e7a3fd66">
      <Execution id="b9434cdd-f555-4f7c-b98b-c4a5419c02b4" />
      <TestMethod codeBase="/workspace/Bliss.Tests/bin/Debug/net8.0/Bliss.Tests.dll" adapterTypeName="executor://xunit/VsTestRunner2/netcoreapp" className="Bliss.Tests.Persistence.CampaignPlacementArchitectureTests" name="Multiple_campaign_placements_can_reference_the_same_content_item" />
    </UnitTest>
    <UnitTest name="Bliss.Tests.Architecture.EfModelConstraintTests.Required_foreign_key_indexes_exist" storage="/workspace/bliss.tests/bin/debug/net8.0/bliss.tests.dll" id="cc70eb97-9fa2-4393-16f1-399dcb17deac">
      <Execution id="6ab7930a-d3dc-44a5-818d-3eeec4919740" />
      <TestMethod codeBase="/workspace/Bliss.Tests/bin/Debug/net8.0/Bliss.Tests.dll" adapterTypeName="executor://xunit/VsTestRunner2/netcoreapp" className="Bliss.Tests.Architecture.EfModelConstraintTests" name="Required_foreign_key_indexes_exist" />
    </UnitTest>
    <UnitTest name="Bliss.Tests.Architecture.EfModelConstraintTests.Campaign_placement_content_item_id_is_not_unique" storage="/workspace/bliss.tests/bin/debug/net8.0/bliss.tests.dll" id="c72ca6e0-1d99-7efb-a420-53958ad1e17d">
      <Execution id="2075875b-c29c-47e5-82a4-68b5a8bd2b9d" />
      <TestMethod codeBase="/workspace/Bliss.Tests/bin/Debug/net8.0/Bliss.Tests.dll" adapterTypeName="executor://xunit/VsTestRunner2/netcoreapp" className="Bliss.Tests.Architecture.EfModelConstraintTests" name="Campaign_placement_content_item_id_is_not_unique" />
    </UnitTest>
    <UnitTest name="Bliss.Tests.Domain.EntityDefaultTests.Advertiser_opportunity_defaults_to_active" storage="/workspace/bliss.tests/bin/debug/net8.0/bliss.tests.dll" id="bcd89933-fbb2-940a-fc52-89e4773d39c2">
      <Execution id="eaa3885f-020e-4f46-9d81-c7c694af3e4d" />
      <TestMethod codeBase="/workspace/Bliss.Tests/bin/Debug/net8.0/Bliss.Tests.dll" adapterTypeName="executor://xunit/VsTestRunner2/netcoreapp" className="Bliss.Tests.Domain.EntityDefaultTests" name="Advertiser_opportunity_defaults_to_active" />
    </UnitTest>
    <UnitTest name="Bliss.Tests.Persistence.UnknownDemographicTests.Unknown_female_percentage_remains_null_and_is_not_converted_to_zero" storage="/workspace/bliss.tests/bin/debug/net8.0/bliss.tests.dll" id="d5e41786-afb1-c9e9-5845-afc657d47df4">
      <Execution id="c1e7da2c-a1c6-4df9-8918-17fd42b2fa5a" />
      <TestMethod codeBase="/workspace/Bliss.Tests/bin/Debug/net8.0/Bliss.Tests.dll" adapterTypeName="executor://xunit/VsTestRunner2/netcoreapp" className="Bliss.Tests.Persistence.UnknownDemographicTests" name="Unknown_female_percentage_remains_null_and_is_not_converted_to_zero" />
    </UnitTest>
    <UnitTest name="Bliss.Tests.Persistence.InventoryArchitectureTests.Content_item_supports_multiple_ad_inventory_slots" storage="/workspace/bliss.tests/bin/debug/net8.0/bliss.tests.dll" id="c3dfbe6a-a06d-dc4f-838a-2f4f4892eecc">
      <Execution id="dd203da9-65ba-4dfa-b6f1-bb78fec900c6" />
      <TestMethod codeBase="/workspace/Bliss.Tests/bin/Debug/net8.0/Bliss.Tests.dll" adapterTypeName="executor://xunit/VsTestRunner2/netcoreapp" className="Bliss.Tests.Persistence.InventoryArchitectureTests" name="Content_item_supports_multiple_ad_inventory_slots" />
    </UnitTest>
    <UnitTest name="Bliss.Tests.Domain.EntityDefaultTests.Data_provenance_confidence_defaults_to_unknown" storage="/workspace/bliss.tests/bin/debug/net8.0/bliss.tests.dll" id="99fda879-3bb6-899b-c11a-6afa25c9c800">
      <Execution id="21efdca0-1514-45e3-b998-a13a32111f12" />
      <TestMethod codeBase="/workspace/Bliss.Tests/bin/Debug/net8.0/Bliss.Tests.dll" adapterTypeName="executor://xunit/VsTestRunner2/netcoreapp" className="Bliss.Tests.Domain.EntityDefaultTests" name="Data_provenance_confidence_defaults_to_unknown" />
    </UnitTest>
    <UnitTest name="Bliss.Tests.Persistence.CreatorContentArchitectureTests.Creator_supports_multiple_content_items" storage="/workspace/bliss.tests/bin/debug/net8.0/bliss.tests.dll" id="a83975d8-4228-cc55-20bb-868b6cced19d">
      <Execution id="ae3c741f-9f6d-4906-97e1-0aa70e7f1959" />
      <TestMethod codeBase="/workspace/Bliss.Tests/bin/Debug/net8.0/Bliss.Tests.dll" adapterTypeName="executor://xunit/VsTestRunner2/netcoreapp" className="Bliss.Tests.Persistence.CreatorContentArchitectureTests" name="Creator_supports_multiple_content_items" />
    </UnitTest>
    <UnitTest name="Bliss.Tests.Architecture.EfModelConstraintTests.There_is_no_direct_creator_to_advertiser_foreign_key" storage="/workspace/bliss.tests/bin/debug/net8.0/bliss.tests.dll" id="67520dfc-ef04-5805-d900-05bbc76473c5">
      <Execution id="46f75af4-0ec3-404b-9697-0425b21fd0a8" />
      <TestMethod codeBase="/workspace/Bliss.Tests/bin/Debug/net8.0/Bliss.Tests.dll" adapterTypeName="executor://xunit/VsTestRunner2/netcoreapp" className="Bliss.Tests.Architecture.EfModelConstraintTests" name="There_is_no_direct_creator_to_advertiser_foreign_key" />
    </UnitTest>
    <UnitTest name="Bliss.Tests.Architecture.ApiSurfaceTests.Phase1_read_endpoints_are_present" storage="/workspace/bliss.tests/bin/debug/net8.0/bliss.tests.dll" id="66d27266-de8f-413f-0500-3db785fae6c5">
      <Execution id="8896208b-0e7b-4ab8-b99d-c701eedd4615" />
      <TestMethod codeBase="/workspace/Bliss.Tests/bin/Debug/net8.0/Bliss.Tests.dll" adapterTypeName="executor://xunit/VsTestRunner2/netcoreapp" className="Bliss.Tests.Architecture.ApiSurfaceTests" name="Phase1_read_endpoints_are_present" />
    </UnitTest>
  </TestDefinitions>
  <TestEntries>
    <TestEntry testId="66d27266-de8f-413f-0500-3db785fae6c5" executionId="8896208b-0e7b-4ab8-b99d-c701eedd4615" testListId="8c84fa94-04c1-424b-9868-57a2d4851a1d" />
    <TestEntry testId="297cb8c0-1754-5d2e-e0f1-2a366f018a95" executionId="f65011ba-afc1-491b-9e94-45be8aec03db" testListId="8c84fa94-04c1-424b-9868-57a2d4851a1d" />
    <TestEntry testId="c50db96f-878d-d17e-e727-c48cc8150eff" executionId="9587fffb-4773-434a-8ae2-7fee16ea46ed" testListId="8c84fa94-04c1-424b-9868-57a2d4851a1d" />
    <TestEntry testId="e1fd9b8c-ba82-6cde-3208-9a5bda7c35fd" executionId="6d159249-dbb2-4e5b-b270-c0fd2f2937cc" testListId="8c84fa94-04c1-424b-9868-57a2d4851a1d" />
    <TestEntry testId="bcd89933-fbb2-940a-fc52-89e4773d39c2" executionId="eaa3885f-020e-4f46-9d81-c7c694af3e4d" testListId="8c84fa94-04c1-424b-9868-57a2d4851a1d" />
    <TestEntry testId="99fda879-3bb6-899b-c11a-6afa25c9c800" executionId="21efdca0-1514-45e3-b998-a13a32111f12" testListId="8c84fa94-04c1-424b-9868-57a2d4851a1d" />
    <TestEntry testId="0ddc4816-05ae-a087-452a-3c8559632bcd" executionId="7ce61be4-a81d-45fb-b27d-4a6267e11ae1" testListId="8c84fa94-04c1-424b-9868-57a2d4851a1d" />
    <TestEntry testId="aabaad12-1068-7e2d-7c3a-ba50f49c64cc" executionId="d7677386-b3b6-4715-9b32-7114ad9b83ee" testListId="8c84fa94-04c1-424b-9868-57a2d4851a1d" />
    <TestEntry testId="b2d61875-979d-58c0-3d13-2449d06a1c37" executionId="d90399b8-4bef-4892-ad7f-bc32b059b701" testListId="8c84fa94-04c1-424b-9868-57a2d4851a1d" />
    <TestEntry testId="67520dfc-ef04-5805-d900-05bbc76473c5" executionId="46f75af4-0ec3-404b-9697-0425b21fd0a8" testListId="8c84fa94-04c1-424b-9868-57a2d4851a1d" />
    <TestEntry testId="cc70eb97-9fa2-4393-16f1-399dcb17deac" executionId="6ab7930a-d3dc-44a5-818d-3eeec4919740" testListId="8c84fa94-04c1-424b-9868-57a2d4851a1d" />
    <TestEntry testId="a83975d8-4228-cc55-20bb-868b6cced19d" executionId="ae3c741f-9f6d-4906-97e1-0aa70e7f1959" testListId="8c84fa94-04c1-424b-9868-57a2d4851a1d" />
    <TestEntry testId="c72ca6e0-1d99-7efb-a420-53958ad1e17d" executionId="2075875b-c29c-47e5-82a4-68b5a8bd2b9d" testListId="8c84fa94-04c1-424b-9868-57a2d4851a1d" />
    <TestEntry testId="d5e41786-afb1-c9e9-5845-afc657d47df4" executionId="c1e7da2c-a1c6-4df9-8918-17fd42b2fa5a" testListId="8c84fa94-04c1-424b-9868-57a2d4851a1d" />
    <TestEntry testId="41d2316c-b8be-4ba6-9a2f-833219ceeec8" executionId="d36e9849-f702-4c9e-abea-ab958849edec" testListId="8c84fa94-04c1-424b-9868-57a2d4851a1d" />
    <TestEntry testId="ea538728-2dcf-0820-96b8-cf44ab65d900" executionId="4318bb7a-4539-4822-8113-4a1eb3fee437" testListId="8c84fa94-04c1-424b-9868-57a2d4851a1d" />
    <TestEntry testId="c3dfbe6a-a06d-dc4f-838a-2f4f4892eecc" executionId="dd203da9-65ba-4dfa-b6f1-bb78fec900c6" testListId="8c84fa94-04c1-424b-9868-57a2d4851a1d" />
    <TestEntry testId="35e70851-9287-56c9-f6ff-18f25b74fc27" executionId="fccfa908-f60a-4607-8720-7304f5bd43fd" testListId="8c84fa94-04c1-424b-9868-57a2d4851a1d" />
    <TestEntry testId="a7d83d3f-3fef-87b8-c59e-edd358ba4e8d" executionId="a375c594-7200-47c7-9316-fdde7ca5dc3a" testListId="8c84fa94-04c1-424b-9868-57a2d4851a1d" />
    <TestEntry testId="05974633-af6a-a2fd-c070-060a3061f9e7" executionId="8634bdec-cd11-4131-afea-183761d7a885" testListId="8c84fa94-04c1-424b-9868-57a2d4851a1d" />
    <TestEntry testId="01c6cd37-6e0a-ac59-fef9-9b774a637864" executionId="cfcaa617-eca5-4530-af6e-d26b339037f0" testListId="8c84fa94-04c1-424b-9868-57a2d4851a1d" />
    <TestEntry testId="2bfc8ccb-c6d1-42ea-66ae-0830cce47682" executionId="7e113551-585f-4999-9343-1947cdf345e4" testListId="8c84fa94-04c1-424b-9868-57a2d4851a1d" />
    <TestEntry testId="100dc352-f3cc-3a7d-1cfc-82d5e7a3fd66" executionId="b9434cdd-f555-4f7c-b98b-c4a5419c02b4" testListId="8c84fa94-04c1-424b-9868-57a2d4851a1d" />
  </TestEntries>
  <TestLists>
    <TestList name="Results Not in a List" id="8c84fa94-04c1-424b-9868-57a2d4851a1d" />
    <TestList name="All Loaded Results" id="19431567-8539-422a-85d7-44ee4e166bda" />
  </TestLists>
  <ResultSummary outcome="Completed">
    <Counters total="23" executed="23" passed="23" failed="0" error="0" timeout="0" aborted="0" inconclusive="0" passedButRunAborted="0" notRunnable="0" notExecuted="0" disconnected="0" warning="0" completed="0" inProgress="0" pending="0" />
    <Output>
      <StdOut>[xUnit.net 00:00:00.00] xUnit.net VSTest Adapter v2.5.3.1+6b60a9e56a (64-bit .NET 8.0.31)
[xUnit.net 00:00:00.07]   Discovering: Bliss.Tests
[xUnit.net 00:00:00.12]   Discovered:  Bliss.Tests
[xUnit.net 00:00:00.12]   Starting:    Bliss.Tests
[xUnit.net 00:00:00.98]   Finished:    Bliss.Tests
</StdOut>
    </Output>
  </ResultSummary>
</TestRun>