<?xml version="1.0" encoding="utf-8"?>
<TestRun id="51c1d3de-38df-4ca4-916e-aa614422f824" name="@cursor 2026-09-20 05:04:11" xmlns="http://microsoft.com/schemas/VisualStudio/TeamTest/2010">
  <Times creation="2026-09-20T05:04:11.9428604+00:00" queuing="2026-09-20T05:04:11.9428604+00:00" start="2026-09-20T05:04:11.4067230+00:00" finish="2026-09-20T05:04:12.6551224+00:00" />
  <TestSettings name="default" id="4eb08ea3-aa1b-4a02-8dd4-7f96d6c87dfe">
    <Deployment runDeploymentRoot="_cursor_2026-09-20_05_04_11" />
  </TestSettings>
  <Results>
    <UnitTestResult executionId="94518e84-def5-47a6-bb2a-8332b6c7c0a1" testId="c72ca6e0-1d99-7efb-a420-53958ad1e17d" testName="Bliss.Tests.Architecture.EfModelConstraintTests.Campaign_placement_content_item_id_is_not_unique" computerName="cursor" duration="00:00:00.0027631" startTime="2026-09-20T05:04:12.5940122+00:00" endTime="2026-09-20T05:04:12.5940123+00:00" testType="13cdc9d9-ddb5-4fa4-a97d-d965ccfc6d4b" outcome="Passed" testListId="8c84fa94-04c1-424b-9868-57a2d4851a1d" relativeResultsDirectory="94518e84-def5-47a6-bb2a-8332b6c7c0a1" />
    <UnitTestResult executionId="b4a721bd-61a3-46b0-929e-a59312ddd639" testId="c50db96f-878d-d17e-e727-c48cc8150eff" testName="Bliss.Tests.Architecture.EfModelConstraintTests.Female_percentage_is_nullable" computerName="cursor" duration="00:00:00.0003946" startTime="2026-09-20T05:04:12.5940800+00:00" endTime="2026-09-20T05:04:12.5940801+00:00" testType="13cdc9d9-ddb5-4fa4-a97d-d965ccfc6d4b" outcome="Passed" testListId="8c84fa94-04c1-424b-9868-57a2d4851a1d" relativeResultsDirectory="b4a721bd-61a3-46b0-929e-a59312ddd639" />
    <UnitTestResult executionId="496c9b61-225f-4e70-b6ed-cabad5c5c991" testId="100dc352-f3cc-3a7d-1cfc-82d5e7a3fd66" testName="Bliss.Tests.Persistence.CampaignPlacementArchitectureTests.Multiple_campaign_placements_can_reference_the_same_content_item" computerName="cursor" duration="00:00:00.7063713" startTime="2026-09-20T05:04:12.5705107+00:00" endTime="2026-09-20T05:04:12.5705108+00:00" testType="13cdc9d9-ddb5-4fa4-a97d-d965ccfc6d4b" outcome="Passed" testListId="8c84fa94-04c1-424b-9868-57a2d4851a1d" relativeResultsDirectory="496c9b61-225f-4e70-b6ed-cabad5c5c991" />
    <UnitTestResult executionId="44fcf64d-8c9c-4aaf-9a8b-208843f9e18e" testId="b2d61875-979d-58c0-3d13-2449d06a1c37" testName="Bliss.Tests.Persistence.DataProvenanceTests.Data_provenance_retains_source_confidence_and_collected_at" computerName="cursor" duration="00:00:00.5692885" startTime="2026-09-20T05:04:12.4650329+00:00" endTime="2026-09-20T05:04:12.4650331+00:00" testType="13cdc9d9-ddb5-4fa4-a97d-d965ccfc6d4b" outcome="Passed" testListId="8c84fa94-04c1-424b-9868-57a2d4851a1d" relativeResultsDirectory="44fcf64d-8c9c-4aaf-9a8b-208843f9e18e" />
    <UnitTestResult executionId="c046f518-5883-453a-9901-72d8cc0c5d50" testId="c3dfbe6a-a06d-dc4f-838a-2f4f4892eecc" testName="Bliss.Tests.Persistence.InventoryArchitectureTests.Content_item_supports_multiple_ad_inventory_slots" computerName="cursor" duration="00:00:00.1105592" startTime="2026-09-20T05:04:12.5763112+00:00" endTime="2026-09-20T05:04:12.5763113+00:00" testType="13cdc9d9-ddb5-4fa4-a97d-d965ccfc6d4b" outcome="Passed" testListId="8c84fa94-04c1-424b-9868-57a2d4851a1d" relativeResultsDirectory="c046f518-5883-453a-9901-72d8cc0c5d50" />
    <UnitTestResult executionId="05a04a83-ebbe-46a6-b385-2b9b6cde520d" testId="35e70851-9287-56c9-f6ff-18f25b74fc27" testName="Bliss.Tests.Domain.EntityDefaultTests.Advertiser_program_defaults_to_active" computerName="cursor" duration="00:00:00.0002174" startTime="2026-09-20T05:04:11.8806035+00:00" endTime="2026-09-20T05:04:11.8806036+00:00" testType="13cdc9d9-ddb5-4fa4-a97d-d965ccfc6d4b" outcome="Passed" testListId="8c84fa94-04c1-424b-9868-57a2d4851a1d" relativeResultsDirectory="05a04a83-ebbe-46a6-b385-2b9b6cde520d" />
    <UnitTestResult executionId="c67912cf-1fb6-459e-a01f-6f80f7ab81e6" testId="05974633-af6a-a2fd-c070-060a3061f9e7" testName="Bliss.Tests.Persistence.AccessIndependenceTests.Network_access_and_program_access_are_independent" computerName="cursor" duration="00:00:00.0231262" startTime="2026-09-20T05:04:12.5954358+00:00" endTime="2026-09-20T05:04:12.5954359+00:00" testType="13cdc9d9-ddb5-4fa4-a97d-d965ccfc6d4b" outcome="Passed" testListId="8c84fa94-04c1-424b-9868-57a2d4851a1d" relativeResultsDirectory="c67912cf-1fb6-459e-a01f-6f80f7ab81e6" />
    <UnitTestResult executionId="76c010ab-5b8e-4d0e-9053-af35ef175aef" testId="66d27266-de8f-413f-0500-3db785fae6c5" testName="Bliss.Tests.Architecture.ApiSurfaceTests.Phase1_read_endpoints_are_present" computerName="cursor" duration="00:00:00.0161997" startTime="2026-09-20T05:04:11.9135981+00:00" endTime="2026-09-20T05:04:11.9135983+00:00" testType="13cdc9d9-ddb5-4fa4-a97d-d965ccfc6d4b" outcome="Passed" testListId="8c84fa94-04c1-424b-9868-57a2d4851a1d" relativeResultsDirectory="76c010ab-5b8e-4d0e-9053-af35ef175aef" />
    <UnitTestResult executionId="1ac869d5-3c40-44b9-826e-612034597b31" testId="2bfc8ccb-c6d1-42ea-66ae-0830cce47682" testName="Bliss.Tests.Domain.EntityDefaultTests.Ad_inventory_slot_defaults_to_available" computerName="cursor" duration="00:00:00.0001887" startTime="2026-09-20T05:04:11.8806684+00:00" endTime="2026-09-20T05:04:11.8806684+00:00" testType="13cdc9d9-ddb5-4fa4-a97d-d965ccfc6d4b" outcome="Passed" testListId="8c84fa94-04c1-424b-9868-57a2d4851a1d" relativeResultsDirectory="1ac869d5-3c40-44b9-826e-612034597b31" />
    <UnitTestResult executionId="806d86e0-5932-4118-a8c0-bc7462e36049" testId="a7d83d3f-3fef-87b8-c59e-edd358ba4e8d" testName="Bliss.Tests.Architecture.EfModelConstraintTests.Bliss_match_creator_id_is_not_unique" computerName="cursor" duration="00:00:00.0056593" startTime="2026-09-20T05:04:12.5954178+00:00" endTime="2026-09-20T05:04:12.5954179+00:00" testType="13cdc9d9-ddb5-4fa4-a97d-d965ccfc6d4b" outcome="Passed" testListId="8c84fa94-04c1-424b-9868-57a2d4851a1d" relativeResultsDirectory="806d86e0-5932-4118-a8c0-bc7462e36049" />
    <UnitTestResult executionId="08155d08-7964-415d-8a19-787b62fbd7ef" testId="41d2316c-b8be-4ba6-9a2f-833219ceeec8" testName="Bliss.Tests.Persistence.BlissMatchArchitectureTests.New_bliss_match_does_not_overwrite_another_valid_match" computerName="cursor" duration="00:00:00.0079893" startTime="2026-09-20T05:04:12.5940326+00:00" endTime="2026-09-20T05:04:12.5940326+00:00" testType="13cdc9d9-ddb5-4fa4-a97d-d965ccfc6d4b" outcome="Passed" testListId="8c84fa94-04c1-424b-9868-57a2d4851a1d" relativeResultsDirectory="08155d08-7964-415d-8a19-787b62fbd7ef" />
    <UnitTestResult executionId="78dd8c5a-c4e8-41bc-8385-03e8989e20cd" testId="e1fd9b8c-ba82-6cde-3208-9a5bda7c35fd" testName="Bliss.Tests.Persistence.SeedDataTests.Phase1_seed_creates_required_graph" computerName="cursor" duration="00:00:00.7444702" startTime="2026-09-20T05:04:12.6087046+00:00" endTime="2026-09-20T05:04:12.6087047+00:00" testType="13cdc9d9-ddb5-4fa4-a97d-d965ccfc6d4b" outcome="Passed" testListId="8c84fa94-04c1-424b-9868-57a2d4851a1d" relativeResultsDirectory="78dd8c5a-c4e8-41bc-8385-03e8989e20cd" />
    <UnitTestResult executionId="c409a24a-06f1-45a8-bf06-c65f295ba766" testId="a83975d8-4228-cc55-20bb-868b6cced19d" testName="Bliss.Tests.Persistence.CreatorContentArchitectureTests.Creator_supports_multiple_content_items" computerName="cursor" duration="00:00:00.0070887" startTime="2026-09-20T05:04:12.5954531+00:00" endTime="2026-09-20T05:04:12.5954531+00:00" testType="13cdc9d9-ddb5-4fa4-a97d-d965ccfc6d4b" outcome="Passed" testListId="8c84fa94-04c1-424b-9868-57a2d4851a1d" relativeResultsDirectory="c409a24a-06f1-45a8-bf06-c65f295ba766" />
    <UnitTestResult executionId="87132dd2-c569-4a89-a842-c42bc1d24701" testId="67520dfc-ef04-5805-d900-05bbc76473c5" testName="Bliss.Tests.Architecture.EfModelConstraintTests.There_is_no_direct_creator_to_advertiser_foreign_key" computerName="cursor" duration="00:00:00.0006457" startTime="2026-09-20T05:04:12.5940614+00:00" endTime="2026-09-20T05:04:12.5940615+00:00" testType="13cdc9d9-ddb5-4fa4-a97d-d965ccfc6d4b" outcome="Passed" testListId="8c84fa94-04c1-424b-9868-57a2d4851a1d" relativeResultsDirectory="87132dd2-c569-4a89-a842-c42bc1d24701" />
    <UnitTestResult executionId="081305df-7640-4d1b-bce7-11acb0106044" testId="cc70eb97-9fa2-4393-16f1-399dcb17deac" testName="Bliss.Tests.Architecture.EfModelConstraintTests.Required_foreign_key_indexes_exist" computerName="cursor" duration="00:00:00.0018035" startTime="2026-09-20T05:04:12.5939807+00:00" endTime="2026-09-20T05:04:12.5939808+00:00" testType="13cdc9d9-ddb5-4fa4-a97d-d965ccfc6d4b" outcome="Passed" testListId="8c84fa94-04c1-424b-9868-57a2d4851a1d" relativeResultsDirectory="081305df-7640-4d1b-bce7-11acb0106044" />
    <UnitTestResult executionId="f4128b84-bdcf-4510-a23c-9241e182bd69" testId="d5e41786-afb1-c9e9-5845-afc657d47df4" testName="Bliss.Tests.Persistence.UnknownDemographicTests.Unknown_female_percentage_remains_null_and_is_not_converted_to_zero" computerName="cursor" duration="00:00:00.0108653" startTime="2026-09-20T05:04:12.5834175+00:00" endTime="2026-09-20T05:04:12.5834176+00:00" testType="13cdc9d9-ddb5-4fa4-a97d-d965ccfc6d4b" outcome="Passed" testListId="8c84fa94-04c1-424b-9868-57a2d4851a1d" relativeResultsDirectory="f4128b84-bdcf-4510-a23c-9241e182bd69" />
    <UnitTestResult executionId="44ab3cba-7691-411a-8492-b68071aabcb4" testId="ea538728-2dcf-0820-96b8-cf44ab65d900" testName="Bliss.Tests.Domain.EntityDefaultTests.Network_and_program_access_default_to_unknown_independently" computerName="cursor" duration="00:00:00.0001844" startTime="2026-09-20T05:04:11.8806269+00:00" endTime="2026-09-20T05:04:11.8806269+00:00" testType="13cdc9d9-ddb5-4fa4-a97d-d965ccfc6d4b" outcome="Passed" testListId="8c84fa94-04c1-424b-9868-57a2d4851a1d" relativeResultsDirectory="44ab3cba-7691-411a-8492-b68071aabcb4" />
    <UnitTestResult executionId="5e52d628-4b08-47d4-af84-e3b5eacd1e8e" testId="aabaad12-1068-7e2d-7c3a-ba50f49c64cc" testName="Bliss.Tests.Persistence.HistoricalRuleVersionTests.Historical_bliss_match_preserves_original_rule_version" computerName="cursor" duration="00:00:00.7072010" startTime="2026-09-20T05:04:12.5712838+00:00" endTime="2026-09-20T05:04:12.5712840+00:00" testType="13cdc9d9-ddb5-4fa4-a97d-d965ccfc6d4b" outcome="Passed" testListId="8c84fa94-04c1-424b-9868-57a2d4851a1d" relativeResultsDirectory="5e52d628-4b08-47d4-af84-e3b5eacd1e8e" />
    <UnitTestResult executionId="0d3a0c21-6ca9-46f8-a74c-632bf046edab" testId="297cb8c0-1754-5d2e-e0f1-2a366f018a95" testName="Bliss.Tests.Persistence.BlissMatchArchitectureTests.Creator_supports_multiple_simultaneous_bliss_matches_without_uniqueness_violation" computerName="cursor" duration="00:00:00.0044860" startTime="2026-09-20T05:04:12.5802964+00:00" endTime="2026-09-20T05:04:12.5802965+00:00" testType="13cdc9d9-ddb5-4fa4-a97d-d965ccfc6d4b" outcome="Passed" testListId="8c84fa94-04c1-424b-9868-57a2d4851a1d" relativeResultsDirectory="0d3a0c21-6ca9-46f8-a74c-632bf046edab" />
    <UnitTestResult executionId="bbe9615a-bb37-47cb-bf97-bf79203d9b41" testId="0ddc4816-05ae-a087-452a-3c8559632bcd" testName="Bliss.Tests.Architecture.EfModelConstraintTests.Major_relationships_use_restrict_delete_behavior" computerName="cursor" duration="00:00:00.0010832" startTime="2026-09-20T05:04:12.5965474+00:00" endTime="2026-09-20T05:04:12.5965475+00:00" testType="13cdc9d9-ddb5-4fa4-a97d-d965ccfc6d4b" outcome="Passed" testListId="8c84fa94-04c1-424b-9868-57a2d4851a1d" relativeResultsDirectory="bbe9615a-bb37-47cb-bf97-bf79203d9b41" />
    <UnitTestResult executionId="a0b9ffde-0643-4ab7-921e-4f2d01008127" testId="99fda879-3bb6-899b-c11a-6afa25c9c800" testName="Bliss.Tests.Domain.EntityDefaultTests.Data_provenance_confidence_defaults_to_unknown" computerName="cursor" duration="00:00:00.0029449" startTime="2026-09-20T05:04:11.8691862+00:00" endTime="2026-09-20T05:04:11.8692343+00:00" testType="13cdc9d9-ddb5-4fa4-a97d-d965ccfc6d4b" outcome="Passed" testListId="8c84fa94-04c1-424b-9868-57a2d4851a1d" relativeResultsDirectory="a0b9ffde-0643-4ab7-921e-4f2d01008127" />
    <UnitTestResult executionId="7b14825b-c276-42e5-acc4-752740ebf456" testId="01c6cd37-6e0a-ac59-fef9-9b774a637864" testName="Bliss.Tests.Domain.EntityDefaultTests.Bliss_match_defaults_to_created" computerName="cursor" duration="00:00:00.0002545" startTime="2026-09-20T05:04:11.8803187+00:00" endTime="2026-09-20T05:04:11.8803189+00:00" testType="13cdc9d9-ddb5-4fa4-a97d-d965ccfc6d4b" outcome="Passed" testListId="8c84fa94-04c1-424b-9868-57a2d4851a1d" relativeResultsDirectory="7b14825b-c276-42e5-acc4-752740ebf456" />
    <UnitTestResult executionId="7f6d520f-5421-45b3-8f4d-3721bf5498c0" testId="bcd89933-fbb2-940a-fc52-89e4773d39c2" testName="Bliss.Tests.Domain.EntityDefaultTests.Advertiser_opportunity_defaults_to_active" computerName="cursor" duration="00:00:00.0001097" startTime="2026-09-20T05:04:11.8806443+00:00" endTime="2026-09-20T05:04:11.8806444+00:00" testType="13cdc9d9-ddb5-4fa4-a97d-d965ccfc6d4b" outcome="Passed" testListId="8c84fa94-04c1-424b-9868-57a2d4851a1d" relativeResultsDirectory="7f6d520f-5421-45b3-8f4d-3721bf5498c0" />
  </Results>
  <TestDefinitions>
    <UnitTest name="Bliss.Tests.Persistence.SeedDataTests.Phase1_seed_creates_required_graph" storage="/workspace/bliss.tests/bin/debug/net8.0/bliss.tests.dll" id="e1fd9b8c-ba82-6cde-3208-9a5bda7c35fd">
      <Execution id="78dd8c5a-c4e8-41bc-8385-03e8989e20cd" />
      <TestMethod codeBase="/workspace/Bliss.Tests/bin/Debug/net8.0/Bliss.Tests.dll" adapterTypeName="executor://xunit/VsTestRunner2/netcoreapp" className="Bliss.Tests.Persistence.SeedDataTests" name="Phase1_seed_creates_required_graph" />
    </UnitTest>
    <UnitTest name="Bliss.Tests.Persistence.BlissMatchArchitectureTests.Creator_supports_multiple_simultaneous_bliss_matches_without_uniqueness_violation" storage="/workspace/bliss.tests/bin/debug/net8.0/bliss.tests.dll" id="297cb8c0-1754-5d2e-e0f1-2a366f018a95">
      <Execution id="0d3a0c21-6ca9-46f8-a74c-632bf046edab" />
      <TestMethod codeBase="/workspace/Bliss.Tests/bin/Debug/net8.0/Bliss.Tests.dll" adapterTypeName="executor://xunit/VsTestRunner2/netcoreapp" className="Bliss.Tests.Persistence.BlissMatchArchitectureTests" name="Creator_supports_multiple_simultaneous_bliss_matches_without_uniqueness_violation" />
    </UnitTest>
    <UnitTest name="Bliss.Tests.Domain.EntityDefaultTests.Ad_inventory_slot_defaults_to_available" storage="/workspace/bliss.tests/bin/debug/net8.0/bliss.tests.dll" id="2bfc8ccb-c6d1-42ea-66ae-0830cce47682">
      <Execution id="1ac869d5-3c40-44b9-826e-612034597b31" />
      <TestMethod codeBase="/workspace/Bliss.Tests/bin/Debug/net8.0/Bliss.Tests.dll" adapterTypeName="executor://xunit/VsTestRunner2/netcoreapp" className="Bliss.Tests.Domain.EntityDefaultTests" name="Ad_inventory_slot_defaults_to_available" />
    </UnitTest>
    <UnitTest name="Bliss.Tests.Domain.EntityDefaultTests.Advertiser_program_defaults_to_active" storage="/workspace/bliss.tests/bin/debug/net8.0/bliss.tests.dll" id="35e70851-9287-56c9-f6ff-18f25b74fc27">
      <Execution id="05a04a83-ebbe-46a6-b385-2b9b6cde520d" />
      <TestMethod codeBase="/workspace/Bliss.Tests/bin/Debug/net8.0/Bliss.Tests.dll" adapterTypeName="executor://xunit/VsTestRunner2/netcoreapp" className="Bliss.Tests.Domain.EntityDefaultTests" name="Advertiser_program_defaults_to_active" />
    </UnitTest>
    <UnitTest name="Bliss.Tests.Persistence.DataProvenanceTests.Data_provenance_retains_source_confidence_and_collected_at" storage="/workspace/bliss.tests/bin/debug/net8.0/bliss.tests.dll" id="b2d61875-979d-58c0-3d13-2449d06a1c37">
      <Execution id="44fcf64d-8c9c-4aaf-9a8b-208843f9e18e" />
      <TestMethod codeBase="/workspace/Bliss.Tests/bin/Debug/net8.0/Bliss.Tests.dll" adapterTypeName="executor://xunit/VsTestRunner2/netcoreapp" className="Bliss.Tests.Persistence.DataProvenanceTests" name="Data_provenance_retains_source_confidence_and_collected_at" />
    </UnitTest>
    <UnitTest name="Bliss.Tests.Architecture.EfModelConstraintTests.Female_percentage_is_nullable" storage="/workspace/bliss.tests/bin/debug/net8.0/bliss.tests.dll" id="c50db96f-878d-d17e-e727-c48cc8150eff">
      <Execution id="b4a721bd-61a3-46b0-929e-a59312ddd639" />
      <TestMethod codeBase="/workspace/Bliss.Tests/bin/Debug/net8.0/Bliss.Tests.dll" adapterTypeName="executor://xunit/VsTestRunner2/netcoreapp" className="Bliss.Tests.Architecture.EfModelConstraintTests" name="Female_percentage_is_nullable" />
    </UnitTest>
    <UnitTest name="Bliss.Tests.Architecture.EfModelConstraintTests.Major_relationships_use_restrict_delete_behavior" storage="/workspace/bliss.tests/bin/debug/net8.0/bliss.tests.dll" id="0ddc4816-05ae-a087-452a-3c8559632bcd">
      <Execution id="bbe9615a-bb37-47cb-bf97-bf79203d9b41" />
      <TestMethod codeBase="/workspace/Bliss.Tests/bin/Debug/net8.0/Bliss.Tests.dll" adapterTypeName="executor://xunit/VsTestRunner2/netcoreapp" className="Bliss.Tests.Architecture.EfModelConstraintTests" name="Major_relationships_use_restrict_delete_behavior" />
    </UnitTest>
    <UnitTest name="Bliss.Tests.Architecture.EfModelConstraintTests.Bliss_match_creator_id_is_not_unique" storage="/workspace/bliss.tests/bin/debug/net8.0/bliss.tests.dll" id="a7d83d3f-3fef-87b8-c59e-edd358ba4e8d">
      <Execution id="806d86e0-5932-4118-a8c0-bc7462e36049" />
      <TestMethod codeBase="/workspace/Bliss.Tests/bin/Debug/net8.0/Bliss.Tests.dll" adapterTypeName="executor://xunit/VsTestRunner2/netcoreapp" className="Bliss.Tests.Architecture.EfModelConstraintTests" name="Bliss_match_creator_id_is_not_unique" />
    </UnitTest>
    <UnitTest name="Bliss.Tests.Persistence.HistoricalRuleVersionTests.Historical_bliss_match_preserves_original_rule_version" storage="/workspace/bliss.tests/bin/debug/net8.0/bliss.tests.dll" id="aabaad12-1068-7e2d-7c3a-ba50f49c64cc">
      <Execution id="5e52d628-4b08-47d4-af84-e3b5eacd1e8e" />
      <TestMethod codeBase="/workspace/Bliss.Tests/bin/Debug/net8.0/Bliss.Tests.dll" adapterTypeName="executor://xunit/VsTestRunner2/netcoreapp" className="Bliss.Tests.Persistence.HistoricalRuleVersionTests" name="Historical_bliss_match_preserves_original_rule_version" />
    </UnitTest>
    <UnitTest name="Bliss.Tests.Domain.EntityDefaultTests.Bliss_match_defaults_to_created" storage="/workspace/bliss.tests/bin/debug/net8.0/bliss.tests.dll" id="01c6cd37-6e0a-ac59-fef9-9b774a637864">
      <Execution id="7b14825b-c276-42e5-acc4-752740ebf456" />
      <TestMethod codeBase="/workspace/Bliss.Tests/bin/Debug/net8.0/Bliss.Tests.dll" adapterTypeName="executor://xunit/VsTestRunner2/netcoreapp" className="Bliss.Tests.Domain.EntityDefaultTests" name="Bliss_match_defaults_to_created" />
    </UnitTest>
    <UnitTest name="Bliss.Tests.Domain.EntityDefaultTests.Network_and_program_access_default_to_unknown_independently" storage="/workspace/bliss.tests/bin/debug/net8.0/bliss.tests.dll" id="ea538728-2dcf-0820-96b8-cf44ab65d900">
      <Execution id="44ab3cba-7691-411a-8492-b68071aabcb4" />
      <TestMethod codeBase="/workspace/Bliss.Tests/bin/Debug/net8.0/Bliss.Tests.dll" adapterTypeName="executor://xunit/VsTestRunner2/netcoreapp" className="Bliss.Tests.Domain.EntityDefaultTests" name="Network_and_program_access_default_to_unknown_independently" />
    </UnitTest>
    <UnitTest name="Bliss.Tests.Persistence.AccessIndependenceTests.Network_access_and_program_access_are_independent" storage="/workspace/bliss.tests/bin/debug/net8.0/bliss.tests.dll" id="05974633-af6a-a2fd-c070-060a3061f9e7">
      <Execution id="c67912cf-1fb6-459e-a01f-6f80f7ab81e6" />
      <TestMethod codeBase="/workspace/Bliss.Tests/bin/Debug/net8.0/Bliss.Tests.dll" adapterTypeName="executor://xunit/VsTestRunner2/netcoreapp" className="Bliss.Tests.Persistence.AccessIndependenceTests" name="Network_access_and_program_access_are_independent" />
    </UnitTest>
    <UnitTest name="Bliss.Tests.Persistence.BlissMatchArchitectureTests.New_bliss_match_does_not_overwrite_another_valid_match" storage="/workspace/bliss.tests/bin/debug/net8.0/bliss.tests.dll" id="41d2316c-b8be-4ba6-9a2f-833219ceeec8">
      <Execution id="08155d08-7964-415d-8a19-787b62fbd7ef" />
      <TestMethod codeBase="/workspace/Bliss.Tests/bin/Debug/net8.0/Bliss.Tests.dll" adapterTypeName="executor://xunit/VsTestRunner2/netcoreapp" className="Bliss.Tests.Persistence.BlissMatchArchitectureTests" name="New_bliss_match_does_not_overwrite_another_valid_match" />
    </UnitTest>
    <UnitTest name="Bliss.Tests.Persistence.CampaignPlacementArchitectureTests.Multiple_campaign_placements_can_reference_the_same_content_item" storage="/workspace/bliss.tests/bin/debug/net8.0/bliss.tests.dll" id="100dc352-f3cc-3a7d-1cfc-82d5e7a3fd66">
      <Execution id="496c9b61-225f-4e70-b6ed-cabad5c5c991" />
      <TestMethod codeBase="/workspace/Bliss.Tests/bin/Debug/net8.0/Bliss.Tests.dll" adapterTypeName="executor://xunit/VsTestRunner2/netcoreapp" className="Bliss.Tests.Persistence.CampaignPlacementArchitectureTests" name="Multiple_campaign_placements_can_reference_the_same_content_item" />
    </UnitTest>
    <UnitTest name="Bliss.Tests.Architecture.EfModelConstraintTests.Required_foreign_key_indexes_exist" storage="/workspace/bliss.tests/bin/debug/net8.0/bliss.tests.dll" id="cc70eb97-9fa2-4393-16f1-399dcb17deac">
      <Execution id="081305df-7640-4d1b-bce7-11acb0106044" />
      <TestMethod codeBase="/workspace/Bliss.Tests/bin/Debug/net8.0/Bliss.Tests.dll" adapterTypeName="executor://xunit/VsTestRunner2/netcoreapp" className="Bliss.Tests.Architecture.EfModelConstraintTests" name="Required_foreign_key_indexes_exist" />
    </UnitTest>
    <UnitTest name="Bliss.Tests.Architecture.EfModelConstraintTests.Campaign_placement_content_item_id_is_not_unique" storage="/workspace/bliss.tests/bin/debug/net8.0/bliss.tests.dll" id="c72ca6e0-1d99-7efb-a420-53958ad1e17d">
      <Execution id="94518e84-def5-47a6-bb2a-8332b6c7c0a1" />
      <TestMethod codeBase="/workspace/Bliss.Tests/bin/Debug/net8.0/Bliss.Tests.dll" adapterTypeName="executor://xunit/VsTestRunner2/netcoreapp" className="Bliss.Tests.Architecture.EfModelConstraintTests" name="Campaign_placement_content_item_id_is_not_unique" />
    </UnitTest>
    <UnitTest name="Bliss.Tests.Domain.EntityDefaultTests.Advertiser_opportunity_defaults_to_active" storage="/workspace/bliss.tests/bin/debug/net8.0/bliss.tests.dll" id="bcd89933-fbb2-940a-fc52-89e4773d39c2">
      <Execution id="7f6d520f-5421-45b3-8f4d-3721bf5498c0" />
      <TestMethod codeBase="/workspace/Bliss.Tests/bin/Debug/net8.0/Bliss.Tests.dll" adapterTypeName="executor://xunit/VsTestRunner2/netcoreapp" className="Bliss.Tests.Domain.EntityDefaultTests" name="Advertiser_opportunity_defaults_to_active" />
    </UnitTest>
    <UnitTest name="Bliss.Tests.Persistence.UnknownDemographicTests.Unknown_female_percentage_remains_null_and_is_not_converted_to_zero" storage="/workspace/bliss.tests/bin/debug/net8.0/bliss.tests.dll" id="d5e41786-afb1-c9e9-5845-afc657d47df4">
      <Execution id="f4128b84-bdcf-4510-a23c-9241e182bd69" />
      <TestMethod codeBase="/workspace/Bliss.Tests/bin/Debug/net8.0/Bliss.Tests.dll" adapterTypeName="executor://xunit/VsTestRunner2/netcoreapp" className="Bliss.Tests.Persistence.UnknownDemographicTests" name="Unknown_female_percentage_remains_null_and_is_not_converted_to_zero" />
    </UnitTest>
    <UnitTest name="Bliss.Tests.Persistence.CreatorContentArchitectureTests.Creator_supports_multiple_content_items" storage="/workspace/bliss.tests/bin/debug/net8.0/bliss.tests.dll" id="a83975d8-4228-cc55-20bb-868b6cced19d">
      <Execution id="c409a24a-06f1-45a8-bf06-c65f295ba766" />
      <TestMethod codeBase="/workspace/Bliss.Tests/bin/Debug/net8.0/Bliss.Tests.dll" adapterTypeName="executor://xunit/VsTestRunner2/netcoreapp" className="Bliss.Tests.Persistence.CreatorContentArchitectureTests" name="Creator_supports_multiple_content_items" />
    </UnitTest>
    <UnitTest name="Bliss.Tests.Persistence.InventoryArchitectureTests.Content_item_supports_multiple_ad_inventory_slots" storage="/workspace/bliss.tests/bin/debug/net8.0/bliss.tests.dll" id="c3dfbe6a-a06d-dc4f-838a-2f4f4892eecc">
      <Execution id="c046f518-5883-453a-9901-72d8cc0c5d50" />
      <TestMethod codeBase="/workspace/Bliss.Tests/bin/Debug/net8.0/Bliss.Tests.dll" adapterTypeName="executor://xunit/VsTestRunner2/netcoreapp" className="Bliss.Tests.Persistence.InventoryArchitectureTests" name="Content_item_supports_multiple_ad_inventory_slots" />
    </UnitTest>
    <UnitTest name="Bliss.Tests.Domain.EntityDefaultTests.Data_provenance_confidence_defaults_to_unknown" storage="/workspace/bliss.tests/bin/debug/net8.0/bliss.tests.dll" id="99fda879-3bb6-899b-c11a-6afa25c9c800">
      <Execution id="a0b9ffde-0643-4ab7-921e-4f2d01008127" />
      <TestMethod codeBase="/workspace/Bliss.Tests/bin/Debug/net8.0/Bliss.Tests.dll" adapterTypeName="executor://xunit/VsTestRunner2/netcoreapp" className="Bliss.Tests.Domain.EntityDefaultTests" name="Data_provenance_confidence_defaults_to_unknown" />
    </UnitTest>
    <UnitTest name="Bliss.Tests.Architecture.EfModelConstraintTests.There_is_no_direct_creator_to_advertiser_foreign_key" storage="/workspace/bliss.tests/bin/debug/net8.0/bliss.tests.dll" id="67520dfc-ef04-5805-d900-05bbc76473c5">
      <Execution id="87132dd2-c569-4a89-a842-c42bc1d24701" />
      <TestMethod codeBase="/workspace/Bliss.Tests/bin/Debug/net8.0/Bliss.Tests.dll" adapterTypeName="executor://xunit/VsTestRunner2/netcoreapp" className="Bliss.Tests.Architecture.EfModelConstraintTests" name="There_is_no_direct_creator_to_advertiser_foreign_key" />
    </UnitTest>
    <UnitTest name="Bliss.Tests.Architecture.ApiSurfaceTests.Phase1_read_endpoints_are_present" storage="/workspace/bliss.tests/bin/debug/net8.0/bliss.tests.dll" id="66d27266-de8f-413f-0500-3db785fae6c5">
      <Execution id="76c010ab-5b8e-4d0e-9053-af35ef175aef" />
      <TestMethod codeBase="/workspace/Bliss.Tests/bin/Debug/net8.0/Bliss.Tests.dll" adapterTypeName="executor://xunit/VsTestRunner2/netcoreapp" className="Bliss.Tests.Architecture.ApiSurfaceTests" name="Phase1_read_endpoints_are_present" />
    </UnitTest>
  </TestDefinitions>
  <TestEntries>
    <TestEntry testId="c72ca6e0-1d99-7efb-a420-53958ad1e17d" executionId="94518e84-def5-47a6-bb2a-8332b6c7c0a1" testListId="8c84fa94-04c1-424b-9868-57a2d4851a1d" />
    <TestEntry testId="c50db96f-878d-d17e-e727-c48cc8150eff" executionId="b4a721bd-61a3-46b0-929e-a59312ddd639" testListId="8c84fa94-04c1-424b-9868-57a2d4851a1d" />
    <TestEntry testId="100dc352-f3cc-3a7d-1cfc-82d5e7a3fd66" executionId="496c9b61-225f-4e70-b6ed-cabad5c5c991" testListId="8c84fa94-04c1-424b-9868-57a2d4851a1d" />
    <TestEntry testId="b2d61875-979d-58c0-3d13-2449d06a1c37" executionId="44fcf64d-8c9c-4aaf-9a8b-208843f9e18e" testListId="8c84fa94-04c1-424b-9868-57a2d4851a1d" />
    <TestEntry testId="c3dfbe6a-a06d-dc4f-838a-2f4f4892eecc" executionId="c046f518-5883-453a-9901-72d8cc0c5d50" testListId="8c84fa94-04c1-424b-9868-57a2d4851a1d" />
    <TestEntry testId="35e70851-9287-56c9-f6ff-18f25b74fc27" executionId="05a04a83-ebbe-46a6-b385-2b9b6cde520d" testListId="8c84fa94-04c1-424b-9868-57a2d4851a1d" />
    <TestEntry testId="05974633-af6a-a2fd-c070-060a3061f9e7" executionId="c67912cf-1fb6-459e-a01f-6f80f7ab81e6" testListId="8c84fa94-04c1-424b-9868-57a2d4851a1d" />
    <TestEntry testId="66d27266-de8f-413f-0500-3db785fae6c5" executionId="76c010ab-5b8e-4d0e-9053-af35ef175aef" testListId="8c84fa94-04c1-424b-9868-57a2d4851a1d" />
    <TestEntry testId="2bfc8ccb-c6d1-42ea-66ae-0830cce47682" executionId="1ac869d5-3c40-44b9-826e-612034597b31" testListId="8c84fa94-04c1-424b-9868-57a2d4851a1d" />
    <TestEntry testId="a7d83d3f-3fef-87b8-c59e-edd358ba4e8d" executionId="806d86e0-5932-4118-a8c0-bc7462e36049" testListId="8c84fa94-04c1-424b-9868-57a2d4851a1d" />
    <TestEntry testId="41d2316c-b8be-4ba6-9a2f-833219ceeec8" executionId="08155d08-7964-415d-8a19-787b62fbd7ef" testListId="8c84fa94-04c1-424b-9868-57a2d4851a1d" />
    <TestEntry testId="e1fd9b8c-ba82-6cde-3208-9a5bda7c35fd" executionId="78dd8c5a-c4e8-41bc-8385-03e8989e20cd" testListId="8c84fa94-04c1-424b-9868-57a2d4851a1d" />
    <TestEntry testId="a83975d8-4228-cc55-20bb-868b6cced19d" executionId="c409a24a-06f1-45a8-bf06-c65f295ba766" testListId="8c84fa94-04c1-424b-9868-57a2d4851a1d" />
    <TestEntry testId="67520dfc-ef04-5805-d900-05bbc76473c5" executionId="87132dd2-c569-4a89-a842-c42bc1d24701" testListId="8c84fa94-04c1-424b-9868-57a2d4851a1d" />
    <TestEntry testId="cc70eb97-9fa2-4393-16f1-399dcb17deac" executionId="081305df-7640-4d1b-bce7-11acb0106044" testListId="8c84fa94-04c1-424b-9868-57a2d4851a1d" />
    <TestEntry testId="d5e41786-afb1-c9e9-5845-afc657d47df4" executionId="f4128b84-bdcf-4510-a23c-9241e182bd69" testListId="8c84fa94-04c1-424b-9868-57a2d4851a1d" />
    <TestEntry testId="ea538728-2dcf-0820-96b8-cf44ab65d900" executionId="44ab3cba-7691-411a-8492-b68071aabcb4" testListId="8c84fa94-04c1-424b-9868-57a2d4851a1d" />
    <TestEntry testId="aabaad12-1068-7e2d-7c3a-ba50f49c64cc" executionId="5e52d628-4b08-47d4-af84-e3b5eacd1e8e" testListId="8c84fa94-04c1-424b-9868-57a2d4851a1d" />
    <TestEntry testId="297cb8c0-1754-5d2e-e0f1-2a366f018a95" executionId="0d3a0c21-6ca9-46f8-a74c-632bf046edab" testListId="8c84fa94-04c1-424b-9868-57a2d4851a1d" />
    <TestEntry testId="0ddc4816-05ae-a087-452a-3c8559632bcd" executionId="bbe9615a-bb37-47cb-bf97-bf79203d9b41" testListId="8c84fa94-04c1-424b-9868-57a2d4851a1d" />
    <TestEntry testId="99fda879-3bb6-899b-c11a-6afa25c9c800" executionId="a0b9ffde-0643-4ab7-921e-4f2d01008127" testListId="8c84fa94-04c1-424b-9868-57a2d4851a1d" />
    <TestEntry testId="01c6cd37-6e0a-ac59-fef9-9b774a637864" executionId="7b14825b-c276-42e5-acc4-752740ebf456" testListId="8c84fa94-04c1-424b-9868-57a2d4851a1d" />
    <TestEntry testId="bcd89933-fbb2-940a-fc52-89e4773d39c2" executionId="7f6d520f-5421-45b3-8f4d-3721bf5498c0" testListId="8c84fa94-04c1-424b-9868-57a2d4851a1d" />
  </TestEntries>
  <TestLists>
    <TestList name="Results Not in a List" id="8c84fa94-04c1-424b-9868-57a2d4851a1d" />
    <TestList name="All Loaded Results" id="19431567-8539-422a-85d7-44ee4e166bda" />
  </TestLists>
  <ResultSummary outcome="Completed">
    <Counters total="23" executed="23" passed="23" failed="0" error="0" timeout="0" aborted="0" inconclusive="0" passedButRunAborted="0" notRunnable="0" notExecuted="0" disconnected="0" warning="0" completed="0" inProgress="0" pending="0" />
    <Output>
      <StdOut>[xUnit.net 00:00:00.00] xUnit.net VSTest Adapter v2.5.3.1+6b60a9e56a (64-bit .NET 8.0.31)
[xUnit.net 00:00:00.07]   Discovering: Bliss.Tests
[xUnit.net 00:00:00.10]   Discovered:  Bliss.Tests
[xUnit.net 00:00:00.10]   Starting:    Bliss.Tests
[xUnit.net 00:00:00.88]   Finished:    Bliss.Tests
</StdOut>
    </Output>
  </ResultSummary>
</TestRun>